2026-03-11 02:38:13,580 [INFO] 
════════════════════════════════════════════════════════════
2026-03-11 02:38:13,580 [INFO]   PDF Extractor — PRODUCTION
2026-03-11 02:38:13,580 [INFO] ════════════════════════════════════════════════════════════
2026-03-11 02:38:13,586 [INFO]   20 articles à traiter
2026-03-11 02:38:13,586 [INFO] 
  [1/20] 2025 | Hridoy Mahmudul Bari, Allen Linda J S...
2026-03-11 02:38:13,586 [INFO]     Investigating seasonal disease emergence and extinction in stochastic epidemic m...
2026-03-11 02:38:17,208 [INFO]     ✓ PDF téléchargé (983 Ko)
2026-03-11 02:38:19,492 [INFO]     → formalism=RENEWAL_EQUATION | params=1 | geos=[] | confidence=0.60
2026-03-11 02:38:20,002 [INFO] 
  [2/20] 2025 | Cao Jianping, Ling Lin...
2026-03-11 02:38:20,002 [INFO]     miRNA-GABA influences female Aedes aegypti reproduction by modulating midgut hom...
2026-03-11 02:38:22,324 [INFO]     ✓ PDF téléchargé (6060 Ko)
2026-03-11 02:38:25,874 [INFO]     → formalism=ABM | params=0 | geos=['Chine', 'États-Unis'] | confidence=0.70
2026-03-11 02:38:26,383 [INFO] 
  [3/20] 2025 | Adeoye Matthew, Didelot Xavier, Spencer ...
2026-03-11 02:38:26,383 [INFO]     Bayesian spatio-temporal modelling for infectious disease outbreak detection....
2026-03-11 02:38:31,538 [INFO]     ⚠️  PDF non téléchargeable — extraction depuis abstract
2026-03-11 02:38:31,545 [INFO]     → formalism=BAYESIAN | params=0 | geos=[] | confidence=0.50
2026-03-11 02:38:32,048 [INFO] 
  [4/20] 2024 | Saade Masoud, Ghosh Samiran, Banerjee Ma...
2026-03-11 02:38:32,049 [INFO]     Delay epidemic models determined by latency, infection, and immunity duration....
2026-03-11 02:38:35,639 [INFO]     ✓ PDF téléchargé (10700 Ko)
2026-03-11 02:38:37,745 [INFO]     → formalism=SEIR | params=0 | geos=['Chine'] | confidence=0.70
2026-03-11 02:38:38,254 [INFO] 
  [5/20] 2024 | Zhang Xu-Sheng, Mandal Sema, Mohammed Ha...
2026-03-11 02:38:38,254 [INFO]     Transmission dynamics and effect of control measures on the 2022 outbreak of mpo...
2026-03-11 02:38:41,062 [INFO]     ✓ PDF téléchargé (1053 Ko)
2026-03-11 02:38:44,290 [INFO]     → formalism=NETWORK | params=1 | geos=['Royaume-Uni'] | confidence=0.80
2026-03-11 02:38:44,797 [INFO] 
  [6/20] 2024 | Houben R M A C, Newton J R, van Maanen C...
2026-03-11 02:38:44,798 [INFO]     Untangling the stranglehold through mathematical modelling of Streptococcus equi...
2026-03-11 02:38:47,412 [INFO]     ✓ PDF téléchargé (1231 Ko)
2026-03-11 02:38:49,857 [INFO]     → formalism=BAYESIAN | params=1 | geos=['Royaume-Uni', 'Suède'] | confidence=0.80
2026-03-11 02:38:50,365 [INFO] 
  [7/20] 2024 | De Gaetano Alessandro, Barrat Alain, Pao...
2026-03-11 02:38:50,365 [INFO]     Modeling the interplay between disease spread, behaviors, and disease perception...
2026-03-11 02:38:52,840 [INFO]     ✓ PDF téléchargé (3347 Ko)
2026-03-11 02:38:54,469 [INFO]     → formalism=STOCHASTIC_SIR | params=0 | geos=['Royaume-Uni', 'Italie'] | confidence=0.70
2026-03-11 02:38:54,976 [INFO] 
  [8/20] 2023 | Gressani Oswaldo, Faes Christel, Hens Ni...
2026-03-11 02:38:54,976 [INFO]     An approximate Bayesian approach for estimation of the instantaneous reproductio...
2026-03-11 02:38:56,729 [INFO]     ✓ PDF téléchargé (3755 Ko)
2026-03-11 02:38:58,124 [INFO]     → formalism=RENEWAL_EQUATION | params=1 | geos=['Canada'] | confidence=0.80
2026-03-11 02:38:58,631 [INFO] 
  [9/20] 2022 | Liu Zhiping, Jin Zhen, Yang Junyuan, Zha...
2026-03-11 02:38:58,631 [INFO]     The backward bifurcation of an age-structured cholera transmission model with sa...
2026-03-11 02:39:01,440 [INFO]     ✓ PDF téléchargé (1368 Ko)
2026-03-11 02:39:05,257 [INFO]     → formalism=SEIR | params=0 | geos=['Chine'] | confidence=0.70
2026-03-11 02:39:05,762 [INFO] 
  [10/20] 2021 | Che Eric, Numfor Eric, Lenhart Suzanne, ...
2026-03-11 02:39:05,763 [INFO]     Mathematical modeling of the influence of cultural practices on cholera infectio...
2026-03-11 02:39:07,993 [INFO]     ✓ PDF téléchargé (1388 Ko)
2026-03-11 02:39:11,340 [INFO]     → formalism=OTHER | params=1 | geos=['Cameroun'] | confidence=0.60
2026-03-11 02:39:11,846 [INFO] 
  [11/20] 2021 | Chanchaidechachai Thanicha, de Jong Mart...
2026-03-11 02:39:11,846 [INFO]     Spatial model of foot-and-mouth disease outbreak in an endemic area of Thailand....
2026-03-11 02:39:15,264 [INFO]     ✓ PDF téléchargé (3200 Ko)
2026-03-11 02:39:16,105 [INFO]     → formalism=SEIR | params=0 | geos=['Thaïlande', 'États-Unis'] | confidence=0.70
2026-03-11 02:39:16,612 [INFO] 
  [12/20] 2020 | Xue Yuyi, Xiao Yanni...
2026-03-11 02:39:16,613 [INFO]     Analysis of a multiscale HIV-1 model coupling within-host viral dynamics and bet...
2026-03-11 02:39:18,232 [INFO]     ✓ PDF téléchargé (1666 Ko)
2026-03-11 02:39:19,013 [INFO]     → formalism=OTHER | params=0 | geos=['États-Unis'] | confidence=0.50
2026-03-11 02:39:19,518 [INFO] 
  [13/20] 2017 | Tang Yilei, Xiao Dongmei, Zhang Weinian,...
2026-03-11 02:39:19,518 [INFO]     Dynamics of epidemic models with asymptomatic infection and seasonal succession....
2026-03-11 02:39:22,534 [INFO]     ✓ PDF téléchargé (2398 Ko)
2026-03-11 02:39:29,896 [INFO]     → formalism=ABM | params=0 | geos=['Chine'] | confidence=0.70
2026-03-11 02:39:30,402 [INFO] 
  [14/20] 2017 | Liu Siyu, Li Yong, Bi Yingjie, Huang Qin...
2026-03-11 02:39:30,403 [INFO]     Mixed vaccination strategy for the control of tuberculosis: A case study in Chin...
2026-03-11 02:39:32,671 [INFO]     ✓ PDF téléchargé (548 Ko)
2026-03-11 02:39:34,087 [INFO]     → formalism=ABM | params=1 | geos=['Chine', 'États-Unis'] | confidence=0.80
2026-03-11 02:39:34,595 [INFO] 
  [15/20] 2016 | Frasso Gianluca, Lambert Philippe...
2026-03-11 02:39:34,595 [INFO]     Bayesian inference in an extended SEIR model with nonparametric disease transmis...
2026-03-11 02:39:40,351 [INFO]     ✓ PDF téléchargé (1171 Ko)
2026-03-11 02:39:41,673 [INFO]     → formalism=SEIR | params=1 | geos=[] | confidence=0.60
2026-03-11 02:39:42,179 [INFO] 
  [16/20] 2015 | Goeyvaerts Nele, Willem Lander, Van Kerc...
2026-03-11 02:39:42,179 [INFO]     Estimating dynamic transmission model parameters for seasonal influenza by fitti...
2026-03-11 02:39:45,267 [INFO]     ✓ PDF téléchargé (943 Ko)
2026-03-11 02:39:47,531 [INFO]     → formalism=SEIRS | params=1 | geos=['Afrique du Sud'] | confidence=0.80
2026-03-11 02:39:48,036 [INFO] 
  [17/20] 2015 | Althaus C L, Low N, Musa E O, Shuaib F, ...
2026-03-11 02:39:48,037 [INFO]     Ebola virus disease outbreak in Nigeria: Transmission dynamics and rapid control...
2026-03-11 02:39:50,800 [INFO]     ✓ PDF téléchargé (8790 Ko)
2026-03-11 02:39:53,177 [INFO]     → formalism=SEIR | params=0 | geos=['Nigeria', 'Royaume-Uni'] | confidence=0.70
2026-03-11 02:39:53,683 [INFO] 
  [18/20] 2014 | Pawelek Kasia A, Oeldorf-Hirsch Anne, Ro...
2026-03-11 02:39:53,683 [INFO]     Modeling the impact of twitter on influenza epidemics....
2026-03-11 02:39:56,225 [INFO]     ✓ PDF téléchargé (3592 Ko)
2026-03-11 02:40:00,332 [INFO]     → formalism=SEIR | params=0 | geos=[] | confidence=0.50
2026-03-11 02:40:00,838 [INFO] 
  [19/20] 2014 | Bacaër Nicolas, Ait Dads El Hadi...
2026-03-11 02:40:00,838 [INFO]     On the probability of extinction in a periodic environment....
2026-03-11 02:40:03,495 [INFO]     ✓ PDF téléchargé (1257 Ko)
2026-03-11 02:40:09,232 [INFO]     → formalism=METAPOPULATION | params=0 | geos=['États-Unis'] | confidence=0.70
2026-03-11 02:40:09,739 [INFO] 
  [20/20] 2009 | McBryde Emma S...
2026-03-11 02:40:09,739 [INFO]     Network structure can play a role in vaccination thresholds and herd immunity: a...
2026-03-11 02:40:12,710 [INFO]     ✓ PDF téléchargé (1419 Ko)
2026-03-11 02:40:14,247 [INFO]     → formalism=ABM | params=1 | geos=['États-Unis'] | confidence=0.80
2026-03-11 02:40:14,253 [INFO]     ✓ 20 modèles insérés
2026-03-11 02:40:14,754 [INFO] 
════════════════════════════════════════════════════════════
2026-03-11 02:40:14,754 [INFO]   RAPPORT FINAL — PDF Extractor
2026-03-11 02:40:14,754 [INFO] ════════════════════════════════════════════════════════════
2026-03-11 02:40:14,754 [INFO]   Articles traités      : 20
2026-03-11 02:40:14,754 [INFO]   PDFs téléchargés      : 19
2026-03-11 02:40:14,754 [INFO]   Texte extrait OK      : 20
2026-03-11 02:40:14,754 [INFO]   Modèles créés         : 20
2026-03-11 02:40:14,754 [INFO]   Avec paramètres (β,γ) : 9
2026-03-11 02:40:14,754 [INFO]   Avec géographie       : 16
2026-03-11 02:40:14,754 [INFO]   Avec code GitHub      : 20
2026-03-11 02:40:14,754 [INFO]   Ignorés               : 0
2026-03-11 02:40:14,754 [INFO]   Erreurs               : 0
2026-03-11 02:40:14,754 [INFO] ════════════════════════════════════════════════════════════
2026-03-11 02:40:14,754 [INFO] 
  ✅ Prochaine étape : validation manuelle
2026-03-11 02:40:14,754 [INFO]      python3 pipeline_runner.py stats
2026-03-11 02:40:14,754 [INFO]      python3 pipeline_runner.py export
