2026-03-11 01:48:49,230 [INFO] 
════════════════════════════════════════════════════════════
2026-03-11 01:48:49,230 [INFO]   PDF Extractor — PRODUCTION
2026-03-11 01:48:49,231 [INFO] ════════════════════════════════════════════════════════════
2026-03-11 01:48:49,242 [INFO]   249 articles à traiter
2026-03-11 01:48:49,242 [INFO] 
  [1/249] 2026 | Becerra-Becerra Diego Alejandro, Rangel ...
2026-03-11 01:48:49,242 [INFO]     Stochastic modeling, analysis, and simulation of Dengue in Valle del Cauca: A ca...
2026-03-11 01:48:51,230 [INFO]     ⚠️  PDF non téléchargeable — extraction depuis abstract
2026-03-11 01:48:51,250 [INFO]     → formalism=SIR | params=0 | geos=[] | confidence=0.35
2026-03-11 01:48:51,758 [INFO] 
  [2/249] 2026 | Tinde Haoua, Sawadogo Wenddabo Olivier, ...
2026-03-11 01:48:51,758 [INFO]     Mathematical modeling of the 2023 dengue outbreak in the Centre Region of Burkin...
2026-03-11 01:48:54,542 [INFO]     ⚠️  PDF non téléchargeable — extraction depuis abstract
2026-03-11 01:48:54,549 [INFO]     → formalism=SEIR | params=0 | geos=['Burkina Faso', 'Afrique subsaharienne'] | confidence=0.55
2026-03-11 01:48:55,059 [INFO] 
  [3/249] 2026 | Ahman Queeneth Ojoma, Swnewo Emmanuel Ol...
2026-03-11 01:48:55,059 [INFO]     A Fractional-Order Framework for Dengue Transmission Dynamics with Human-to-Huma...
2026-03-11 01:48:57,511 [INFO]     ⚠️  PDF non téléchargeable — extraction depuis abstract
2026-03-11 01:48:57,518 [INFO]     → formalism=OTHER | params=0 | geos=[] | confidence=0.15
2026-03-11 01:48:58,026 [INFO] 
  [4/249] 2026 | Hathaway Christine L, Hall Michaela, de ...
2026-03-11 01:48:58,026 [INFO]     The impact of HIV on cervical cancer elimination in KwaZulu-Natal: a comparative...
2026-03-11 01:48:59,560 [INFO]     ⚠️  PDF non téléchargeable — extraction depuis abstract
2026-03-11 01:48:59,567 [INFO]     → formalism=OTHER | params=0 | geos=['Afrique du Sud'] | confidence=0.35
2026-03-11 01:49:00,075 [INFO] 
  [5/249] 2026 | Jin Shihui, Jung Sung-Mok, Gan Gregory, ...
2026-03-11 01:49:00,075 [INFO]     Spatiotemporal dynamics of chikungunya transmission in Foshan City, China: A mod...
2026-03-11 01:49:02,324 [INFO]     ⚠️  PDF non téléchargeable — extraction depuis abstract
2026-03-11 01:49:02,326 [INFO]     → formalism=BAYESIAN | params=0 | geos=['Chine'] | confidence=0.55
2026-03-11 01:49:02,836 [INFO] 
  [6/249] 2026 | Howes Adam, Stringer Alex, Flaxman Seth ...
2026-03-11 01:49:02,836 [INFO]     Fast approximate Bayesian inference of HIV indicators using PCA adaptive Gauss-H...
2026-03-11 01:49:05,397 [INFO]     ⚠️  PDF non téléchargeable — extraction depuis abstract
2026-03-11 01:49:05,401 [INFO]     → formalism=BAYESIAN | params=0 | geos=['Afrique subsaharienne'] | confidence=0.55
2026-03-11 01:49:05,909 [INFO] 
  [7/249] 2026 | Bayley Thomas, Ward Tony, Sturman Fabian...
2026-03-11 01:49:05,910 [INFO]     ML-ABC: Machine-learning assisted Approximate Bayesian Computation for efficient...
2026-03-11 01:49:08,469 [INFO]     ⚠️  PDF non téléchargeable — extraction depuis abstract
2026-03-11 01:49:08,477 [INFO]     → formalism=ABM | params=0 | geos=[] | confidence=0.50
2026-03-11 01:49:08,985 [INFO] 
  [8/249] 2026 | Palomares Alfonso Diz-Lois, de Blasio Bi...
2026-03-11 01:49:08,985 [INFO]     Combining an agent-based model with Gaussian process emulation to model the emer...
2026-03-11 01:49:11,950 [INFO]     ⚠️  PDF non téléchargeable — extraction depuis abstract
2026-03-11 01:49:11,957 [INFO]     → formalism=ABM | params=0 | geos=['Afrique du Sud'] | confidence=0.55
2026-03-11 01:49:12,463 [INFO] 
  [9/249] 2026 | Tian Feng, Kronfli Nadine, Eze Nkiruka, ...
2026-03-11 01:49:12,463 [INFO]     Impact of Hepatitis C screening and treatment among incarcerated populations in ...
2026-03-11 01:49:17,992 [INFO]     ⚠️  PDF non téléchargeable — extraction depuis abstract
2026-03-11 01:49:17,999 [INFO]     → formalism=ABM | params=0 | geos=['Canada'] | confidence=0.55
2026-03-11 01:49:18,510 [INFO] 
  [10/249] 2026 | Srinivasa Rao Arni S R, Krantz Steven G,...
2026-03-11 01:49:18,510 [INFO]     Integrating community level transmission geographical networks into a dynamical ...
2026-03-11 01:49:21,310 [INFO]     ⚠️  PDF non téléchargeable — extraction depuis abstract
2026-03-11 01:49:21,316 [INFO]     → formalism=NETWORK | params=0 | geos=[] | confidence=0.35
2026-03-11 01:49:21,823 [INFO] 
  [11/249] 2025 | Alahakoon Punya, Taylor Peter G, McCaw J...
2026-03-11 01:49:21,823 [INFO]     Stochastic modelling of early-stage COVID-19 epidemic dynamics in rural communit...
2026-03-11 01:49:24,136 [INFO]     ⚠️  PDF non téléchargeable — extraction depuis abstract
2026-03-11 01:49:24,143 [INFO]     → formalism=STOCHASTIC_SIR | params=0 | geos=['États-Unis'] | confidence=0.55
2026-03-11 01:49:24,651 [INFO] 
  [12/249] 2025 | Xue Ling, Huo Junqi, Zhang Yuxin...
2026-03-11 01:49:24,651 [INFO]     Modelling and analysis of an epidemic model with awareness caused by deaths due ...
2026-03-11 01:49:26,306 [INFO]     ⚠️  PDF non téléchargeable — extraction depuis abstract
2026-03-11 01:49:26,308 [INFO]     → formalism=OTHER | params=0 | geos=[] | confidence=0.00
2026-03-11 01:49:26,815 [INFO] 
  [13/249] 2025 | Korir Evans Kiptoo, Vizi Zsolt...
2026-03-11 01:49:26,815 [INFO]     Eigenvector-based sensitivity analysis of contact patterns in epidemic modelling...
2026-03-11 01:49:28,744 [INFO]     ⚠️  PDF non téléchargeable — extraction depuis abstract
2026-03-11 01:49:28,748 [INFO]     → formalism=OTHER | params=0 | geos=['Royaume-Uni'] | confidence=0.20
2026-03-11 01:49:29,255 [INFO] 
  [14/249] 2025 | Diabaté Abou Bakari, Sangaré Boureima, K...
2026-03-11 01:49:29,256 [INFO]     Optimal control analysis of a mathematical model of malaria and COVID-19 co-infe...
2026-03-11 01:49:30,598 [INFO]     ✓ PDF téléchargé (2417 Ko)
2026-03-11 01:49:31,903 [INFO]     → formalism=SIS | params=1 | geos=['Burkina Faso', 'Afrique du Sud'] | confidence=0.65
2026-03-11 01:49:32,412 [INFO] 
  [15/249] 2025 | McCarthy Gabriel, Dobrovolny Hana M...
2026-03-11 01:49:32,412 [INFO]     Determining the best mathematical model for implementation of non-pharmaceutical...
2026-03-11 01:49:34,274 [INFO]     ⚠️  PDF non téléchargeable — extraction depuis abstract
2026-03-11 01:49:34,278 [INFO]     → formalism=SEIR | params=0 | geos=[] | confidence=0.35
2026-03-11 01:49:34,785 [INFO] 
  [16/249] 2025 | Murzakhmetov Aslanbek, Borankulova Gaukh...
2026-03-11 01:49:34,785 [INFO]     Working Set: adapted model to the epidemiological context....
2026-03-11 01:49:37,038 [INFO]     ⚠️  PDF non téléchargeable — extraction depuis abstract
2026-03-11 01:49:37,044 [INFO]     → formalism=SEIR | params=0 | geos=[] | confidence=0.35
2026-03-11 01:49:37,552 [INFO] 
  [17/249] 2025 | O'Gara David, Kerr Cliff C, Klein Daniel...
2026-03-11 01:49:37,552 [INFO]     Improving policy-oriented agent-based modeling with history matching: A case stu...
2026-03-11 01:49:40,725 [INFO]     ⚠️  PDF non téléchargeable — extraction depuis abstract
2026-03-11 01:49:40,732 [INFO]     → formalism=ABM | params=0 | geos=[] | confidence=0.50
2026-03-11 01:49:41,241 [INFO] 
  [18/249] 2025 | Khalighi Moein, Lahti Leo, Ndaïrou Faïça...
2026-03-11 01:49:41,241 [INFO]     Fractional modelling of COVID-19 transmission incorporating asymptomatic and sup...
2026-03-11 01:49:43,797 [INFO]     ⚠️  PDF non téléchargeable — extraction depuis abstract
2026-03-11 01:49:43,802 [INFO]     → formalism=OTHER | params=0 | geos=[] | confidence=0.00
2026-03-11 01:49:44,308 [INFO] 
  [19/249] 2025 | Estill Janne, Belayneh Emneteab G, Beale...
2026-03-11 01:49:44,309 [INFO]     Estimation of the number of people affected by post COVID-19 condition in Switze...
2026-03-11 01:49:45,641 [INFO]     ⚠️  PDF non téléchargeable — extraction depuis abstract
2026-03-11 01:49:45,646 [INFO]     → formalism=OTHER | params=0 | geos=[] | confidence=0.00
2026-03-11 01:49:46,153 [INFO] 
  [20/249] 2025 | Chowdhury Sourav, Bose Indrani, Roychowd...
2026-03-11 01:49:46,153 [INFO]     Universal features of epidemic and vaccine models....
2026-03-11 01:49:46,165 [INFO]     ✓ PDF téléchargé (3119 Ko)
2026-03-11 01:49:48,492 [INFO]     → formalism=SIS | params=3 | geos=['Inde'] | confidence=0.85
2026-03-11 01:49:48,502 [INFO]     ✓ 20 modèles insérés
2026-03-11 01:49:49,003 [INFO] 
  [21/249] 2025 | Ganser Iris, Paireau Juliette, Buckeridg...
2026-03-11 01:49:49,003 [INFO]     Comparative evaluation of methodologies for estimating the effectiveness of non-...
2026-03-11 01:49:50,965 [INFO]     ⚠️  PDF non téléchargeable — extraction depuis abstract
2026-03-11 01:49:50,971 [INFO]     → formalism=ABM | params=0 | geos=[] | confidence=0.35
2026-03-11 01:49:51,480 [INFO] 
  [22/249] 2025 | Bergström Fanny, Günther Felix, Britton ...
2026-03-11 01:49:51,480 [INFO]     A counterfactual analysis quantifying the COVID-19 vaccination impact in Sweden....
2026-03-11 01:49:53,835 [INFO]     ✓ PDF téléchargé (1322 Ko)
2026-03-11 01:49:54,892 [INFO]     → formalism=ABM | params=0 | geos=['Suède'] | confidence=0.55
2026-03-11 01:49:55,402 [INFO] 
  [23/249] 2025 | Temfack Dhorasso, Wyse Jason...
2026-03-11 01:49:55,402 [INFO]     Sequential Monte Carlo Squared for online inference in stochastic epidemic model...
2026-03-11 01:49:58,236 [INFO]     ⚠️  PDF non téléchargeable — extraction depuis abstract
2026-03-11 01:49:58,238 [INFO]     → formalism=OTHER | params=0 | geos=[] | confidence=0.00
2026-03-11 01:49:58,744 [INFO] 
  [24/249] 2025 | Cornfeld Ofer, Niu Kaicheng, Neeman Oded...
2026-03-11 01:49:58,745 [INFO]     Integrating macroeconomic and public health impacts in social planning policies ...
2026-03-11 01:50:00,796 [INFO]     ⚠️  PDF non téléchargeable — extraction depuis abstract
2026-03-11 01:50:00,804 [INFO]     → formalism=OTHER | params=0 | geos=[] | confidence=0.00
2026-03-11 01:50:01,310 [INFO] 
  [25/249] 2025 | Demers Jeffery, Fagan William F, Potluri...
2026-03-11 01:50:01,310 [INFO]     Testing-isolation interventions will likely be insufficient to contain future no...
2026-03-11 01:50:03,775 [INFO]     ✓ PDF téléchargé (3918 Ko)
2026-03-11 01:50:05,913 [INFO]     → formalism=SIR | params=1 | geos=['Vietnam', 'Chine'] | confidence=0.65
2026-03-11 01:50:06,426 [INFO] 
  [26/249] 2025 | Sabbatino Michela, De Reggi Simone, Pugl...
2026-03-11 01:50:06,426 [INFO]     A Theoretical Analysis of Mass Testing Strategies to Control Epidemics....
2026-03-11 01:50:09,711 [INFO]     ✓ PDF téléchargé (1722 Ko)
2026-03-11 01:50:11,488 [INFO]     → formalism=SEIR | params=0 | geos=['Chine'] | confidence=0.55
2026-03-11 01:50:11,999 [INFO] 
  [27/249] 2025 | Hridoy Mahmudul Bari, Allen Linda J S...
2026-03-11 01:50:11,999 [INFO]     Investigating seasonal disease emergence and extinction in stochastic epidemic m...
2026-03-11 01:50:14,624 [INFO]     ✓ PDF téléchargé (983 Ko)
2026-03-11 01:50:16,751 [INFO]     → formalism=RENEWAL_EQUATION | params=1 | geos=[] | confidence=0.60
2026-03-11 01:50:17,256 [INFO] 
  [28/249] 2025 | Lotter Clara R, Sherratt Jonathan A...
2026-03-11 01:50:17,257 [INFO]     Pulmonary epithelial wound healing and the immune system. Mathematical modeling ...
2026-03-11 01:50:21,686 [INFO]     ⚠️  PDF non téléchargeable — extraction depuis abstract
2026-03-11 01:50:21,694 [INFO]     → formalism=OTHER | params=0 | geos=[] | confidence=0.15
2026-03-11 01:50:22,202 [INFO] 
  [29/249] 2025 | Zelner Jon, Stone Danielle, Eisenberg Ma...
2026-03-11 01:50:22,202 [INFO]     Capturing the implications of residential segregation for the dynamics of infect...
2026-03-11 01:50:25,475 [INFO]     ⚠️  PDF non téléchargeable — extraction depuis abstract
2026-03-11 01:50:25,480 [INFO]     → formalism=OTHER | params=0 | geos=[] | confidence=0.00
2026-03-11 01:50:25,987 [INFO] 
  [30/249] 2025 | Lee Hyosun, Abbas Wasim, Lee Sieun, Kim ...
2026-03-11 01:50:25,988 [INFO]     Mathematical modeling of age-specific intervention strategies for latent tubercu...
2026-03-11 01:50:29,162 [INFO]     ⚠️  PDF non téléchargeable — extraction depuis abstract
2026-03-11 01:50:29,168 [INFO]     → formalism=OTHER | params=0 | geos=[] | confidence=0.00
2026-03-11 01:50:29,675 [INFO] 
  [31/249] 2025 | Seong Hye, Lee Yunjeong, Suh Jiyeon, Lee...
2026-03-11 01:50:29,676 [INFO]     Impact of age-stratified latent tuberculosis treatment on disease burden of acti...
2026-03-11 01:50:31,418 [INFO]     ✓ PDF téléchargé (1955 Ko)
2026-03-11 01:50:33,230 [INFO]     → formalism=OTHER | params=0 | geos=['Kenya', 'Chine'] | confidence=0.35
2026-03-11 01:50:33,741 [INFO] 
  [32/249] 2025 | Zhai Pei-Yao, Zang Xiao, Jiang Ting, Fen...
2026-03-11 01:50:33,741 [INFO]     Health and Economic Impacts of Introducing Vaccae and Enhanced Drug-Resistant Tu...
2026-03-11 01:50:35,817 [INFO]     ⚠️  PDF non téléchargeable — extraction depuis abstract
2026-03-11 01:50:35,824 [INFO]     → formalism=OTHER | params=0 | geos=['Chine'] | confidence=0.35
2026-03-11 01:50:36,332 [INFO] 
  [33/249] 2025 | Aldila Dipo, Chukwu Chidozie Williams, G...
2026-03-11 01:50:36,332 [INFO]     Backward bifurcation and periodic dynamics in a tuberculosis model with integrat...
2026-03-11 01:50:38,582 [INFO]     ⚠️  PDF non téléchargeable — extraction depuis abstract
2026-03-11 01:50:38,588 [INFO]     → formalism=OTHER | params=0 | geos=['Indonésie'] | confidence=0.20
2026-03-11 01:50:39,096 [INFO] 
  [34/249] 2025 | Zhai Pei-Yao, Chen Zhi-Xian, Jiang Ting,...
2026-03-11 01:50:39,096 [INFO]     Modeling the epidemiologic impact of age-targeted vaccination for drug-resistant...
2026-03-11 01:50:42,473 [INFO]     ⚠️  PDF non téléchargeable — extraction depuis abstract
2026-03-11 01:50:42,476 [INFO]     → formalism=OTHER | params=0 | geos=['Chine'] | confidence=0.20
2026-03-11 01:50:42,981 [INFO] 
  [35/249] 2025 | Peter Olumuyiwa James...
2026-03-11 01:50:42,981 [INFO]     Modelling measles transmission dynamics and the impact of control strategies on ...
2026-03-11 01:50:44,931 [INFO]     ✓ PDF téléchargé (1150 Ko)
2026-03-11 01:50:46,153 [INFO]     → formalism=SIR | params=2 | geos=['États-Unis', 'Mexique'] | confidence=0.75
2026-03-11 01:50:46,663 [INFO] 
  [36/249] 2025 | Samuel Shiny, Przybycien Todd...
2026-03-11 01:50:46,663 [INFO]     Mathematical Model for Measles Virus Production in Batch Bioreactors....
2026-03-11 01:50:48,310 [INFO]     ⚠️  PDF non téléchargeable — extraction depuis abstract
2026-03-11 01:50:48,315 [INFO]     → formalism=OTHER | params=0 | geos=[] | confidence=0.15
2026-03-11 01:50:48,823 [INFO] 
  [37/249] 2025 | Mwanga Gasper G...
2026-03-11 01:50:48,823 [INFO]     Mathematical modelling and optimal control of malaria transmission with antimala...
2026-03-11 01:50:51,090 [INFO]     ✓ PDF téléchargé (5671 Ko)
2026-03-11 01:50:54,615 [INFO]     → formalism=ABM | params=1 | geos=['Nigeria'] | confidence=0.65
2026-03-11 01:50:55,123 [INFO] 
  [38/249] 2025 | Qu Zhuolin, Childs Lauren M...
2026-03-11 01:50:55,123 [INFO]     Assessing the impact of the Wolbachia-based control of malaria....
2026-03-11 01:50:58,039 [INFO]     ✓ PDF téléchargé (674 Ko)
2026-03-11 01:50:59,273 [INFO]     → formalism=OTHER | params=0 | geos=['Vietnam', 'Royaume-Uni'] | confidence=0.35
2026-03-11 01:50:59,784 [INFO] 
  [39/249] 2025 | Abbasi Ebrahim...
2026-03-11 01:50:59,784 [INFO]     The impact of climate change on travel-related vector-borne diseases: A case stu...
2026-03-11 01:51:02,140 [INFO]     ✓ PDF téléchargé (990 Ko)
2026-03-11 01:51:03,513 [INFO]     → formalism=OTHER | params=0 | geos=['Tanzanie'] | confidence=0.35
2026-03-11 01:51:04,023 [INFO] 
  [40/249] 2025 | Astete Helvio, Flores-Mendoza Carmen, Ló...
2026-03-11 01:51:04,023 [INFO]     A Review of Aedes aegypti Control in Peru: Approaches and Lessons Learned....
2026-03-11 01:51:08,176 [INFO]     ⚠️  PDF non téléchargeable — extraction depuis abstract
2026-03-11 01:51:08,180 [INFO]     → formalism=OTHER | params=0 | geos=[] | confidence=0.15
2026-03-11 01:51:08,190 [INFO]     ✓ 40 modèles insérés
2026-03-11 01:51:08,690 [INFO] 
  [41/249] 2025 | Anbalagan Rajalakshmi, Srivastava P K, B...
2026-03-11 01:51:08,690 [INFO]     Insecticide resistance status and bar-coding of dengue vectors in three district...
2026-03-11 01:51:11,454 [INFO]     ⚠️  PDF non téléchargeable — extraction depuis abstract
2026-03-11 01:51:11,462 [INFO]     → formalism=OTHER | params=0 | geos=['Inde'] | confidence=0.20
2026-03-11 01:51:11,970 [INFO] 
  [42/249] 2025 | Lee Ye-Ji, Cho Seung-Rye, Kim Won Kyong,...
2026-03-11 01:51:11,971 [INFO]     Imported dengue fever in South Korea, 2020-2024: Epidemiological trends and sero...
2026-03-11 01:51:14,423 [INFO]     ⚠️  PDF non téléchargeable — extraction depuis abstract
2026-03-11 01:51:14,429 [INFO]     → formalism=OTHER | params=0 | geos=['Indonésie', 'Philippines'] | confidence=0.20
2026-03-11 01:51:14,938 [INFO] 
  [43/249] 2025 | Kyaw Zwa Thant, Tan Amelia Hui Shan, Ngu...
2026-03-11 01:51:14,938 [INFO]     Architectural Design Features in High Density Urban Residential Estates and Thei...
2026-03-11 01:51:17,138 [INFO]     ⚠️  PDF non téléchargeable — extraction depuis abstract
2026-03-11 01:51:17,141 [INFO]     → formalism=NETWORK | params=0 | geos=[] | confidence=0.35
2026-03-11 01:51:17,651 [INFO] 
  [44/249] 2025 | Priskilla Jency J, Kulandaisamy Athisaya...
2026-03-11 01:51:17,651 [INFO]     Industrial hotspot: Infestation of invasive Aedes aegypti and Aedes albopictus i...
2026-03-11 01:51:20,361 [INFO]     ⚠️  PDF non téléchargeable — extraction depuis abstract
2026-03-11 01:51:20,368 [INFO]     → formalism=OTHER | params=0 | geos=['Inde'] | confidence=0.35
2026-03-11 01:51:20,878 [INFO] 
  [45/249] 2025 | Coba-Alcalá Eleazar, Chihu-Amparán Lilia...
2026-03-11 01:51:20,878 [INFO]     Evaluation of dengue virus seroprevalence in four boroughs of Mexico City among ...
2026-03-11 01:51:20,881 [INFO]     ✓ PDF téléchargé (1098 Ko)
2026-03-11 01:51:21,921 [INFO]     → formalism=OTHER | params=0 | geos=['Mexique'] | confidence=0.35
2026-03-11 01:51:22,430 [INFO] 
  [46/249] 2025 | Ambia Julie, van Sighem Ard, Pantazis Ni...
2026-03-11 01:51:22,430 [INFO]     Projecting changes in demographics and causes of death in people with HIV in wes...
2026-03-11 01:51:25,380 [INFO]     ⚠️  PDF non téléchargeable — extraction depuis abstract
2026-03-11 01:51:25,391 [INFO]     → formalism=BAYESIAN | params=0 | geos=[] | confidence=0.35
2026-03-11 01:51:25,899 [INFO] 
  [47/249] 2025 | Loosli Tom, Han Nuri, Hauser Anthony, Jo...
2026-03-11 01:51:25,899 [INFO]     Predicted dolutegravir resistance in people living with HIV in South Africa duri...
2026-03-11 01:51:28,862 [INFO]     ✓ PDF téléchargé (430 Ko)
2026-03-11 01:51:29,668 [INFO]     → formalism=OTHER | params=0 | geos=['Afrique du Sud', 'Royaume-Uni'] | confidence=0.35
2026-03-11 01:51:30,178 [INFO] 
  [48/249] 2025 | Nsuami Mozart Umba, Witbooi Peter Joseph...
2026-03-11 01:51:30,178 [INFO]     Modeling the population dynamics of HIV/AIDS with opportunistic infections at th...
2026-03-11 01:51:32,548 [INFO]     ⚠️  PDF non téléchargeable — extraction depuis abstract
2026-03-11 01:51:32,553 [INFO]     → formalism=OTHER | params=0 | geos=['Afrique du Sud'] | confidence=0.35
2026-03-11 01:51:33,061 [INFO] 
  [49/249] 2025 | Riaz Sara, Ali Asghar, Munir Muhammad...
2026-03-11 01:51:33,061 [INFO]     Modeling and sensitivity analysis of cholera dynamics under fuzzy imprecision....
2026-03-11 01:51:36,337 [INFO]     ⚠️  PDF non téléchargeable — extraction depuis abstract
2026-03-11 01:51:36,341 [INFO]     → formalism=OTHER | params=0 | geos=[] | confidence=0.00
2026-03-11 01:51:36,848 [INFO] 
  [50/249] 2025 | Omame Andrew, Iyaniwura Sarafa A, Han Qi...
2026-03-11 01:51:36,848 [INFO]     Dynamics of Mpox in an HIV endemic community: A mathematical modelling approach....
2026-03-11 01:51:39,927 [INFO]     ✓ PDF téléchargé (1392 Ko)
2026-03-11 01:51:41,625 [INFO]     → formalism=SIS | params=0 | geos=['Philippines'] | confidence=0.55
2026-03-11 01:51:42,134 [INFO] 
  [51/249] 2025 | Cao Jianping, Ling Lin...
2026-03-11 01:51:42,135 [INFO]     miRNA-GABA influences female Aedes aegypti reproduction by modulating midgut hom...
2026-03-11 01:51:44,631 [INFO]     ✓ PDF téléchargé (6060 Ko)
2026-03-11 01:51:48,193 [INFO]     → formalism=ABM | params=0 | geos=['Chine', 'États-Unis'] | confidence=0.70
2026-03-11 01:51:48,700 [INFO] 
  [52/249] 2025 | Merkenschlager Christian, Bangelesa Fred...
2026-03-11 01:51:48,700 [INFO]     Evolution of the recent habitat suitability area of Aedes albopictus in the exte...
2026-03-11 01:51:52,420 [INFO]     ✓ PDF téléchargé (3032 Ko)
2026-03-11 01:51:54,390 [INFO]     → formalism=SIS | params=0 | geos=[] | confidence=0.35
2026-03-11 01:51:54,899 [INFO] 
  [53/249] 2025 | Ni Jing, Li Zhifang, Hu Xiaowei, Zhou Hu...
2026-03-11 01:51:54,900 [INFO]     Chikungunya's global rebound and Asia's growing vulnerability: Implications for ...
2026-03-11 01:51:54,903 [INFO]     ✓ PDF téléchargé (594 Ko)
2026-03-11 01:51:55,412 [INFO]     → formalism=OTHER | params=0 | geos=['Chine'] | confidence=0.35
2026-03-11 01:51:55,921 [INFO] 
  [54/249] 2025 | Wunrow Han Yong, Pei Sen, Shaman Jeffrey...
2026-03-11 01:51:55,921 [INFO]     Data assimilation for estimating time-varying reproduction numbers....
2026-03-11 01:51:58,456 [INFO]     ⚠️  PDF non téléchargeable — extraction depuis abstract
2026-03-11 01:51:58,467 [INFO]     → formalism=SIR | params=0 | geos=[] | confidence=0.35
2026-03-11 01:51:58,977 [INFO] 
  [55/249] 2025 | Hridoy Mahmudul Bari...
2026-03-11 01:51:58,977 [INFO]     An exploration of modeling approaches for capturing seasonal transmission in sto...
2026-03-11 01:52:01,636 [INFO]     ✓ PDF téléchargé (6594 Ko)
2026-03-11 01:52:03,587 [INFO]     → formalism=NETWORK | params=1 | geos=[] | confidence=0.45
2026-03-11 01:52:04,098 [INFO] 
  [56/249] 2025 | Adeoye Matthew, Didelot Xavier, Spencer ...
2026-03-11 01:52:04,098 [INFO]     Bayesian spatio-temporal modelling for infectious disease outbreak detection....
2026-03-11 01:52:06,853 [INFO]     ⚠️  PDF non téléchargeable — extraction depuis abstract
2026-03-11 01:52:06,858 [INFO]     → formalism=BAYESIAN | params=0 | geos=[] | confidence=0.50
2026-03-11 01:52:07,362 [INFO] 
  [57/249] 2025 | Ghosh Adrita, Das Parthasakha, Chakrabor...
2026-03-11 01:52:07,362 [INFO]     Developing cholera outbreak forecasting through qualitative dynamics: Insights i...
2026-03-11 01:52:11,556 [INFO]     ⚠️  PDF non téléchargeable — extraction depuis abstract
2026-03-11 01:52:11,563 [INFO]     → formalism=OTHER | params=0 | geos=[] | confidence=0.15
2026-03-11 01:52:12,070 [INFO] 
  [58/249] 2025 | Ward Jack, Gressani Oswaldo, Kim Sol, He...
2026-03-11 01:52:12,070 [INFO]     The epidemiology of pathogens with pandemic potential: A review of key parameter...
2026-03-11 01:52:14,844 [INFO]     ✓ PDF téléchargé (750 Ko)
2026-03-11 01:52:15,964 [INFO]     → formalism=ABM | params=1 | geos=['Belgique'] | confidence=0.80
2026-03-11 01:52:16,475 [INFO] 
  [59/249] 2025 | Curran-Sebastian Jacob, Andersen Frederi...
2026-03-11 01:52:16,475 [INFO]     Modelling the stochastic importation dynamics and establishment of novel pathoge...
2026-03-11 01:52:20,166 [INFO]     ⚠️  PDF non téléchargeable — extraction depuis abstract
2026-03-11 01:52:20,171 [INFO]     → formalism=OTHER | params=0 | geos=[] | confidence=0.00
2026-03-11 01:52:20,677 [INFO] 
  [60/249] 2025 | Ajelli Marco, Muyembe Jean-Jacques, Tour...
2026-03-11 01:52:20,677 [INFO]     Vaccination strategies for Ebola in the democratic republic of Congo: the WHO-Eb...
2026-03-11 01:52:22,621 [INFO]     ⚠️  PDF non téléchargeable — extraction depuis abstract
2026-03-11 01:52:22,629 [INFO]     → formalism=ABM | params=0 | geos=[] | confidence=0.35
2026-03-11 01:52:22,638 [INFO]     ✓ 60 modèles insérés
2026-03-11 01:52:23,138 [INFO] 
  [61/249] 2025 | Di Lauro Francesco, Probert William J M,...
2026-03-11 01:52:23,138 [INFO]     Large connected components in sexual networks and their role in HIV transmission...
2026-03-11 01:52:26,109 [INFO]     ✓ PDF téléchargé (654 Ko)
2026-03-11 01:52:30,394 [INFO]     → formalism=ABM | params=0 | geos=['Kenya', 'Tanzanie'] | confidence=0.55
2026-03-11 01:52:30,905 [INFO] 
  [62/249] 2025 | Wallrafen-Sam Karina, Quesada Maria Garc...
2026-03-11 01:52:30,906 [INFO]     Modelling the interplay between responsive individual vaccination decisions and ...
2026-03-11 01:52:33,173 [INFO]     ✓ PDF téléchargé (2569 Ko)
2026-03-11 01:52:34,244 [INFO]     → formalism=OTHER | params=0 | geos=['Brésil'] | confidence=0.35
2026-03-11 01:52:34,752 [INFO] 
  [63/249] 2025 | Cai Xiaoyan, Wang Xu, Ni Haobo, Zhou Jia...
2026-03-11 01:52:34,753 [INFO]     Epidemiological characteristics and transmission dynamics of epidemic Japanese e...
2026-03-11 01:52:38,392 [INFO]     ⚠️  PDF non téléchargeable — extraction depuis abstract
2026-03-11 01:52:38,398 [INFO]     → formalism=NETWORK | params=0 | geos=['Chine'] | confidence=0.55
2026-03-11 01:52:38,907 [INFO] 
  [64/249] 2025 | Verma Pranav, Kumar Viney, Bhattacharyya...
2026-03-11 01:52:38,907 [INFO]     Modelling behavioural interactions in infection disclosure during an outbreak: A...
2026-03-11 01:52:41,572 [INFO]     ⚠️  PDF non téléchargeable — extraction depuis abstract
2026-03-11 01:52:41,579 [INFO]     → formalism=OTHER | params=0 | geos=['Inde'] | confidence=0.35
2026-03-11 01:52:42,087 [INFO] 
  [65/249] 2024 | Wu Shuying, Yuan Sanling...
2026-03-11 01:52:42,088 [INFO]     Threshold dynamics of a switching diffusion SIR model with logistic growth and h...
2026-03-11 01:52:44,546 [INFO]     ⚠️  PDF non téléchargeable — extraction depuis abstract
2026-03-11 01:52:44,550 [INFO]     → formalism=SIR | params=0 | geos=[] | confidence=0.35
2026-03-11 01:52:45,058 [INFO] 
  [66/249] 2024 | Srivastava Abhay, Nilam...
2026-03-11 01:52:45,058 [INFO]     Optimal control of a fractional order SEIQR epidemic model with non-monotonic in...
2026-03-11 01:52:48,222 [INFO]     ⚠️  PDF non téléchargeable — extraction depuis abstract
2026-03-11 01:52:48,228 [INFO]     → formalism=OTHER | params=0 | geos=[] | confidence=0.15
2026-03-11 01:52:48,737 [INFO] 
  [67/249] 2024 | Chen Shi, Janies Daniel, Paul Rajib, Thi...
2026-03-11 01:52:48,737 [INFO]     Leveraging advances in data-driven deep learning methods for hybrid epidemic mod...
2026-03-11 01:52:51,630 [INFO]     ✓ PDF téléchargé (2707 Ko)
2026-03-11 01:52:52,477 [INFO]     → formalism=NETWORK | params=0 | geos=['Inde', 'Chine'] | confidence=0.55
2026-03-11 01:52:52,990 [INFO] 
  [68/249] 2024 | Baister Matthew, McTaggart Ewan, McMenem...
2026-03-11 01:52:52,990 [INFO]     COVID-19 in Scottish care homes: A metapopulation model of spread among resident...
2026-03-11 01:52:54,372 [INFO]     ✓ PDF téléchargé (1530 Ko)
2026-03-11 01:52:55,689 [INFO]     → formalism=METAPOPULATION | params=1 | geos=[] | confidence=0.60
2026-03-11 01:52:56,200 [INFO] 
  [69/249] 2024 | Avusuglo Wisdom S, Han Qing, Woldegerima...
2026-03-11 01:52:56,200 [INFO]     Assessment of bidirectional impact of stigmatization induced self-medication on ...
2026-03-11 01:52:58,565 [INFO]     ⚠️  PDF non téléchargeable — extraction depuis abstract
2026-03-11 01:52:58,570 [INFO]     → formalism=OTHER | params=0 | geos=['Nigeria'] | confidence=0.20
2026-03-11 01:52:59,077 [INFO] 
  [70/249] 2024 | El Khalifi Mohamed, Britton Tom...
2026-03-11 01:52:59,078 [INFO]     SIRS epidemics with individual heterogeneity of immunity waning....
2026-03-11 01:53:01,744 [INFO]     ✓ PDF téléchargé (2773 Ko)
2026-03-11 01:53:03,077 [INFO]     → formalism=SIRS | params=0 | geos=['Allemagne'] | confidence=0.55
2026-03-11 01:53:03,587 [INFO] 
  [71/249] 2024 | Kreabkhontho Pannathon, Teparos Watchara...
2026-03-11 01:53:03,587 [INFO]     Potential for eliminating COVID-19 in Thailand through third-dose vaccination: A...
2026-03-11 01:53:05,424 [INFO]     ⚠️  PDF non téléchargeable — extraction depuis abstract
2026-03-11 01:53:05,431 [INFO]     → formalism=OTHER | params=0 | geos=['Thaïlande'] | confidence=0.35
2026-03-11 01:53:05,939 [INFO] 
  [72/249] 2024 | Karami Hamed, Sanaei Pejman, Smirnova Al...
2026-03-11 01:53:05,939 [INFO]     Balancing mitigation strategies for viral outbreaks....
2026-03-11 01:53:07,678 [INFO]     ⚠️  PDF non téléchargeable — extraction depuis abstract
2026-03-11 01:53:07,685 [INFO]     → formalism=OTHER | params=0 | geos=['États-Unis'] | confidence=0.20
2026-03-11 01:53:08,192 [INFO] 
  [73/249] 2024 | Karapitta Marianna, Kasis Andreas, Styli...
2026-03-11 01:53:08,192 [INFO]     Time-varying compartmental models with neural networks for pandemic infection fo...
2026-03-11 01:53:10,648 [INFO]     ⚠️  PDF non téléchargeable — extraction depuis abstract
2026-03-11 01:53:10,653 [INFO]     → formalism=OTHER | params=0 | geos=[] | confidence=0.00
2026-03-11 01:53:11,159 [INFO] 
  [74/249] 2024 | Chatzilena Anastasia, Demiris Nikolaos, ...
2026-03-11 01:53:11,159 [INFO]     A modeling framework for the analysis of the SARS-CoV2 transmission dynamics....
2026-03-11 01:53:12,797 [INFO]     ⚠️  PDF non téléchargeable — extraction depuis abstract
2026-03-11 01:53:12,802 [INFO]     → formalism=OTHER | params=0 | geos=[] | confidence=0.15
2026-03-11 01:53:13,309 [INFO] 
  [75/249] 2024 | Ganser Iris, Buckeridge David L, Heffern...
2026-03-11 01:53:13,309 [INFO]     Estimating the population effectiveness of interventions against COVID-19 in Fra...
2026-03-11 01:53:15,567 [INFO]     ✓ PDF téléchargé (260 Ko)
2026-03-11 01:53:17,310 [INFO]     → formalism=OTHER | params=1 | geos=['France', 'États-Unis'] | confidence=0.45
2026-03-11 01:53:17,822 [INFO] 
  [76/249] 2024 | Singh Aman Kumar, Ramakrishnan Subramani...
2026-03-11 01:53:17,822 [INFO]     Instabilities and self-organization in spatiotemporal epidemic dynamics driven b...
2026-03-11 01:53:17,830 [INFO]     ✓ PDF téléchargé (3920 Ko)
2026-03-11 01:53:18,931 [INFO]     → formalism=SEIRS | params=1 | geos=['États-Unis'] | confidence=0.65
2026-03-11 01:53:19,443 [INFO] 
  [77/249] 2024 | Angeli Leonardo, Caetano Constantino Per...
2026-03-11 01:53:19,443 [INFO]     Who acquires infection from whom? A sensitivity analysis of transmission dynamic...
2026-03-11 01:53:21,617 [INFO]     ✓ PDF téléchargé (15396 Ko)
2026-03-11 01:55:09,422 [INFO]     → formalism=ABM | params=1 | geos=['Belgique'] | confidence=0.80
2026-03-11 01:55:09,934 [INFO] 
  [78/249] 2024 | Saade Masoud, Ghosh Samiran, Banerjee Ma...
2026-03-11 01:55:09,934 [INFO]     Delay epidemic models determined by latency, infection, and immunity duration....
2026-03-11 01:55:12,717 [INFO]     ✓ PDF téléchargé (10700 Ko)
2026-03-11 01:55:14,814 [INFO]     → formalism=SEIR | params=0 | geos=['Chine'] | confidence=0.70
2026-03-11 01:55:15,322 [INFO] 
  [79/249] 2024 | Sumner Tom, Clark Rebecca A, Mukandavire...
2026-03-11 01:55:15,322 [INFO]     Modelling the health and economic impacts ofM72/AS01...
2026-03-11 01:55:18,143 [INFO]     ✓ PDF téléchargé (637 Ko)
2026-03-11 01:55:20,091 [INFO]     → formalism=ABM | params=0 | geos=['États-Unis'] | confidence=0.55
2026-03-11 01:55:20,602 [INFO] 
  [80/249] 2024 | Wang Si, Cao Hui...
2026-03-11 01:55:20,602 [INFO]     The dynamics of tuberculosis transmission model with different genders....
2026-03-11 01:55:22,541 [INFO]     ⚠️  PDF non téléchargeable — extraction depuis abstract
2026-03-11 01:55:22,542 [INFO]     → formalism=OTHER | params=0 | geos=[] | confidence=0.00
2026-03-11 01:55:22,548 [INFO]     ✓ 80 modèles insérés
2026-03-11 01:55:23,049 [INFO] 
  [81/249] 2024 | Robert Alexis, Suffel Anne M, Kucharski ...
2026-03-11 01:55:23,049 [INFO]     Long-term waning of vaccine-induced immunity to measles in England: a mathematic...
2026-03-11 01:55:26,051 [INFO]     ✓ PDF téléchargé (53718 Ko)
2026-03-11 02:00:44,585 [INFO]     → formalism=OTHER | params=1 | geos=['Chine', 'Royaume-Uni'] | confidence=0.60
2026-03-11 02:00:45,098 [INFO] 
  [82/249] 2024 | Donà Maddalena, Trapman Pieter...
2026-03-11 02:00:45,098 [INFO]     Possible counter-intuitive impact of local vaccine mandates for vaccine-preventa...
2026-03-11 02:00:48,277 [INFO]     ⚠️  PDF non téléchargeable — extraction depuis abstract
2026-03-11 02:00:48,282 [INFO]     → formalism=SIR | params=0 | geos=[] | confidence=0.35
2026-03-11 02:00:48,789 [INFO] 
  [83/249] 2024 | Dimas Martins Afonso, Roberts Mick, Ten ...
2026-03-11 02:00:48,789 [INFO]     Indirect interaction between an endemic and an invading pathogen: A case study o...
2026-03-11 02:00:52,373 [INFO]     ⚠️  PDF non téléchargeable — extraction depuis abstract
2026-03-11 02:00:52,378 [INFO]     → formalism=OTHER | params=0 | geos=[] | confidence=0.00
2026-03-11 02:00:52,885 [INFO] 
  [84/249] 2024 | Liu Kaihui, Fang Shuanghui, Li Qiong, Lo...
2026-03-11 02:00:52,886 [INFO]     Effectiveness evaluation of mosquito suppression strategies on dengue transmissi...
2026-03-11 02:00:59,751 [INFO]     ✓ PDF téléchargé (301 Ko)
2026-03-11 02:01:00,108 [INFO]     → formalism=OTHER | params=0 | geos=['États-Unis'] | confidence=0.35
2026-03-11 02:01:00,616 [INFO] 
  [85/249] 2024 | Del-Águila-Mejía Javier, Morilla Fernand...
2026-03-11 02:01:00,616 [INFO]     A system dynamics modelling and analytical framework for imported dengue outbrea...
2026-03-11 02:01:03,444 [INFO]     ✓ PDF téléchargé (4724 Ko)
2026-03-11 02:01:06,159 [INFO]     → formalism=SEIR | params=1 | geos=[] | confidence=0.45
2026-03-11 02:01:06,667 [INFO] 
  [86/249] 2024 | Estep Alden S, Sanscrainte Neil D, Okech...
2026-03-11 02:01:06,667 [INFO]     Aedes aegypti Knockdown Resistance Mutations and Dengue Virus Infection in Haiti...
2026-03-11 02:01:08,764 [INFO]     ✓ PDF téléchargé (3346 Ko)
2026-03-11 02:01:10,423 [INFO]     → formalism=ABM | params=0 | geos=['Brésil'] | confidence=0.55
2026-03-11 02:01:10,934 [INFO] 
  [87/249] 2024 | Fleischmann Wim A, Cao Le Chi, Nurjadi D...
2026-03-11 02:01:10,934 [INFO]     Addressing the rise of autochthonous vector-borne diseases in a warming Europe....
2026-03-11 02:01:13,033 [INFO]     ✓ PDF téléchargé (3423 Ko)
2026-03-11 02:01:14,172 [INFO]     → formalism=OTHER | params=0 | geos=[] | confidence=0.15
2026-03-11 02:01:14,682 [INFO] 
  [88/249] 2024 | Zhao Minghui, Ran Xin, Xing Dan, Liu Wei...
2026-03-11 02:01:14,682 [INFO]     Population genetics of Aedes albopictus in the port cities of Hainan Island and ...
2026-03-11 02:01:20,437 [INFO]     ✓ PDF téléchargé (2227 Ko)
2026-03-11 02:01:21,666 [INFO]     → formalism=SIS | params=0 | geos=['Chine'] | confidence=0.55
2026-03-11 02:01:22,177 [INFO] 
  [89/249] 2024 | Tassé Arsène Jaurès Ouemba, Tsanou Berge...
2026-03-11 02:01:22,177 [INFO]     A metapopulation model with exit screening measure for the 2014-2016 West Africa...
2026-03-11 02:01:26,278 [INFO]     ⚠️  PDF non téléchargeable — extraction depuis abstract
2026-03-11 02:01:26,283 [INFO]     → formalism=METAPOPULATION | params=0 | geos=['Guinée', "Afrique de l'Ouest"] | confidence=0.55
2026-03-11 02:01:26,795 [INFO] 
  [90/249] 2024 | Zhang Xu-Sheng, Mandal Sema, Mohammed Ha...
2026-03-11 02:01:26,795 [INFO]     Transmission dynamics and effect of control measures on the 2022 outbreak of mpo...
2026-03-11 02:01:29,243 [INFO]     ✓ PDF téléchargé (1053 Ko)
2026-03-11 02:01:32,520 [INFO]     → formalism=NETWORK | params=1 | geos=['Royaume-Uni'] | confidence=0.80
2026-03-11 02:01:33,027 [INFO] 
  [91/249] 2024 | Zhang Yunjun, Zhou Xiaohua...
2026-03-11 02:01:33,028 [INFO]     Supercritical and homogenous transmission of monkeypox in the capital of China....
2026-03-11 02:01:33,951 [INFO]     ✓ PDF téléchargé (730 Ko)
2026-03-11 02:01:36,307 [INFO]     → formalism=SEIR | params=3 | geos=['Chine', "Afrique de l'Ouest"] | confidence=0.85
2026-03-11 02:01:36,818 [INFO] 
  [92/249] 2024 | Dennington Nina L, Grossman Marissa K, W...
2026-03-11 02:01:36,819 [INFO]     Phenotypic adaptation to temperature in the mosquito vector, Aedes aegypti....
2026-03-11 02:01:41,940 [INFO]     ✓ PDF téléchargé (481 Ko)
2026-03-11 02:01:42,593 [INFO]     → formalism=OTHER | params=0 | geos=['Australie'] | confidence=0.35
2026-03-11 02:01:43,102 [INFO] 
  [93/249] 2024 | Zhao Qiongyao, Jia Yongchao, Lu Xiaoqian...
2026-03-11 02:01:43,102 [INFO]     Insecticide Susceptibility and KDR Mutations in Aedes Albopictus Collected from ...
2026-03-11 02:01:46,653 [INFO]     ✓ PDF téléchargé (1403 Ko)
2026-03-11 02:01:47,278 [INFO]     → formalism=OTHER | params=0 | geos=['Chine'] | confidence=0.35
2026-03-11 02:01:47,788 [INFO] 
  [94/249] 2024 | Adams L, Prasinou A Karachaliou, Hadley ...
2026-03-11 02:01:47,788 [INFO]     Estimating the potential number of cases prevented by infant/ toddler immunisati...
2026-03-11 02:01:59,968 [INFO]     ✓ PDF téléchargé (2290 Ko)
2026-03-11 02:02:00,954 [INFO]     → formalism=SIS | params=0 | geos=['Allemagne'] | confidence=0.70
2026-03-11 02:02:01,463 [INFO] 
  [95/249] 2024 | Albano Giuseppina, Giorno Virginia, Torr...
2026-03-11 02:02:01,463 [INFO]     Inference of a Susceptible-Infectious stochastic model....
2026-03-11 02:02:07,025 [INFO]     ⚠️  PDF non téléchargeable — extraction depuis abstract
2026-03-11 02:02:07,030 [INFO]     → formalism=OTHER | params=0 | geos=[] | confidence=0.00
2026-03-11 02:02:07,537 [INFO] 
  [96/249] 2024 | Lope Dinah Jane, Demirhan Haydar...
2026-03-11 02:02:07,538 [INFO]     JAGS model specification for spatiotemporal epidemiological modelling....
2026-03-11 02:02:10,513 [INFO]     ✓ PDF téléchargé (865 Ko)
2026-03-11 02:02:12,055 [INFO]     → formalism=SIS | params=0 | geos=['États-Unis'] | confidence=0.55
2026-03-11 02:02:12,564 [INFO] 
  [97/249] 2024 | Lewin Antoine, O'Brien Sheila F, Seftel ...
2026-03-11 02:02:12,565 [INFO]     Risk of introducing Zika virus in the Canadian cord blood supply: A risk analysi...
2026-03-11 02:02:15,218 [INFO]     ⚠️  PDF non téléchargeable — extraction depuis abstract
2026-03-11 02:02:15,225 [INFO]     → formalism=OTHER | params=0 | geos=['Canada'] | confidence=0.35
2026-03-11 02:02:15,733 [INFO] 
  [98/249] 2024 | Ellis John, Brown Emma, Colenutt Claire,...
2026-03-11 02:02:15,734 [INFO]     Inferring transmission routes for foot-and-mouth disease virus within a cattle h...
2026-03-11 02:02:23,413 [INFO]     ✓ PDF téléchargé (249 Ko)
2026-03-11 02:02:24,400 [INFO]     → formalism=OTHER | params=0 | geos=['Italie'] | confidence=0.35
2026-03-11 02:02:24,909 [INFO] 
  [99/249] 2024 | Clancy Damian, Stewart John J H...
2026-03-11 02:02:24,909 [INFO]     Extinction in host-vector infection models and the role of heterogeneity....
2026-03-11 02:02:27,920 [INFO]     ✓ PDF téléchargé (834 Ko)
2026-03-11 02:02:29,497 [INFO]     → formalism=SIS | params=1 | geos=['Royaume-Uni'] | confidence=0.65
2026-03-11 02:02:30,008 [INFO] 
  [100/249] 2024 | Chen Jiangzhuo, Bhattacharya Parantapa, ...
2026-03-11 02:02:30,008 [INFO]     Role of heterogeneity: National scale data-driven agent-based modeling for the U...
2026-03-11 02:02:33,043 [INFO]     ✓ PDF téléchargé (15167 Ko)
2026-03-11 02:03:30,636 [INFO]     → formalism=ABM | params=1 | geos=[] | confidence=0.45
2026-03-11 02:03:30,651 [INFO]     ✓ 100 modèles insérés
2026-03-11 02:03:31,154 [INFO] 
  [101/249] 2024 | Houben R M A C, Newton J R, van Maanen C...
2026-03-11 02:03:31,154 [INFO]     Untangling the stranglehold through mathematical modelling of Streptococcus equi...
2026-03-11 02:03:34,993 [INFO]     ✓ PDF téléchargé (1231 Ko)
2026-03-11 02:03:37,368 [INFO]     → formalism=BAYESIAN | params=1 | geos=['Royaume-Uni', 'Suède'] | confidence=0.80
2026-03-11 02:03:37,876 [INFO] 
  [102/249] 2024 | Jung YeonJin, Qian Chenhao, Barnett-Neef...
2026-03-11 02:03:37,876 [INFO]     Developing an Agent-Based Model that Predicts Listeria spp. Transmission to Asse...
2026-03-11 02:03:40,926 [INFO]     ⚠️  PDF non téléchargeable — extraction depuis abstract
2026-03-11 02:03:40,933 [INFO]     → formalism=ABM | params=0 | geos=[] | confidence=0.35
2026-03-11 02:03:41,442 [INFO] 
  [103/249] 2024 | Lei Hao, Zhang Nan, Xiao Shenglan, Zhuan...
2026-03-11 02:03:41,443 [INFO]     Relative Role of Age Groups and Indoor Environments in Influenza Transmission Un...
2026-03-11 02:03:42,986 [INFO]     ✓ PDF téléchargé (4187 Ko)
2026-03-11 02:03:44,086 [INFO]     → formalism=OTHER | params=1 | geos=['Chine'] | confidence=0.45
2026-03-11 02:03:44,595 [INFO] 
  [104/249] 2024 | Banks Christopher J, Colman Ewan, Wood A...
2026-03-11 02:03:44,595 [INFO]     Modelling plausible scenarios for the Omicron SARS-CoV-2 variant from early-stag...
2026-03-11 02:03:47,890 [INFO]     ⚠️  PDF non téléchargeable — extraction depuis abstract
2026-03-11 02:03:47,896 [INFO]     → formalism=ABM | params=0 | geos=[] | confidence=0.35
2026-03-11 02:03:48,402 [INFO] 
  [105/249] 2024 | Lemaitre Joseph C, Loo Sara L, Kaminsky ...
2026-03-11 02:03:48,402 [INFO]     flepiMoP: The evolution of a flexible infectious disease modeling pipeline durin...
2026-03-11 02:03:53,629 [INFO]     ✓ PDF téléchargé (2398 Ko)
2026-03-11 02:03:54,804 [INFO]     → formalism=OTHER | params=0 | geos=['Kenya', 'Éthiopie'] | confidence=0.50
2026-03-11 02:03:55,315 [INFO] 
  [106/249] 2024 | Das Praachi, Igoe Morganne, Lacy Alexand...
2026-03-11 02:03:55,316 [INFO]     Modeling county level COVID-19 transmission in the greater St. Louis area: Chall...
2026-03-11 02:03:58,139 [INFO]     ✓ PDF téléchargé (1948 Ko)
2026-03-11 02:03:59,569 [INFO]     → formalism=OTHER | params=0 | geos=['États-Unis'] | confidence=0.35
2026-03-11 02:04:00,077 [INFO] 
  [107/249] 2024 | De Gaetano Alessandro, Barrat Alain, Pao...
2026-03-11 02:04:00,077 [INFO]     Modeling the interplay between disease spread, behaviors, and disease perception...
2026-03-11 02:04:02,847 [INFO]     ✓ PDF téléchargé (3347 Ko)
2026-03-11 02:04:04,439 [INFO]     → formalism=STOCHASTIC_SIR | params=0 | geos=['Royaume-Uni', 'Italie'] | confidence=0.70
2026-03-11 02:04:04,946 [INFO] 
  [108/249] 2023 | Buch David A, Johndrow James E, Dunson D...
2026-03-11 02:04:04,946 [INFO]     Explaining transmission rate variations and forecasting epidemic spread in multi...
2026-03-11 02:04:07,474 [INFO]     ✓ PDF téléchargé (1407 Ko)
2026-03-11 02:04:09,132 [INFO]     → formalism=SIR | params=4 | geos=['Chine', 'États-Unis'] | confidence=0.85
2026-03-11 02:04:09,645 [INFO] 
  [109/249] 2023 | Alamri Faten S, Boone Edward L, Ghanam R...
2026-03-11 02:04:09,645 [INFO]     Monitoring COVID-19 pandemic in Saudi Arabia using SEIRD model parameters with M...
2026-03-11 02:04:12,677 [INFO]     ✓ PDF téléchargé (1293 Ko)
2026-03-11 02:04:15,188 [INFO]     → formalism=SEIRD | params=0 | geos=['États-Unis'] | confidence=0.55
2026-03-11 02:04:15,700 [INFO] 
  [110/249] 2023 | Saade Masoud, Ghosh Samiran, Banerjee Ma...
2026-03-11 02:04:15,701 [INFO]     An epidemic model with time delays determined by the infectivity and disease dur...
2026-03-11 02:04:17,892 [INFO]     ⚠️  PDF non téléchargeable — extraction depuis abstract
2026-03-11 02:04:17,896 [INFO]     → formalism=OTHER | params=0 | geos=[] | confidence=0.00
2026-03-11 02:04:18,403 [INFO] 
  [111/249] 2023 | Wang Haoyu, Qiu Xihe, Yang Jinghan, Li Q...
2026-03-11 02:04:18,403 [INFO]     Neural-SEIR: A flexible data-driven framework for precise prediction of epidemic...
2026-03-11 02:04:21,381 [INFO]     ✓ PDF téléchargé (1309 Ko)
2026-03-11 02:04:25,138 [INFO]     → formalism=ABM | params=0 | geos=[] | confidence=0.50
2026-03-11 02:04:25,649 [INFO] 
  [112/249] 2023 | Amemiya Yuri, Li Tianwen, Nishiura Hiros...
2026-03-11 02:04:25,649 [INFO]     Age-dependent final size equation to anticipate mortality impact of COVID-19 in ...
2026-03-11 02:04:30,504 [INFO]     ⚠️  PDF non téléchargeable — extraction depuis abstract
2026-03-11 02:04:30,509 [INFO]     → formalism=OTHER | params=0 | geos=['Chine'] | confidence=0.35
2026-03-11 02:04:31,019 [INFO] 
  [113/249] 2023 | Luong Ngoc-Du Martin, Guillier Laurent, ...
2026-03-11 02:04:31,019 [INFO]     An agent-based model to simulate SARS-CoV-2 contamination of surfaces and meat c...
2026-03-11 02:04:33,494 [INFO]     ✓ PDF téléchargé (6798 Ko)
2026-03-11 02:04:34,667 [INFO]     → formalism=ABM | params=1 | geos=['États-Unis'] | confidence=0.65
2026-03-11 02:04:35,178 [INFO] 
  [114/249] 2023 | Lv Zimeng, Liu Xinyu, Ding Yuting...
2026-03-11 02:04:35,178 [INFO]     Dynamic behavior analysis of an SVIR epidemic model with two time delays associa...
2026-03-11 02:04:37,651 [INFO]     ⚠️  PDF non téléchargeable — extraction depuis abstract
2026-03-11 02:04:37,655 [INFO]     → formalism=OTHER | params=0 | geos=[] | confidence=0.15
2026-03-11 02:04:38,163 [INFO] 
  [115/249] 2023 | Fuderer Stefanie, Kuttler Christina, Hoe...
2026-03-11 02:04:38,163 [INFO]     Data suggested hospitalization as critical indicator of the severity of the COVI...
2026-03-11 02:04:40,626 [INFO]     ⚠️  PDF non téléchargeable — extraction depuis abstract
2026-03-11 02:04:40,631 [INFO]     → formalism=SEIR | params=0 | geos=[] | confidence=0.35
2026-03-11 02:04:41,140 [INFO] 
  [116/249] 2023 | Lu Junyi, Meyer Sebastian...
2026-03-11 02:04:41,140 [INFO]     A zero-inflated endemic-epidemic model with an application to measles time serie...
2026-03-11 02:04:43,807 [INFO]     ✓ PDF téléchargé (3119 Ko)
2026-03-11 02:04:44,777 [INFO]     → formalism=OTHER | params=1 | geos=['Chine', 'Allemagne'] | confidence=0.45
2026-03-11 02:04:45,287 [INFO] 
  [117/249] 2023 | Olivera Mesa Daniela, Winskill Peter, Gh...
2026-03-11 02:04:45,287 [INFO]     The societal cost of vaccine refusal: A modelling study using measles vaccinatio...
2026-03-11 02:04:47,901 [INFO]     ✓ PDF téléchargé (1148 Ko)
2026-03-11 02:04:54,392 [INFO]     → formalism=SEIR | params=0 | geos=['Ghana', 'Éthiopie'] | confidence=0.55
2026-03-11 02:04:54,901 [INFO] 
  [118/249] 2023 | Danquah Baaba A, Chirove Faraimunashe, B...
2026-03-11 02:04:54,902 [INFO]     Controlling malaria in a population accessing counterfeit antimalarial drugs....
2026-03-11 02:04:58,238 [INFO]     ⚠️  PDF non téléchargeable — extraction depuis abstract
2026-03-11 02:04:58,243 [INFO]     → formalism=OTHER | params=0 | geos=[] | confidence=0.00
2026-03-11 02:04:58,750 [INFO] 
  [119/249] 2023 | Mfangnia Charlène N T, Tonnang Henri E Z...
2026-03-11 02:04:58,751 [INFO]     Mathematical modelling of the interactive dynamics of wild and...
2026-03-11 02:05:02,647 [INFO]     ✓ PDF téléchargé (1669 Ko)
2026-03-11 02:05:04,310 [INFO]     → formalism=OTHER | params=0 | geos=[] | confidence=0.30
2026-03-11 02:05:04,816 [INFO] 
  [120/249] 2023 | Msosa Chimwemwe, Abdalrahman Tamer, Fran...
2026-03-11 02:05:04,816 [INFO]     An analytical model describing the mechanics of erythrocyte membrane wrapping du...
2026-03-11 02:05:04,818 [INFO]     ✓ PDF téléchargé (1088 Ko)
2026-03-11 02:05:06,322 [INFO]     → formalism=OTHER | params=0 | geos=['Afrique du Sud', 'Royaume-Uni'] | confidence=0.35
2026-03-11 02:05:06,330 [INFO]     ✓ 120 modèles insérés
2026-03-11 02:05:06,830 [INFO] 
  [121/249] 2023 | Lai Hao, Li Rui, Li Zengbin, Zhang Baomi...
2026-03-11 02:05:06,830 [INFO]     Modelling the impact of treatment adherence on the transmission of HIV drug resi...
2026-03-11 02:05:08,998 [INFO]     ✓ PDF téléchargé (502 Ko)
2026-03-11 02:05:10,687 [INFO]     → formalism=OTHER | params=1 | geos=['États-Unis'] | confidence=0.45
2026-03-11 02:05:11,197 [INFO] 
  [122/249] 2023 | Bragazzi Nicola Luigi, Han Qing, Iyaniwu...
2026-03-11 02:05:11,197 [INFO]     Adaptive changes in sexual behavior in the high-risk population in response to h...
2026-03-11 02:05:12,682 [INFO]     ✓ PDF téléchargé (4977 Ko)
2026-03-11 02:05:19,178 [INFO]     → formalism=SEIR | params=0 | geos=['Nigeria', 'Éthiopie'] | confidence=0.55
2026-03-11 02:05:19,688 [INFO] 
  [123/249] 2023 | Addai Emmanuel, Ngungu Mercy, Omoloye Mu...
2026-03-11 02:05:19,689 [INFO]     Modelling the impact of vaccination and environmental transmission on the dynami...
2026-03-11 02:05:22,614 [INFO]     ✓ PDF téléchargé (369 Ko)
2026-03-11 02:05:25,876 [INFO]     → formalism=OTHER | params=0 | geos=['Nigeria', 'États-Unis'] | confidence=0.35
2026-03-11 02:05:26,383 [INFO] 
  [124/249] 2023 | Betti Matthew I, Farrell Lauren, Heffern...
2026-03-11 02:05:26,383 [INFO]     A pair formation model with recovery: Application to mpox....
2026-03-11 02:05:32,651 [INFO]     ✓ PDF téléchargé (3724 Ko)
2026-03-11 02:05:36,846 [INFO]     → formalism=SIR | params=2 | geos=[] | confidence=0.70
2026-03-11 02:05:37,356 [INFO] 
  [125/249] 2023 | Vázquez-Peña María Guadalupe, Vargas-De-...
2026-03-11 02:05:37,356 [INFO]     Analysis and Bayesian estimation of a model for Chikungunya dynamics with relaps...
2026-03-11 02:05:39,305 [INFO]     ✓ PDF téléchargé (4114 Ko)
2026-03-11 02:05:45,438 [INFO]     → formalism=OTHER | params=1 | geos=['Chine', 'Mexique'] | confidence=0.45
2026-03-11 02:05:45,946 [INFO] 
  [126/249] 2023 | Xue Tingting, Zhang Long, Fan Xiaolin...
2026-03-11 02:05:45,946 [INFO]     Dynamic modeling and analysis of Hepatitis B epidemic with general incidence....
2026-03-11 02:05:49,130 [INFO]     ⚠️  PDF non téléchargeable — extraction depuis abstract
2026-03-11 02:05:49,136 [INFO]     → formalism=OTHER | params=0 | geos=[] | confidence=0.15
2026-03-11 02:05:49,645 [INFO] 
  [127/249] 2023 | Yosyingyong Pensiri, Viriyapong Ratchada...
2026-03-11 02:05:49,645 [INFO]     Global dynamics of multiple delays within-host model for a hepatitis B virus inf...
2026-03-11 02:05:52,206 [INFO]     ✓ PDF téléchargé (3608 Ko)
2026-03-11 02:05:53,675 [INFO]     → formalism=OTHER | params=0 | geos=['Cameroun'] | confidence=0.35
2026-03-11 02:05:54,184 [INFO] 
  [128/249] 2023 | Violaris Ioannis G, Lampros Theodoros, K...
2026-03-11 02:05:54,184 [INFO]     Modelling the COVID-19 pandemic: Focusing on the case of Greece....
2026-03-11 02:05:57,018 [INFO]     ⚠️  PDF non téléchargeable — extraction depuis abstract
2026-03-11 02:05:57,026 [INFO]     → formalism=SEIR | params=0 | geos=['Allemagne', 'Italie'] | confidence=0.55
2026-03-11 02:05:57,535 [INFO] 
  [129/249] 2023 | Torku Thomas, Khaliq Abdul, Rihan Fathal...
2026-03-11 02:05:57,536 [INFO]     SEINN: A deep learning algorithm for the stochastic epidemic model....
2026-03-11 02:06:14,727 [INFO]     ⚠️  PDF non téléchargeable — extraction depuis abstract
2026-03-11 02:06:14,732 [INFO]     → formalism=OTHER | params=0 | geos=['États-Unis'] | confidence=0.20
2026-03-11 02:06:15,240 [INFO] 
  [130/249] 2023 | Beaunée G, Deslandes F, Vergu E...
2026-03-11 02:06:15,240 [INFO]     Inferring ASF transmission in domestic pigs and wild boars using a paired model ...
2026-03-11 02:06:18,219 [INFO]     ✓ PDF téléchargé (831 Ko)
2026-03-11 02:06:19,418 [INFO]     → formalism=ABM | params=0 | geos=['France'] | confidence=0.55
2026-03-11 02:06:19,929 [INFO] 
  [131/249] 2023 | Gressani Oswaldo, Faes Christel, Hens Ni...
2026-03-11 02:06:19,929 [INFO]     An approximate Bayesian approach for estimation of the instantaneous reproductio...
2026-03-11 02:06:21,703 [INFO]     ✓ PDF téléchargé (3755 Ko)
2026-03-11 02:06:23,157 [INFO]     → formalism=RENEWAL_EQUATION | params=1 | geos=['Canada'] | confidence=0.80
2026-03-11 02:06:23,664 [INFO] 
  [132/249] 2023 | Pickles Michael, Gregson Simon, Moorhous...
2026-03-11 02:06:23,664 [INFO]     Strengthening the HIV prevention cascade to maximise epidemiological impact in e...
2026-03-11 02:06:26,307 [INFO]     ✓ PDF téléchargé (37 Ko)
2026-03-11 02:06:26,467 [INFO]     → formalism=OTHER | params=0 | geos=['États-Unis', 'Australie'] | confidence=0.35
2026-03-11 02:06:26,976 [INFO] 
  [133/249] 2023 | Milwid Rachael M, Li Michael, Fazil Aami...
2026-03-11 02:06:26,977 [INFO]     Exploring the dynamics of the 2022 mpox outbreak in Canada....
2026-03-11 02:06:28,971 [INFO]     ✓ PDF téléchargé (3128 Ko)
2026-03-11 02:06:32,596 [INFO]     → formalism=SEIR | params=2 | geos=['Canada'] | confidence=0.75
2026-03-11 02:06:33,107 [INFO] 
  [134/249] 2023 | Guilder James, Ryder David, Taylor Nick ...
2026-03-11 02:06:33,108 [INFO]     The aquaculture disease network model (AquaNet-Mod): A simulation model to evalu...
2026-03-11 02:06:36,140 [INFO]     ✓ PDF téléchargé (4626 Ko)
2026-03-11 02:06:38,129 [INFO]     → formalism=NETWORK | params=0 | geos=['Chine', 'Royaume-Uni'] | confidence=0.55
2026-03-11 02:06:38,638 [INFO] 
  [135/249] 2023 | Davies Kale, Lenhart Suzanne, Day Judy, ...
2026-03-11 02:06:38,639 [INFO]     Extensions of mean-field approximations for environmentally-transmitted pathogen...
2026-03-11 02:06:41,050 [INFO]     ⚠️  PDF non téléchargeable — extraction depuis abstract
2026-03-11 02:06:41,055 [INFO]     → formalism=NETWORK | params=0 | geos=[] | confidence=0.35
2026-03-11 02:06:41,562 [INFO] 
  [136/249] 2023 | Benhamou Wakinyan, Lion Sébastien, Choqu...
2026-03-11 02:06:41,562 [INFO]     Phenotypic evolution of SARS-CoV-2: a statistical inference approach....
2026-03-11 02:06:43,638 [INFO]     ✓ PDF téléchargé (4910 Ko)
2026-03-11 02:06:47,853 [INFO]     → formalism=ABM | params=0 | geos=['Chine', 'France'] | confidence=0.55
2026-03-11 02:06:48,363 [INFO] 
  [137/249] 2023 | León Ugo Avila-Ponce de, Pérez Angel G C...
2026-03-11 02:06:48,364 [INFO]     Modeling the SARS-CoV-2 Omicron variant dynamics in the United States with boost...
2026-03-11 02:06:52,210 [INFO]     ⚠️  PDF non téléchargeable — extraction depuis abstract
2026-03-11 02:06:52,215 [INFO]     → formalism=OTHER | params=0 | geos=['États-Unis'] | confidence=0.20
2026-03-11 02:06:52,722 [INFO] 
  [138/249] 2022 | Barrios-Rivera Edwin, Bastidas-Santacruz...
2026-03-11 02:06:52,722 [INFO]     A synthesized model of tuberculosis transmission featuring treatment abandonment...
2026-03-11 02:06:54,360 [INFO]     ⚠️  PDF non téléchargeable — extraction depuis abstract
2026-03-11 02:06:54,365 [INFO]     → formalism=OTHER | params=0 | geos=[] | confidence=0.00
2026-03-11 02:06:54,872 [INFO] 
  [139/249] 2022 | Xu Ao, Wen Ze-Xuan, Wang Yue, Wang Wei-B...
2026-03-11 02:06:54,872 [INFO]     Prediction of different interventions on the burden of drug-resistant tuberculos...
2026-03-11 02:06:59,078 [INFO]     ✓ PDF téléchargé (8810 Ko)
2026-03-11 02:07:01,940 [INFO]     → formalism=OTHER | params=0 | geos=['Chine'] | confidence=0.35
2026-03-11 02:07:02,449 [INFO] 
  [140/249] 2022 | Hajji Miled El, Albargi Amer Hassan...
2026-03-11 02:07:02,450 [INFO]     A mathematical investigation of an "SVEIR" epidemic model for the measles transm...
2026-03-11 02:07:04,606 [INFO]     ✓ PDF téléchargé (2660 Ko)
2026-03-11 02:07:05,367 [INFO]     → formalism=ABM | params=0 | geos=['Brésil'] | confidence=0.55
2026-03-11 02:07:05,378 [INFO]     ✓ 140 modèles insérés
2026-03-11 02:07:05,878 [INFO] 
  [141/249] 2022 | Pokharel Anjana, Adhikari Khagendra, Gau...
2026-03-11 02:07:05,878 [INFO]     Modeling transmission dynamics of measles in Nepal and its control with monitore...
2026-03-11 02:07:09,111 [INFO]     ✓ PDF téléchargé (2366 Ko)
2026-03-11 02:07:10,749 [INFO]     → formalism=NETWORK | params=0 | geos=['États-Unis'] | confidence=0.55
2026-03-11 02:07:11,259 [INFO] 
  [142/249] 2022 | Shi Yangyang, Zhao Hongyong, Zhang Xuebi...
2026-03-11 02:07:11,259 [INFO]     Dynamics of a multi-strain malaria model with diffusion in a periodic environmen...
2026-03-11 02:07:13,409 [INFO]     ⚠️  PDF non téléchargeable — extraction depuis abstract
2026-03-11 02:07:13,411 [INFO]     → formalism=OTHER | params=0 | geos=[] | confidence=0.00
2026-03-11 02:07:13,918 [INFO] 
  [143/249] 2022 | Johnson Leigh F, Meyer-Rath Gesine, Dorr...
2026-03-11 02:07:13,918 [INFO]     The Effect of HIV Programs in South Africa on National HIV Incidence Trends, 200...
2026-03-11 02:07:47,500 [INFO]     ⚠️  PDF non téléchargeable — extraction depuis abstract
2026-03-11 02:07:47,506 [INFO]     → formalism=OTHER | params=0 | geos=['Afrique du Sud'] | confidence=0.35
2026-03-11 02:07:48,014 [INFO] 
  [144/249] 2022 | Flountzi Eleni, Lim Aaron G, Vickerman P...
2026-03-11 02:07:48,014 [INFO]     Modeling the impact of interventions during an outbreak of HIV infection among p...
2026-03-11 02:07:51,881 [INFO]     ✓ PDF téléchargé (1072 Ko)
2026-03-11 02:07:53,396 [INFO]     → formalism=SIS | params=0 | geos=['Royaume-Uni', 'États-Unis'] | confidence=0.70
2026-03-11 02:07:53,905 [INFO] 
  [145/249] 2022 | Liu Zhiping, Jin Zhen, Yang Junyuan, Zha...
2026-03-11 02:07:53,905 [INFO]     The backward bifurcation of an age-structured cholera transmission model with sa...
2026-03-11 02:07:58,880 [INFO]     ✓ PDF téléchargé (1368 Ko)
2026-03-11 02:08:02,789 [INFO]     → formalism=SEIR | params=0 | geos=['Chine'] | confidence=0.70
2026-03-11 02:08:03,296 [INFO] 
  [146/249] 2022 | Endo Akira, Murayama Hiroaki, Abbott Sam...
2026-03-11 02:08:03,296 [INFO]     Heavy-tailed sexual contact networks and monkeypox epidemiology in the global ou...
2026-03-11 02:08:05,638 [INFO]     ✓ PDF téléchargé (871 Ko)
2026-03-11 02:08:06,159 [INFO]     → formalism=OTHER | params=0 | geos=['Nigeria', 'Royaume-Uni'] | confidence=0.35
2026-03-11 02:08:06,669 [INFO] 
  [147/249] 2022 | Meiksin Avery...
2026-03-11 02:08:06,669 [INFO]     Using the SEIR model to constrain the role of contaminated fomites in spreading ...
2026-03-11 02:08:09,936 [INFO]     ✓ PDF téléchargé (2050 Ko)
2026-03-11 02:08:10,674 [INFO]     → formalism=SEIR | params=0 | geos=['Chine', 'Royaume-Uni'] | confidence=0.55
2026-03-11 02:08:11,185 [INFO] 
  [148/249] 2022 | Feng Lin, Chen Ziren, Jr Harold A Lay, F...
2026-03-11 02:08:11,185 [INFO]     Data driven time-varying SEIR-LSTM/GRU algorithms to track the spread of COVID-1...
2026-03-11 02:08:13,315 [INFO]     ✓ PDF téléchargé (4103 Ko)
2026-03-11 02:08:15,192 [INFO]     → formalism=SEIR | params=0 | geos=['Chine'] | confidence=0.55
2026-03-11 02:08:15,701 [INFO] 
  [149/249] 2022 | Zerenner T, Di Lauro F, Dashti M, Bertho...
2026-03-11 02:08:15,702 [INFO]     Probabilistic predictions of SIS epidemics on networks based on population-level...
2026-03-11 02:08:18,535 [INFO]     ⚠️  PDF non téléchargeable — extraction depuis abstract
2026-03-11 02:08:18,544 [INFO]     → formalism=SIS | params=0 | geos=[] | confidence=0.35
2026-03-11 02:08:19,052 [INFO] 
  [150/249] 2022 | Tuncer Necibe, Timsina Archana, Nuno Mir...
2026-03-11 02:08:19,052 [INFO]     Parameter identifiability and optimal control of an SARS-CoV-2 model early in th...
2026-03-11 02:08:21,513 [INFO]     ✓ PDF téléchargé (5874 Ko)
2026-03-11 02:08:22,731 [INFO]     → formalism=SIR | params=2 | geos=['Espagne', 'États-Unis'] | confidence=0.75
2026-03-11 02:08:23,245 [INFO] 
  [151/249] 2022 | Dankwa Emmanuelle A, Lambert Sébastien, ...
2026-03-11 02:08:23,245 [INFO]     Stochastic modelling of African swine fever in wild boar and domestic pigs: Epid...
2026-03-11 02:08:26,427 [INFO]     ✓ PDF téléchargé (5637 Ko)
2026-03-11 02:08:27,684 [INFO]     → formalism=OTHER | params=0 | geos=['Italie', 'Espagne'] | confidence=0.35
2026-03-11 02:08:28,194 [INFO] 
  [152/249] 2021 | Yang Yichi, Asai Yusuke, Nishiura Hirosh...
2026-03-11 02:08:28,195 [INFO]     A method for estimating the transmissibility of influenza using serial cross-sec...
2026-03-11 02:08:30,910 [INFO]     ⚠️  PDF non téléchargeable — extraction depuis abstract
2026-03-11 02:08:30,917 [INFO]     → formalism=OTHER | params=0 | geos=[] | confidence=0.00
2026-03-11 02:08:31,424 [INFO] 
  [153/249] 2021 | de Boer Pieter T, Nagy Lisa, Dolk Frankl...
2026-03-11 02:08:31,424 [INFO]     Cost-Effectiveness of Pediatric Influenza Vaccination in The Netherlands....
2026-03-11 02:08:34,206 [INFO]     ✓ PDF téléchargé (409 Ko)
2026-03-11 02:08:35,572 [INFO]     → formalism=OTHER | params=0 | geos=['Royaume-Uni', 'Allemagne'] | confidence=0.35
2026-03-11 02:08:36,081 [INFO] 
  [154/249] 2021 | Castry Mathieu, Cousien Anthony, Supervi...
2026-03-11 02:08:36,082 [INFO]     Impact of test-and-treat and risk reduction strategies on HCV transmission among...
2026-03-11 02:08:42,501 [INFO]     ✓ PDF téléchargé (767 Ko)
2026-03-11 02:08:44,452 [INFO]     → formalism=SIS | params=0 | geos=['France'] | confidence=0.55
2026-03-11 02:08:44,962 [INFO] 
  [155/249] 2021 | Booton Ross D, Ong Jason J, Lee Amy, Liu...
2026-03-11 02:08:44,962 [INFO]     Modelling the impact of an HIV testing intervention on HIV transmission among me...
2026-03-11 02:08:47,929 [INFO]     ✓ PDF téléchargé (989 Ko)
2026-03-11 02:08:48,910 [INFO]     → formalism=OTHER | params=0 | geos=['Chine'] | confidence=0.35
2026-03-11 02:08:49,417 [INFO] 
  [156/249] 2021 | Lanièce Delaunay Charlotte, Godin Arnaud...
2026-03-11 02:08:49,418 [INFO]     Can hepatitis C elimination targets be sustained among people who inject drugs p...
2026-03-11 02:08:57,452 [INFO]     ✓ PDF téléchargé (428 Ko)
2026-03-11 02:08:59,115 [INFO]     → formalism=SIS | params=0 | geos=['Canada', 'Australie'] | confidence=0.55
2026-03-11 02:08:59,626 [INFO] 
  [157/249] 2021 | Che Eric, Numfor Eric, Lenhart Suzanne, ...
2026-03-11 02:08:59,626 [INFO]     Mathematical modeling of the influence of cultural practices on cholera infectio...
2026-03-11 02:09:02,882 [INFO]     ✓ PDF téléchargé (1388 Ko)
2026-03-11 02:09:06,226 [INFO]     → formalism=OTHER | params=1 | geos=['Cameroun'] | confidence=0.60
2026-03-11 02:09:06,730 [INFO] 
  [158/249] 2021 | Botelho Christopher, Dzevela Kong Jude, ...
2026-03-11 02:09:06,731 [INFO]     A mathematical model for Vibrio-phage interactions....
2026-03-11 02:09:09,025 [INFO]     ✓ PDF téléchargé (1917 Ko)
2026-03-11 02:09:10,691 [INFO]     → formalism=METAPOPULATION | params=0 | geos=['Suède', 'États-Unis'] | confidence=0.70
2026-03-11 02:09:11,203 [INFO] 
  [159/249] 2021 | Lu Min, Shu Yaqin, Huang Jicai, Ruan Shi...
2026-03-11 02:09:11,203 [INFO]     Modelling homosexual and heterosexual transmissions of hepatitis B virus in Chin...
2026-03-11 02:09:12,913 [INFO]     ✓ PDF téléchargé (8192 Ko)
2026-03-11 02:09:29,310 [INFO]     → formalism=OTHER | params=2 | geos=['Thaïlande', 'Inde'] | confidence=0.55
2026-03-11 02:09:29,821 [INFO] 
  [160/249] 2021 | Azizi Asma, Dewar Jeremy, Qu Zhuolin, Hy...
2026-03-11 02:09:29,821 [INFO]     Using an agent-based sexual-network model to analyze the impact of mitigation ef...
2026-03-11 02:09:34,113 [INFO]     ✓ PDF téléchargé (2338 Ko)
2026-03-11 02:09:37,533 [INFO]     → formalism=NETWORK | params=0 | geos=['États-Unis'] | confidence=0.55
2026-03-11 02:09:37,547 [INFO]     ✓ 160 modèles insérés
2026-03-11 02:09:38,047 [INFO] 
  [161/249] 2021 | Chanchaidechachai Thanicha, de Jong Mart...
2026-03-11 02:09:38,047 [INFO]     Spatial model of foot-and-mouth disease outbreak in an endemic area of Thailand....
2026-03-11 02:09:43,231 [INFO]     ✓ PDF téléchargé (3200 Ko)
2026-03-11 02:09:44,031 [INFO]     → formalism=SEIR | params=0 | geos=['Thaïlande', 'États-Unis'] | confidence=0.70
2026-03-11 02:09:44,539 [INFO] 
  [162/249] 2020 | Brugger Jon, Althaus Christian L...
2026-03-11 02:09:44,539 [INFO]     Transmission of and susceptibility to seasonal influenza in Switzerland from 200...
2026-03-11 02:09:48,038 [INFO]     ✓ PDF téléchargé (2878 Ko)
2026-03-11 02:09:49,342 [INFO]     → formalism=OTHER | params=0 | geos=['Chine', 'États-Unis'] | confidence=0.50
2026-03-11 02:09:49,851 [INFO] 
  [163/249] 2020 | Yan Ada W C, Zhou Jie, Beauchemin Cather...
2026-03-11 02:09:49,851 [INFO]     Quantifying mechanistic traits of influenza viral dynamics using in vitro data....
2026-03-11 02:09:56,127 [INFO]     ✓ PDF téléchargé (2251 Ko)
2026-03-11 02:09:57,642 [INFO]     → formalism=ABM | params=1 | geos=['États-Unis'] | confidence=0.65
2026-03-11 02:09:58,153 [INFO] 
  [164/249] 2020 | Li Dong Mei, Chai Bing, Liu Wei Hua, Wen...
2026-03-11 02:09:58,153 [INFO]     Qualitative analysis of a class of SISM epidemic model influenced by media publi...
2026-03-11 02:10:02,268 [INFO]     ⚠️  PDF non téléchargeable — extraction depuis abstract
2026-03-11 02:10:02,271 [INFO]     → formalism=OTHER | params=0 | geos=[] | confidence=0.15
2026-03-11 02:10:02,779 [INFO] 
  [165/249] 2020 | Fakhruddin Muhammad, Suandi Dani, Sumiat...
2026-03-11 02:10:02,779 [INFO]     Investigation of a measles transmission with vaccination: a case study in Jakart...
2026-03-11 02:10:06,985 [INFO]     ✓ PDF téléchargé (13612 Ko)
2026-03-11 02:10:08,613 [INFO]     → formalism=SEIR | params=0 | geos=['Ghana', 'Indonésie'] | confidence=0.55
2026-03-11 02:10:09,121 [INFO] 
  [166/249] 2020 | Linton Natalie Marie, Keita Mory, Moitin...
2026-03-11 02:10:09,121 [INFO]     Impact of mass vaccination campaigns on measles transmission during an outbreak ...
2026-03-11 02:10:21,625 [INFO]     ✓ PDF téléchargé (1413 Ko)
2026-03-11 02:10:23,049 [INFO]     → formalism=SEIR | params=1 | geos=['Guinée', 'Thaïlande'] | confidence=0.65
2026-03-11 02:10:23,560 [INFO] 
  [167/249] 2020 | Sequeira João, Louçã Jorge, Mendes Antón...
2026-03-11 02:10:23,560 [INFO]     Transition from endemic behavior to eradication of malaria due to combined drug ...
2026-03-11 02:10:23,565 [INFO]     ✓ PDF téléchargé (684 Ko)
2026-03-11 02:10:26,394 [INFO]     → formalism=ABM | params=0 | geos=[] | confidence=0.35
2026-03-11 02:10:26,903 [INFO] 
  [168/249] 2020 | Xue Yuyi, Xiao Yanni...
2026-03-11 02:10:26,903 [INFO]     Analysis of a multiscale HIV-1 model coupling within-host viral dynamics and bet...
2026-03-11 02:10:30,021 [INFO]     ✓ PDF téléchargé (1666 Ko)
2026-03-11 02:10:30,790 [INFO]     → formalism=OTHER | params=0 | geos=['États-Unis'] | confidence=0.50
2026-03-11 02:10:31,295 [INFO] 
  [169/249] 2020 | Su Shu, Fairley Christopher K, Mao Limin...
2026-03-11 02:10:31,295 [INFO]     Estimation of the impact of changing drug-use trend on HIV, hepatitis C and syph...
2026-03-11 02:10:33,607 [INFO]     ✓ PDF téléchargé (2016 Ko)
2026-03-11 02:10:35,720 [INFO]     → formalism=OTHER | params=0 | geos=['Chine', 'Australie'] | confidence=0.35
2026-03-11 02:10:36,230 [INFO] 
  [170/249] 2020 | Song Chenwei, Xu Rui, Bai Ning, Tian Xia...
2026-03-11 02:10:36,231 [INFO]     Global dynamics and optimal control of a cholera transmission model with vaccina...
2026-03-11 02:10:39,590 [INFO]     ⚠️  PDF non téléchargeable — extraction depuis abstract
2026-03-11 02:10:39,595 [INFO]     → formalism=OTHER | params=0 | geos=[] | confidence=0.00
2026-03-11 02:10:40,098 [INFO] 
  [171/249] 2019 | Leonenko Vasiliy, Bobashev Georgiy...
2026-03-11 02:10:40,099 [INFO]     Analyzing influenza outbreaks in Russia using an age-structured dynamic transmis...
2026-03-11 02:10:44,970 [INFO]     ✓ PDF téléchargé (2097 Ko)
2026-03-11 02:10:46,119 [INFO]     → formalism=SIR | params=0 | geos=['Chine', 'États-Unis'] | confidence=0.55
2026-03-11 02:10:46,629 [INFO] 
  [172/249] 2019 | Kim Soyoung, Jung Eunok...
2026-03-11 02:10:46,629 [INFO]     Prioritization of vaccine strategy using an age-dependent mathematical model for...
2026-03-11 02:10:49,479 [INFO]     ✓ PDF téléchargé (825 Ko)
2026-03-11 02:10:50,379 [INFO]     → formalism=OTHER | params=0 | geos=['Chine', 'Royaume-Uni'] | confidence=0.35
2026-03-11 02:10:50,888 [INFO] 
  [173/249] 2019 | Safan Muntaser...
2026-03-11 02:10:50,888 [INFO]     Mathematical analysis of an SIR respiratory infection model with sex and gender ...
2026-03-11 02:10:53,810 [INFO]     ✓ PDF téléchargé (2105 Ko)
2026-03-11 02:10:55,797 [INFO]     → formalism=SIR | params=2 | geos=[] | confidence=0.55
2026-03-11 02:10:56,310 [INFO] 
  [174/249] 2019 | Backer J A, Wallinga J, Meijer A, Donker...
2026-03-11 02:10:56,310 [INFO]     The impact of influenza vaccination on infection, hospitalisation and mortality ...
2026-03-11 02:10:59,514 [INFO]     ✓ PDF téléchargé (2129 Ko)
2026-03-11 02:11:00,808 [INFO]     → formalism=OTHER | params=0 | geos=['Pays-Bas'] | confidence=0.35
2026-03-11 02:11:01,319 [INFO] 
  [175/249] 2019 | Miranda Gisele H B, Baetens Jan M, Bossu...
2026-03-11 02:11:01,319 [INFO]     Real-time prediction of influenza outbreaks in Belgium....
2026-03-11 02:11:04,839 [INFO]     ✓ PDF téléchargé (13020 Ko)
2026-03-11 02:11:06,071 [INFO]     → formalism=SEIRD | params=0 | geos=['Belgique'] | confidence=0.55
2026-03-11 02:11:06,580 [INFO] 
  [176/249] 2019 | Backer J A, van Boven M, van der Hoek W,...
2026-03-11 02:11:06,580 [INFO]     Vaccinating children against influenza increases variability in epidemic size....
2026-03-11 02:11:10,879 [INFO]     ✓ PDF téléchargé (2096 Ko)
2026-03-11 02:11:15,028 [INFO]     → formalism=RENEWAL_EQUATION | params=0 | geos=['Allemagne'] | confidence=0.70
2026-03-11 02:11:15,538 [INFO] 
  [177/249] 2019 | Cui Jing'an, Zhang Ya'nan, Feng Zhi Lan,...
2026-03-11 02:11:15,538 [INFO]     Influence of asymptomatic infections for the effectiveness of facemasks during p...
2026-03-11 02:11:19,994 [INFO]     ✓ PDF téléchargé (694 Ko)
2026-03-11 02:11:20,759 [INFO]     → formalism=OTHER | params=0 | geos=['Royaume-Uni'] | confidence=0.35
2026-03-11 02:11:21,269 [INFO] 
  [178/249] 2019 | Roberts M G, Hickson R I, McCaw J M, Tal...
2026-03-11 02:11:21,269 [INFO]     A simple influenza model with complicated dynamics....
2026-03-11 02:11:25,216 [INFO]     ✓ PDF téléchargé (2849 Ko)
2026-03-11 02:11:27,996 [INFO]     → formalism=SIR | params=1 | geos=['États-Unis'] | confidence=0.65
2026-03-11 02:11:28,506 [INFO] 
  [179/249] 2019 | Harris Rebecca C, Sumner Tom, Knight Gwe...
2026-03-11 02:11:28,506 [INFO]     Age-targeted tuberculosis vaccination in China and implications for vaccine deve...
2026-03-11 02:11:30,236 [INFO]     ✓ PDF téléchargé (1519 Ko)
2026-03-11 02:11:31,324 [INFO]     → formalism=OTHER | params=0 | geos=['Chine'] | confidence=0.35
2026-03-11 02:11:31,835 [INFO] 
  [180/249] 2019 | Xu Rui, Yang Junyuan, Tian Xiaohong, Lin...
2026-03-11 02:11:31,836 [INFO]     Global dynamics of a tuberculosis model with fast and slow progression and age-d...
2026-03-11 02:11:34,837 [INFO]     ⚠️  PDF non téléchargeable — extraction depuis abstract
2026-03-11 02:11:34,842 [INFO]     → formalism=OTHER | params=0 | geos=[] | confidence=0.00
2026-03-11 02:11:34,849 [INFO]     ✓ 180 modèles insérés
2026-03-11 02:11:35,349 [INFO] 
  [181/249] 2019 | Nkamba Leontine Nkague, Manga Thomas Tim...
2026-03-11 02:11:35,349 [INFO]     Mathematical model to assess vaccination and effective contact rate impact in th...
2026-03-11 02:11:36,686 [INFO]     ✓ PDF téléchargé (2880 Ko)
2026-03-11 02:11:39,111 [INFO]     → formalism=SEIR | params=0 | geos=['Nigeria', 'Chine'] | confidence=0.55
2026-03-11 02:11:39,618 [INFO] 
  [182/249] 2019 | Treibert Sarah, Brunner Helmut, Ehrhardt...
2026-03-11 02:11:39,618 [INFO]     Compartment models for vaccine effectiveness and non-specific effects for Tuberc...
2026-03-11 02:11:42,009 [INFO]     ✓ PDF téléchargé (1305 Ko)
2026-03-11 02:11:43,368 [INFO]     → formalism=OTHER | params=0 | geos=['Inde', 'Chine'] | confidence=0.35
2026-03-11 02:11:43,881 [INFO] 
  [183/249] 2019 | Wang Zi Zi, Guo Zhi Ming, Smith Hal...
2026-03-11 02:11:43,881 [INFO]     A mathematical model of oncolytic virotherapy with time delay....
2026-03-11 02:11:46,927 [INFO]     ✓ PDF téléchargé (7606 Ko)
2026-03-11 02:12:00,277 [INFO]     → formalism=ABM | params=1 | geos=['Canada'] | confidence=0.65
2026-03-11 02:12:00,788 [INFO] 
  [184/249] 2019 | Zimmermann Marita, Frey Kurt, Hagedorn B...
2026-03-11 02:12:00,789 [INFO]     Optimization of frequency and targeting of measles supplemental immunization act...
2026-03-11 02:12:03,310 [INFO]     ✓ PDF téléchargé (4115 Ko)
2026-03-11 02:12:07,654 [INFO]     → formalism=SIS | params=1 | geos=['Nigeria', 'Inde'] | confidence=0.65
2026-03-11 02:12:08,164 [INFO] 
  [185/249] 2019 | Nwankwo Ann, Okuonghae Daniel...
2026-03-11 02:12:08,165 [INFO]     Mathematical assessment of the impact of different microclimate conditions on ma...
2026-03-11 02:12:12,111 [INFO]     ⚠️  PDF non téléchargeable — extraction depuis abstract
2026-03-11 02:12:12,116 [INFO]     → formalism=OTHER | params=0 | geos=[] | confidence=0.00
2026-03-11 02:12:12,626 [INFO] 
  [186/249] 2019 | Okuneye Kamaldeen, Eikenberry Steffen E,...
2026-03-11 02:12:12,626 [INFO]     Weather-driven malaria transmission model with gonotrophic and sporogonic cycles...
2026-03-11 02:12:16,008 [INFO]     ✓ PDF téléchargé (3737 Ko)
2026-03-11 02:12:17,478 [INFO]     → formalism=SIS | params=0 | geos=[] | confidence=0.35
2026-03-11 02:12:17,986 [INFO] 
  [187/249] 2019 | Ding Qian, Liu Jian, Guo Zhi Ming...
2026-03-11 02:12:17,986 [INFO]     Dynamics of a malaria infection model with time delay....
2026-03-11 02:12:22,764 [INFO]     ✓ PDF téléchargé (163 Ko)
2026-03-11 02:12:23,873 [INFO]     → formalism=NETWORK | params=1 | geos=['Chine'] | confidence=0.65
2026-03-11 02:12:24,384 [INFO] 
  [188/249] 2019 | Ratchford Conrad, Wang Jin...
2026-03-11 02:12:24,384 [INFO]     Multi-scale modeling of cholera dynamics in a spatially heterogeneous environmen...
2026-03-11 02:12:27,885 [INFO]     ✓ PDF téléchargé (749 Ko)
2026-03-11 02:12:29,394 [INFO]     → formalism=METAPOPULATION | params=1 | geos=['États-Unis'] | confidence=0.65
2026-03-11 02:12:29,902 [INFO] 
  [189/249] 2019 | Phelps Matthew D, Simonsen Lone, Jensen ...
2026-03-11 02:12:29,902 [INFO]     Individual and household exposures associated with cholera transmission in case-...
2026-03-11 02:12:32,084 [INFO]     ✓ PDF téléchargé (835 Ko)
2026-03-11 02:12:32,959 [INFO]     → formalism=OTHER | params=0 | geos=[] | confidence=0.15
2026-03-11 02:12:33,468 [INFO] 
  [190/249] 2019 | Khan Tahir, Jung Ii Hyo, Zaman Gul...
2026-03-11 02:12:33,468 [INFO]     A stochastic model for the transmission dynamics of hepatitis B virus....
2026-03-11 02:12:35,563 [INFO]     ✓ PDF téléchargé (2262 Ko)
2026-03-11 02:12:37,403 [INFO]     → formalism=OTHER | params=0 | geos=['Chine', 'Royaume-Uni'] | confidence=0.35
2026-03-11 02:12:37,912 [INFO] 
  [191/249] 2019 | Zhang Tai Lei, Li Hui, Xie Na, Fu Wen Hu...
2026-03-11 02:12:37,912 [INFO]     Mathematical analysis and simulation of a Hepatitis B model with time delay: A c...
2026-03-11 02:12:41,403 [INFO]     ✓ PDF téléchargé (2654 Ko)
2026-03-11 02:12:46,875 [INFO]     → formalism=OTHER | params=0 | geos=['Chine'] | confidence=0.35
2026-03-11 02:12:47,381 [INFO] 
  [192/249] 2018 | Leung Ka Yin, Trapman Pieter, Britton To...
2026-03-11 02:12:47,382 [INFO]     Who is the infector? Epidemic models with symptomatic and asymptomatic cases....
2026-03-11 02:12:54,612 [INFO]     ✓ PDF téléchargé (3416 Ko)
2026-03-11 02:12:55,573 [INFO]     → formalism=SEIR | params=1 | geos=['États-Unis'] | confidence=0.65
2026-03-11 02:12:56,081 [INFO] 
  [193/249] 2018 | Yaari Rami, Dattner Itai, Huppert Amit...
2026-03-11 02:12:56,081 [INFO]     A two-stage approach for estimating the parameters of an age-group epidemic mode...
2026-03-11 02:12:56,084 [INFO]     ✓ PDF téléchargé (1152 Ko)
2026-03-11 02:12:58,247 [INFO]     → formalism=NETWORK | params=0 | geos=[] | confidence=0.35
2026-03-11 02:12:58,757 [INFO] 
  [194/249] 2018 | Fu Han, Lin Hsien-Ho, Hallett Timothy B,...
2026-03-11 02:12:58,758 [INFO]     Modelling the effect of discontinuing universal Bacillus Calmette-Guérin vaccina...
2026-03-11 02:13:01,983 [INFO]     ✓ PDF téléchargé (1200 Ko)
2026-03-11 02:13:02,775 [INFO]     → formalism=OTHER | params=0 | geos=['États-Unis', 'Australie'] | confidence=0.35
2026-03-11 02:13:03,285 [INFO] 
  [195/249] 2018 | Ciaravino G, García-Saenz A, Cabras S, A...
2026-03-11 02:13:03,285 [INFO]     Assessing the variability in transmission of bovine tuberculosis within Spanish ...
2026-03-11 02:13:06,184 [INFO]     ✓ PDF téléchargé (1418 Ko)
2026-03-11 02:13:07,252 [INFO]     → formalism=OTHER | params=0 | geos=['Espagne'] | confidence=0.35
2026-03-11 02:13:07,761 [INFO] 
  [196/249] 2018 | Bakary Traoré, Boureima Sangaré, Sado Tr...
2026-03-11 02:13:07,761 [INFO]     A mathematical model of malaria transmission in a periodic environment....
2026-03-11 02:13:10,586 [INFO]     ✓ PDF téléchargé (8478 Ko)
2026-03-11 02:13:17,025 [INFO]     → formalism=SIR | params=1 | geos=['Éthiopie'] | confidence=0.65
2026-03-11 02:13:17,535 [INFO] 
  [197/249] 2018 | Shcherbacheva Anna, Haario Heikki, Kille...
2026-03-11 02:13:17,535 [INFO]     Modeling host-seeking behavior of African malaria vector mosquitoes in the prese...
2026-03-11 02:13:20,830 [INFO]     ✓ PDF téléchargé (862 Ko)
2026-03-11 02:13:22,530 [INFO]     → formalism=BAYESIAN | params=0 | geos=['Ghana'] | confidence=0.55
2026-03-11 02:13:23,037 [INFO] 
  [198/249] 2018 | Yakob Laith, Lloyd Alun L, Kao Rowland R...
2026-03-11 02:13:23,037 [INFO]     Plasmodium knowlesi invasion following spread by infected mosquitoes, macaques a...
2026-03-11 02:13:26,765 [INFO]     ✓ PDF téléchargé (1457 Ko)
2026-03-11 02:13:27,693 [INFO]     → formalism=OTHER | params=0 | geos=['États-Unis', 'Brésil'] | confidence=0.35
2026-03-11 02:13:28,200 [INFO] 
  [199/249] 2018 | Berge Tsanou, Bowong Samuel, Lubuma Jean...
2026-03-11 02:13:28,200 [INFO]     Modeling ebola virus disease transmissions with reservoir in a complex virus lif...
2026-03-11 02:13:31,271 [INFO]     ✓ PDF téléchargé (2364 Ko)
2026-03-11 02:13:32,718 [INFO]     → formalism=OTHER | params=0 | geos=['Italie', 'Espagne'] | confidence=0.20
2026-03-11 02:13:33,225 [INFO] 
  [200/249] 2018 | Zahid Mondal Hasan, Kribs Christopher M...
2026-03-11 02:13:33,225 [INFO]     Ebola: Impact of hospital's admission policy in an overwhelmed scenario....
2026-03-11 02:13:36,593 [INFO]     ✓ PDF téléchargé (1162 Ko)
2026-03-11 02:13:37,512 [INFO]     → formalism=SIS | params=0 | geos=['Kenya', 'Afrique du Sud'] | confidence=0.55
2026-03-11 02:13:37,519 [INFO]     ✓ 200 modèles insérés
2026-03-11 02:13:38,019 [INFO] 
  [201/249] 2018 | Khan Tahir, Zaman Gul, Chohan Muhammad I...
2026-03-11 02:13:38,019 [INFO]     The transmission dynamic of different hepatitis B-infected individuals with the ...
2026-03-11 02:13:39,976 [INFO]     ✓ PDF téléchargé (627 Ko)
2026-03-11 02:13:44,661 [INFO]     → formalism=SIS | params=0 | geos=['Éthiopie'] | confidence=0.55
2026-03-11 02:13:45,172 [INFO] 
  [202/249] 2017 | Gerlier L, Lamotte M, Grenèche S, Lenne ...
2026-03-11 02:13:45,172 [INFO]     Assessment of Public Health and Economic Impact of Intranasal Live-Attenuated In...
2026-03-11 02:13:48,164 [INFO]     ✓ PDF téléchargé (1135 Ko)
2026-03-11 02:13:49,413 [INFO]     → formalism=OTHER | params=0 | geos=['France', 'États-Unis'] | confidence=0.35
2026-03-11 02:13:49,923 [INFO] 
  [203/249] 2017 | Tang Yilei, Xiao Dongmei, Zhang Weinian,...
2026-03-11 02:13:49,923 [INFO]     Dynamics of epidemic models with asymptomatic infection and seasonal succession....
2026-03-11 02:13:52,673 [INFO]     ✓ PDF téléchargé (2398 Ko)
2026-03-11 02:13:58,849 [INFO]     → formalism=ABM | params=0 | geos=['Chine'] | confidence=0.70
2026-03-11 02:13:59,355 [INFO] 
  [204/249] 2017 | Kim Kiyeon, Omori Ryosuke, Ito Kimihito...
2026-03-11 02:13:59,355 [INFO]     Inferring epidemiological dynamics of infectious diseases using Tajima's D stati...
2026-03-11 02:14:02,607 [INFO]     ✓ PDF téléchargé (2588 Ko)
2026-03-11 02:14:04,067 [INFO]     → formalism=OTHER | params=1 | geos=[] | confidence=0.25
2026-03-11 02:14:04,575 [INFO] 
  [205/249] 2017 | Kim Soyoung, Lee Jonggul, Jung Eunok...
2026-03-11 02:14:04,575 [INFO]     Mathematical model of transmission dynamics and optimal control strategies for 2...
2026-03-11 02:14:07,314 [INFO]     ✓ PDF téléchargé (1169 Ko)
2026-03-11 02:14:08,661 [INFO]     → formalism=SEIR | params=0 | geos=['Espagne', 'États-Unis'] | confidence=0.55
2026-03-11 02:14:09,176 [INFO] 
  [206/249] 2017 | Liu Siyu, Li Yong, Bi Yingjie, Huang Qin...
2026-03-11 02:14:09,176 [INFO]     Mixed vaccination strategy for the control of tuberculosis: A case study in Chin...
2026-03-11 02:14:11,617 [INFO]     ✓ PDF téléchargé (548 Ko)
2026-03-11 02:14:12,989 [INFO]     → formalism=ABM | params=1 | geos=['Chine', 'États-Unis'] | confidence=0.80
2026-03-11 02:14:13,497 [INFO] 
  [207/249] 2017 | Ren Shanjing...
2026-03-11 02:14:13,497 [INFO]     Global stability in a tuberculosis model of imperfect treatment with age-depende...
2026-03-11 02:14:17,146 [INFO]     ✓ PDF téléchargé (1061 Ko)
2026-03-11 02:14:19,282 [INFO]     → formalism=SIRS | params=0 | geos=['Chine'] | confidence=0.55
2026-03-11 02:14:19,791 [INFO] 
  [208/249] 2017 | Nishiura Hiroshi, Mizumoto Kenji, Asai Y...
2026-03-11 02:14:19,791 [INFO]     Assessing the transmission dynamics of measles in Japan, 2016....
2026-03-11 02:14:22,371 [INFO]     ✓ PDF téléchargé (1150 Ko)
2026-03-11 02:14:23,557 [INFO]     → formalism=SIR | params=2 | geos=['États-Unis', 'Mexique'] | confidence=0.75
2026-03-11 02:14:24,067 [INFO] 
  [209/249] 2017 | Mohammed-Awel Jemal, Numfor Eric...
2026-03-11 02:14:24,068 [INFO]     Optimal insecticide-treated bed-net coverage and malaria treatment in a malaria-...
2026-03-11 02:14:26,978 [INFO]     ✓ PDF téléchargé (8800 Ko)
2026-03-11 02:14:29,069 [INFO]     → formalism=OTHER | params=1 | geos=['Inde', 'Chine'] | confidence=0.45
2026-03-11 02:14:29,579 [INFO] 
  [210/249] 2017 | Cui Qianqian, Qiu Zhipeng, Ding Ling...
2026-03-11 02:14:29,579 [INFO]     An SIR epidemic model with vaccination in a patchy environment....
2026-03-11 02:14:31,991 [INFO]     ⚠️  PDF non téléchargeable — extraction depuis abstract
2026-03-11 02:14:31,994 [INFO]     → formalism=SIR | params=0 | geos=[] | confidence=0.35
2026-03-11 02:14:32,502 [INFO] 
  [211/249] 2017 | Cremin Ide, McKinnon Lyle, Kimani Joshua...
2026-03-11 02:14:32,502 [INFO]     PrEP for key populations in combination HIV prevention in Nairobi: a mathematica...
2026-03-11 02:14:36,705 [INFO]     ✓ PDF téléchargé (1597 Ko)
2026-03-11 02:14:38,254 [INFO]     → formalism=OTHER | params=0 | geos=['Canada', 'Afrique subsaharienne'] | confidence=0.35
2026-03-11 02:14:38,764 [INFO] 
  [212/249] 2017 | Yamazaki Kazuo, Wang Xueying...
2026-03-11 02:14:38,764 [INFO]     Global stability and uniform persistence of the reaction-convection-diffusion ch...
2026-03-11 02:14:41,616 [INFO]     ✓ PDF téléchargé (749 Ko)
2026-03-11 02:14:43,141 [INFO]     → formalism=METAPOPULATION | params=1 | geos=['États-Unis'] | confidence=0.65
2026-03-11 02:14:43,649 [INFO] 
  [213/249] 2017 | Khan Tahir, Zaman Gul, Chohan M Ikhlaq...
2026-03-11 02:14:43,649 [INFO]     The transmission dynamic and optimal control of acute and chronic hepatitis B....
2026-03-11 02:14:46,230 [INFO]     ✓ PDF téléchargé (5629 Ko)
2026-03-11 02:14:52,696 [INFO]     → formalism=OTHER | params=2 | geos=[] | confidence=0.35
2026-03-11 02:14:53,206 [INFO] 
  [214/249] 2016 | Bürger Raimund, Chowell Gerardo, Mulet P...
2026-03-11 02:14:53,206 [INFO]     Modelling the spatial-temporal progression of the 2009 A/H1N1 influenza pandemic...
2026-03-11 02:14:55,650 [INFO]     ✓ PDF téléchargé (4682 Ko)
2026-03-11 02:15:01,604 [INFO]     → formalism=SEIR | params=2 | geos=['États-Unis'] | confidence=0.75
2026-03-11 02:15:02,112 [INFO] 
  [215/249] 2016 | Jabbari Azizeh, Castillo-Chavez Carlos, ...
2026-03-11 02:15:02,112 [INFO]     A two-strain TB model with multiple latent stages....
2026-03-11 02:15:02,116 [INFO]     ✓ PDF téléchargé (1301 Ko)
2026-03-11 02:15:03,315 [INFO]     → formalism=SEIR | params=1 | geos=['États-Unis'] | confidence=0.65
2026-03-11 02:15:03,826 [INFO] 
  [216/249] 2016 | Adams Ben...
2026-03-11 02:15:03,826 [INFO]     Household demographic determinants of Ebola epidemic risk....
2026-03-11 02:15:06,603 [INFO]     ✓ PDF téléchargé (1240 Ko)
2026-03-11 02:15:08,279 [INFO]     → formalism=SIR | params=1 | geos=['Royaume-Uni'] | confidence=0.65
2026-03-11 02:15:08,789 [INFO] 
  [217/249] 2016 | Sánchez-González G...
2026-03-11 02:15:08,789 [INFO]     The cost-effectiveness of treating triple coinfection with HIV, tuberculosis and...
2026-03-11 02:15:11,317 [INFO]     ✓ PDF téléchargé (1372 Ko)
2026-03-11 02:15:15,313 [INFO]     → formalism=OTHER | params=1 | geos=['Philippines'] | confidence=0.45
2026-03-11 02:15:15,820 [INFO] 
  [218/249] 2016 | Wu Yue, Wood James, Khandaker Gulam, Wad...
2026-03-11 02:15:15,820 [INFO]     Informing rubella vaccination strategies in East Java, Indonesia through transmi...
2026-03-11 02:15:21,453 [INFO]     ✓ PDF téléchargé (582 Ko)
2026-03-11 02:15:22,172 [INFO]     → formalism=OTHER | params=0 | geos=['Indonésie', 'Inde'] | confidence=0.35
2026-03-11 02:15:22,682 [INFO] 
  [219/249] 2016 | Ngonghala Calistus N, Mohammed-Awel Jema...
2026-03-11 02:15:22,682 [INFO]     Interplay between insecticide-treated bed-nets and mosquito demography: implicat...
2026-03-11 02:15:25,152 [INFO]     ✓ PDF téléchargé (2059 Ko)
2026-03-11 02:15:27,104 [INFO]     → formalism=SIS | params=0 | geos=['Burkina Faso', 'Afrique subsaharienne'] | confidence=0.55
2026-03-11 02:15:27,613 [INFO] 
  [220/249] 2016 | Ruktanonchai Nick W, Smith David L, De L...
2026-03-11 02:15:27,613 [INFO]     Parasite sources and sinks in a patched Ross-Macdonald malaria model with human ...
2026-03-11 02:15:27,617 [INFO]     ✓ PDF téléchargé (308 Ko)
2026-03-11 02:15:28,543 [INFO]     → formalism=NETWORK | params=1 | geos=[] | confidence=0.45
2026-03-11 02:15:28,552 [INFO]     ✓ 220 modèles insérés
2026-03-11 02:15:29,052 [INFO] 
  [221/249] 2016 | Frasso Gianluca, Lambert Philippe...
2026-03-11 02:15:29,053 [INFO]     Bayesian inference in an extended SEIR model with nonparametric disease transmis...
2026-03-11 02:15:30,669 [INFO]     ✓ PDF téléchargé (1171 Ko)
2026-03-11 02:15:31,833 [INFO]     → formalism=SEIR | params=1 | geos=[] | confidence=0.60
2026-03-11 02:15:32,340 [INFO] 
  [222/249] 2016 | McGillen Jessica B, Anderson Sarah-Jane,...
2026-03-11 02:15:32,340 [INFO]     Optimum resource allocation to reduce HIV incidence across sub-Saharan Africa: a...
2026-03-11 02:15:35,279 [INFO]     ✓ PDF téléchargé (1913 Ko)
2026-03-11 02:15:37,678 [INFO]     → formalism=OTHER | params=1 | geos=['Afrique subsaharienne'] | confidence=0.45
2026-03-11 02:15:38,187 [INFO] 
  [223/249] 2016 | Manyombe Martin Luther Mann, Mbang Josep...
2026-03-11 02:15:38,187 [INFO]     Global dynamics of a vaccination model for infectious diseases with asymptomatic...
2026-03-11 02:15:41,012 [INFO]     ✓ PDF téléchargé (2139 Ko)
2026-03-11 02:15:42,328 [INFO]     → formalism=OTHER | params=1 | geos=['Chine', 'États-Unis'] | confidence=0.45
2026-03-11 02:15:42,838 [INFO] 
  [224/249] 2015 | Goeyvaerts Nele, Willem Lander, Van Kerc...
2026-03-11 02:15:42,838 [INFO]     Estimating dynamic transmission model parameters for seasonal influenza by fitti...
2026-03-11 02:15:46,033 [INFO]     ✓ PDF téléchargé (943 Ko)
2026-03-11 02:15:48,034 [INFO]     → formalism=SEIRS | params=1 | geos=['Afrique du Sud'] | confidence=0.80
2026-03-11 02:15:48,540 [INFO] 
  [225/249] 2015 | Liu Zhifei, Fang Chi-Tai...
2026-03-11 02:15:48,540 [INFO]     A modeling study of human infections with avian influenza A H7N9 virus in mainla...
2026-03-11 02:15:50,229 [INFO]     ✓ PDF téléchargé (1233 Ko)
2026-03-11 02:15:52,024 [INFO]     → formalism=ABM | params=0 | geos=['Chine', 'France'] | confidence=0.55
2026-03-11 02:15:52,535 [INFO] 
  [226/249] 2015 | Sega L, Maxin D, Eaton L, Latham A, Moos...
2026-03-11 02:15:52,535 [INFO]     The effect of risk-taking behaviour in epidemic models....
2026-03-11 02:15:54,839 [INFO]     ✓ PDF téléchargé (2861 Ko)
2026-03-11 02:15:57,262 [INFO]     → formalism=SEIR | params=2 | geos=[] | confidence=0.55
2026-03-11 02:15:57,776 [INFO] 
  [227/249] 2015 | Littlewood Kavi J, Ouwens Mario J N M, S...
2026-03-11 02:15:57,776 [INFO]     Cost-effectiveness of routine varicella vaccination using the measles, mumps, ru...
2026-03-11 02:16:01,187 [INFO]     ✓ PDF téléchargé (3689 Ko)
2026-03-11 02:16:03,232 [INFO]     → formalism=OTHER | params=0 | geos=['France', 'Royaume-Uni'] | confidence=0.35
2026-03-11 02:16:03,741 [INFO] 
  [228/249] 2015 | White Michael T, Verity Robert, Churcher...
2026-03-11 02:16:03,741 [INFO]     Vaccine approaches to malaria control and elimination: Insights from mathematica...
2026-03-11 02:16:06,611 [INFO]     ✓ PDF téléchargé (8478 Ko)
2026-03-11 02:16:13,017 [INFO]     → formalism=SIR | params=1 | geos=['Éthiopie'] | confidence=0.65
2026-03-11 02:16:13,526 [INFO] 
  [229/249] 2015 | Penkler Gerald, du Toit Francois, Adams ...
2026-03-11 02:16:13,526 [INFO]     Construction and validation of a detailed kinetic model of glycolysis in Plasmod...
2026-03-11 02:16:23,504 [INFO]     ⚠️  PDF non téléchargeable — extraction depuis abstract
2026-03-11 02:16:23,510 [INFO]     → formalism=OTHER | params=0 | geos=[] | confidence=0.00
2026-03-11 02:16:24,017 [INFO] 
  [230/249] 2015 | Ivorra Benjamin, Ngom Diène, Ramos Ángel...
2026-03-11 02:16:24,017 [INFO]     Be-CoDiS: A Mathematical Model to Predict the Risk of Human Diseases Spread Betw...
2026-03-11 02:16:24,021 [INFO]     ✓ PDF téléchargé (484 Ko)
2026-03-11 02:16:25,579 [INFO]     → formalism=ABM | params=3 | geos=['Guinée', 'Royaume-Uni'] | confidence=0.85
2026-03-11 02:16:26,092 [INFO] 
  [231/249] 2015 | Althaus C L, Low N, Musa E O, Shuaib F, ...
2026-03-11 02:16:26,092 [INFO]     Ebola virus disease outbreak in Nigeria: Transmission dynamics and rapid control...
2026-03-11 02:16:28,734 [INFO]     ✓ PDF téléchargé (8790 Ko)
2026-03-11 02:16:30,830 [INFO]     → formalism=SEIR | params=0 | geos=['Nigeria', 'Royaume-Uni'] | confidence=0.70
2026-03-11 02:16:31,337 [INFO] 
  [232/249] 2015 | Browne Cameron, Gulbudak Hayriye, Webb G...
2026-03-11 02:16:31,337 [INFO]     Modeling contact tracing in outbreaks with application to Ebola....
2026-03-11 02:16:31,344 [INFO]     ✓ PDF téléchargé (1630 Ko)
2026-03-11 02:16:33,070 [INFO]     → formalism=SEIR | params=2 | geos=["Afrique de l'Ouest"] | confidence=0.75
2026-03-11 02:16:33,579 [INFO] 
  [233/249] 2015 | Shuai Zhisheng, van den Driessche P...
2026-03-11 02:16:33,579 [INFO]     Modelling and control of cholera on networks with a common water source....
2026-03-11 02:16:35,797 [INFO]     ✓ PDF téléchargé (2219 Ko)
2026-03-11 02:16:39,211 [INFO]     → formalism=SIR | params=3 | geos=['Nigeria', 'Thaïlande'] | confidence=0.85
2026-03-11 02:16:39,721 [INFO] 
  [234/249] 2015 | Lahodny G E, Gautam R, Ivanek R...
2026-03-11 02:16:39,721 [INFO]     Estimating the probability of an extinction or major outbreak for an environment...
2026-03-11 02:16:41,944 [INFO]     ✓ PDF téléchargé (2006 Ko)
2026-03-11 02:16:44,437 [INFO]     → formalism=SIR | params=1 | geos=['Royaume-Uni', 'Italie'] | confidence=0.65
2026-03-11 02:16:44,945 [INFO] 
  [235/249] 2015 | Rossi Gianluigi, De Leo Giulio A, Pongol...
2026-03-11 02:16:44,945 [INFO]     Epidemiological modelling for the assessment of bovine tuberculosis surveillance...
2026-03-11 02:16:47,985 [INFO]     ✓ PDF téléchargé (1819 Ko)
2026-03-11 02:16:49,171 [INFO]     → formalism=OTHER | params=1 | geos=['Italie'] | confidence=0.45
2026-03-11 02:16:49,677 [INFO] 
  [236/249] 2014 | Pawelek Kasia A, Oeldorf-Hirsch Anne, Ro...
2026-03-11 02:16:49,678 [INFO]     Modeling the impact of twitter on influenza epidemics....
2026-03-11 02:16:52,085 [INFO]     ✓ PDF téléchargé (3592 Ko)
2026-03-11 02:16:55,730 [INFO]     → formalism=SEIR | params=0 | geos=[] | confidence=0.50
2026-03-11 02:16:56,237 [INFO] 
  [237/249] 2014 | Trauer James M, Denholm Justin T, McBryd...
2026-03-11 02:16:56,237 [INFO]     Construction of a mathematical model for tuberculosis transmission in highly end...
2026-03-11 02:16:58,841 [INFO]     ✓ PDF téléchargé (3028 Ko)
2026-03-11 02:17:03,623 [INFO]     → formalism=SIS | params=0 | geos=['Inde', 'États-Unis'] | confidence=0.55
2026-03-11 02:17:04,133 [INFO] 
  [238/249] 2014 | Zhao Xue-Song, Wang Zheng-Ting, Wu Zhi-Y...
2026-03-11 02:17:04,133 [INFO]     Differentiation of Crohn's disease from intestinal tuberculosis by clinical and ...
2026-03-11 02:17:07,037 [INFO]     ✓ PDF téléchargé (3859 Ko)
2026-03-11 02:17:07,362 [INFO]     → formalism=OTHER | params=0 | geos=[] | confidence=0.15
2026-03-11 02:17:07,869 [INFO] 
  [239/249] 2014 | Bacaër Nicolas, Ait Dads El Hadi...
2026-03-11 02:17:07,869 [INFO]     On the probability of extinction in a periodic environment....
2026-03-11 02:17:11,125 [INFO]     ✓ PDF téléchargé (1257 Ko)
2026-03-11 02:17:16,658 [INFO]     → formalism=METAPOPULATION | params=0 | geos=['États-Unis'] | confidence=0.70
2026-03-11 02:17:17,163 [INFO] 
  [240/249] 2014 | Yang Jianxin, Qiu Zhipeng, Li Xue-Zhi...
2026-03-11 02:17:17,164 [INFO]     Global stability of an age-structured cholera model....
2026-03-11 02:17:19,215 [INFO]     ✓ PDF téléchargé (411 Ko)
2026-03-11 02:17:20,405 [INFO]     → formalism=SIR | params=4 | geos=['France', 'Italie'] | confidence=0.85
2026-03-11 02:17:20,415 [INFO]     ✓ 240 modèles insérés
2026-03-11 02:17:20,915 [INFO] 
  [241/249] 2013 | Tan Xuhui, Yuan Lingling, Zhou Jingjing,...
2026-03-11 02:17:20,916 [INFO]     Modeling the initial transmission dynamics of influenza A H1N1 in Guangdong Prov...
2026-03-11 02:17:24,439 [INFO]     ✓ PDF téléchargé (534 Ko)
2026-03-11 02:17:24,944 [INFO]     → formalism=OTHER | params=1 | geos=['Chine', 'Italie'] | confidence=0.45
2026-03-11 02:17:25,454 [INFO] 
  [242/249] 2013 | Dureau Joseph, Kalogeropoulos Konstantin...
2026-03-11 02:17:25,454 [INFO]     Capturing the time-varying drivers of an epidemic using stochastic dynamical sys...
2026-03-11 02:17:27,204 [INFO]     ✓ PDF téléchargé (3429 Ko)
2026-03-11 02:17:28,323 [INFO]     → formalism=STOCHASTIC_SIR | params=0 | geos=['États-Unis'] | confidence=0.55
2026-03-11 02:17:28,833 [INFO] 
  [243/249] 2013 | Saenz Roberto A, Bonhoeffer Sebastian...
2026-03-11 02:17:28,833 [INFO]     Nested model reveals potential amplification of an HIV epidemic due to drug resi...
2026-03-11 02:17:32,323 [INFO]     ✓ PDF téléchargé (2173 Ko)
2026-03-11 02:17:33,401 [INFO]     → formalism=OTHER | params=1 | geos=['Chine', 'États-Unis'] | confidence=0.45
2026-03-11 02:17:33,911 [INFO] 
  [244/249] 2012 | Taylor Michael, Taylor Timothy J, Kiss I...
2026-03-11 02:17:33,911 [INFO]     Epidemic threshold and control in a dynamic network....
2026-03-11 02:17:36,528 [INFO]     ✓ PDF téléchargé (3337 Ko)
2026-03-11 02:17:40,881 [INFO]     → formalism=SIS | params=4 | geos=[] | confidence=0.65
2026-03-11 02:17:41,391 [INFO] 
  [245/249] 2009 | McBryde Emma S...
2026-03-11 02:17:41,391 [INFO]     Network structure can play a role in vaccination thresholds and herd immunity: a...
2026-03-11 02:17:43,181 [INFO]     ✓ PDF téléchargé (1419 Ko)
2026-03-11 02:17:44,753 [INFO]     → formalism=ABM | params=1 | geos=['États-Unis'] | confidence=0.80
2026-03-11 02:17:45,260 [INFO] 
  [246/249] 2009 | Ezanno Pauline, Lesnoff Matthieu...
2026-03-11 02:17:45,260 [INFO]     A metapopulation model for the spread and persistence of contagious bovine pleur...
2026-03-11 02:17:47,889 [INFO]     ✓ PDF téléchargé (1904 Ko)
2026-03-11 02:17:50,189 [INFO]     → formalism=METAPOPULATION | params=0 | geos=['États-Unis', 'Australie'] | confidence=0.55
2026-03-11 02:17:50,702 [INFO] 
  [247/249] 2007 | Vynnycky Emilia, Trindall Amy, Mangtani ...
2026-03-11 02:17:50,702 [INFO]     Estimates of the reproduction numbers of Spanish influenza using morbidity data....
2026-03-11 02:17:52,190 [INFO]     ✓ PDF téléchargé (3296 Ko)
2026-03-11 02:17:59,055 [INFO]     → formalism=SEIR | params=5 | geos=['Canada'] | confidence=0.85
2026-03-11 02:17:59,566 [INFO] 
  [248/249] 2006 | Lekone Phenyo E, Finkenstädt Bärbel F...
2026-03-11 02:17:59,566 [INFO]     Statistical inference in a stochastic epidemic SEIR model with control intervent...
2026-03-11 02:18:01,517 [INFO]     ✓ PDF téléchargé (4978 Ko)
2026-03-11 02:18:03,044 [INFO]     → formalism=SEIR | params=3 | geos=['Nigeria', 'Kenya'] | confidence=0.85
2026-03-11 02:18:03,553 [INFO] 
  [249/249] 2000 | Cancré N, Tall A, Rogier C, Faye J, Sarr...
2026-03-11 02:18:03,553 [INFO]     Bayesian analysis of an epidemiologic model of Plasmodium falciparum malaria inf...
2026-03-11 02:18:04,895 [INFO]     ✓ PDF téléchargé (782 Ko)
2026-03-11 02:18:06,755 [INFO]     → formalism=ABM | params=1 | geos=['Sénégal', 'France'] | confidence=0.65
2026-03-11 02:18:07,268 [INFO] 
════════════════════════════════════════════════════════════
2026-03-11 02:18:07,268 [INFO]   RAPPORT FINAL — PDF Extractor
2026-03-11 02:18:07,268 [INFO] ════════════════════════════════════════════════════════════
2026-03-11 02:18:07,268 [INFO]   Articles traités      : 249
2026-03-11 02:18:07,269 [INFO]   PDFs téléchargés      : 170
2026-03-11 02:18:07,269 [INFO]   Texte extrait OK      : 249
2026-03-11 02:18:07,269 [INFO]   Modèles créés         : 249
2026-03-11 02:18:07,269 [INFO]   Avec paramètres (β,γ) : 71
2026-03-11 02:18:07,269 [INFO]   Avec géographie       : 174
2026-03-11 02:18:07,269 [INFO]   Avec code GitHub      : 35
2026-03-11 02:18:07,269 [INFO]   Ignorés               : 0
2026-03-11 02:18:07,269 [INFO]   Erreurs               : 0
2026-03-11 02:18:07,269 [INFO] ════════════════════════════════════════════════════════════
2026-03-11 02:18:07,269 [INFO] 
  ✅ Prochaine étape : validation manuelle
2026-03-11 02:18:07,269 [INFO]      python3 pipeline_runner.py stats
2026-03-11 02:18:07,269 [INFO]      python3 pipeline_runner.py export
