2026-03-11 03:04:37,694 [INFO] 
════════════════════════════════════════════════════════════
2026-03-11 03:04:37,694 [INFO]   PDF Extractor — PRODUCTION
2026-03-11 03:04:37,694 [INFO] ════════════════════════════════════════════════════════════
2026-03-11 03:04:37,699 [INFO]   20 articles à traiter
2026-03-11 03:04:37,699 [INFO] 
  [1/20] 2025 | Hridoy Mahmudul Bari, Allen Linda J S...
2026-03-11 03:04:37,699 [INFO]     Investigating seasonal disease emergence and extinction in stochastic epidemic m...
2026-03-11 03:04:42,267 [INFO]     ✓ PDF téléchargé (983 Ko)
2026-03-11 03:04:44,369 [INFO]     → formalism=RENEWAL_EQUATION | params=1 | geos=[] | confidence=0.60
2026-03-11 03:04:44,878 [INFO] 
  [2/20] 2025 | Cao Jianping, Ling Lin...
2026-03-11 03:04:44,878 [INFO]     miRNA-GABA influences female Aedes aegypti reproduction by modulating midgut hom...
2026-03-11 03:04:47,079 [INFO]     ✓ PDF téléchargé (6060 Ko)
2026-03-11 03:04:50,611 [INFO]     → formalism=ABM | params=0 | geos=['Chine', 'États-Unis'] | confidence=0.70
2026-03-11 03:04:51,118 [INFO] 
  [3/20] 2025 | Adeoye Matthew, Didelot Xavier, Spencer ...
2026-03-11 03:04:51,118 [INFO]     Bayesian spatio-temporal modelling for infectious disease outbreak detection....
2026-03-11 03:04:54,244 [INFO]     ⚠️  PDF non téléchargeable — extraction depuis abstract
2026-03-11 03:04:54,250 [INFO]     → formalism=BAYESIAN | params=0 | geos=[] | confidence=0.50
2026-03-11 03:04:54,754 [INFO] 
  [4/20] 2024 | Saade Masoud, Ghosh Samiran, Banerjee Ma...
2026-03-11 03:04:54,755 [INFO]     Delay epidemic models determined by latency, infection, and immunity duration....
2026-03-11 03:04:57,426 [INFO]     ✓ PDF téléchargé (10700 Ko)
2026-03-11 03:04:59,542 [INFO]     → formalism=SEIR | params=0 | geos=['Chine'] | confidence=0.70
2026-03-11 03:05:00,049 [INFO] 
  [5/20] 2024 | Zhang Xu-Sheng, Mandal Sema, Mohammed Ha...
2026-03-11 03:05:00,049 [INFO]     Transmission dynamics and effect of control measures on the 2022 outbreak of mpo...
2026-03-11 03:05:02,135 [INFO]     ✓ PDF téléchargé (1053 Ko)
2026-03-11 03:05:05,730 [INFO]     → formalism=NETWORK | params=1 | geos=['Royaume-Uni'] | confidence=0.80
2026-03-11 03:05:06,236 [INFO] 
  [6/20] 2024 | Houben R M A C, Newton J R, van Maanen C...
2026-03-11 03:05:06,236 [INFO]     Untangling the stranglehold through mathematical modelling of Streptococcus equi...
2026-03-11 03:05:08,485 [INFO]     ✓ PDF téléchargé (1231 Ko)
2026-03-11 03:05:10,964 [INFO]     → formalism=BAYESIAN | params=1 | geos=['Royaume-Uni', 'Suède'] | confidence=0.80
2026-03-11 03:05:11,472 [INFO] 
  [7/20] 2024 | De Gaetano Alessandro, Barrat Alain, Pao...
2026-03-11 03:05:11,472 [INFO]     Modeling the interplay between disease spread, behaviors, and disease perception...
2026-03-11 03:05:14,015 [INFO]     ✓ PDF téléchargé (3347 Ko)
2026-03-11 03:05:15,622 [INFO]     → formalism=STOCHASTIC_SIR | params=0 | geos=['Royaume-Uni', 'Italie'] | confidence=0.70
2026-03-11 03:05:16,127 [INFO] 
  [8/20] 2023 | Gressani Oswaldo, Faes Christel, Hens Ni...
2026-03-11 03:05:16,127 [INFO]     An approximate Bayesian approach for estimation of the instantaneous reproductio...
2026-03-11 03:05:17,699 [INFO]     ✓ PDF téléchargé (3755 Ko)
2026-03-11 03:05:19,188 [INFO]     → formalism=RENEWAL_EQUATION | params=1 | geos=['Canada'] | confidence=0.80
2026-03-11 03:05:19,695 [INFO] 
  [9/20] 2022 | Liu Zhiping, Jin Zhen, Yang Junyuan, Zha...
2026-03-11 03:05:19,695 [INFO]     The backward bifurcation of an age-structured cholera transmission model with sa...
2026-03-11 03:05:22,112 [INFO]     ✓ PDF téléchargé (1368 Ko)
2026-03-11 03:05:26,707 [INFO]     → formalism=SEIR | params=0 | geos=['Chine'] | confidence=0.70
2026-03-11 03:05:27,214 [INFO] 
  [10/20] 2021 | Che Eric, Numfor Eric, Lenhart Suzanne, ...
2026-03-11 03:05:27,215 [INFO]     Mathematical modeling of the influence of cultural practices on cholera infectio...
2026-03-11 03:05:29,680 [INFO]     ✓ PDF téléchargé (1388 Ko)
2026-03-11 03:05:33,286 [INFO]     → formalism=OTHER | params=1 | geos=['Cameroun'] | confidence=0.60
2026-03-11 03:05:33,792 [INFO] 
  [11/20] 2021 | Chanchaidechachai Thanicha, de Jong Mart...
2026-03-11 03:05:33,792 [INFO]     Spatial model of foot-and-mouth disease outbreak in an endemic area of Thailand....
2026-03-11 03:05:36,034 [INFO]     ✓ PDF téléchargé (3200 Ko)
2026-03-11 03:05:36,807 [INFO]     → formalism=SEIR | params=0 | geos=['Thaïlande', 'États-Unis'] | confidence=0.70
2026-03-11 03:05:37,315 [INFO] 
  [12/20] 2020 | Xue Yuyi, Xiao Yanni...
2026-03-11 03:05:37,315 [INFO]     Analysis of a multiscale HIV-1 model coupling within-host viral dynamics and bet...
2026-03-11 03:05:39,203 [INFO]     ✓ PDF téléchargé (1666 Ko)
2026-03-11 03:05:39,954 [INFO]     → formalism=OTHER | params=0 | geos=['États-Unis'] | confidence=0.50
2026-03-11 03:05:40,459 [INFO] 
  [13/20] 2017 | Tang Yilei, Xiao Dongmei, Zhang Weinian,...
2026-03-11 03:05:40,459 [INFO]     Dynamics of epidemic models with asymptomatic infection and seasonal succession....
2026-03-11 03:05:43,298 [INFO]     ✓ PDF téléchargé (2398 Ko)
2026-03-11 03:05:49,465 [INFO]     → formalism=ABM | params=0 | geos=['Chine'] | confidence=0.70
2026-03-11 03:05:49,971 [INFO] 
  [14/20] 2017 | Liu Siyu, Li Yong, Bi Yingjie, Huang Qin...
2026-03-11 03:05:49,971 [INFO]     Mixed vaccination strategy for the control of tuberculosis: A case study in Chin...
2026-03-11 03:05:51,591 [INFO]     ✓ PDF téléchargé (548 Ko)
2026-03-11 03:05:52,909 [INFO]     → formalism=ABM | params=1 | geos=['Chine', 'États-Unis'] | confidence=0.80
2026-03-11 03:05:53,417 [INFO] 
  [15/20] 2016 | Frasso Gianluca, Lambert Philippe...
2026-03-11 03:05:53,417 [INFO]     Bayesian inference in an extended SEIR model with nonparametric disease transmis...
2026-03-11 03:05:55,178 [INFO]     ✓ PDF téléchargé (1171 Ko)
2026-03-11 03:05:56,320 [INFO]     → formalism=SEIR | params=1 | geos=[] | confidence=0.60
2026-03-11 03:05:56,827 [INFO] 
  [16/20] 2015 | Goeyvaerts Nele, Willem Lander, Van Kerc...
2026-03-11 03:05:56,827 [INFO]     Estimating dynamic transmission model parameters for seasonal influenza by fitti...
2026-03-11 03:06:00,298 [INFO]     ✓ PDF téléchargé (943 Ko)
2026-03-11 03:06:02,288 [INFO]     → formalism=SEIRS | params=1 | geos=['Afrique du Sud'] | confidence=0.80
2026-03-11 03:06:02,794 [INFO] 
  [17/20] 2015 | Althaus C L, Low N, Musa E O, Shuaib F, ...
2026-03-11 03:06:02,794 [INFO]     Ebola virus disease outbreak in Nigeria: Transmission dynamics and rapid control...
2026-03-11 03:06:05,316 [INFO]     ✓ PDF téléchargé (8790 Ko)
2026-03-11 03:06:07,324 [INFO]     → formalism=SEIR | params=0 | geos=['Nigeria', 'Royaume-Uni'] | confidence=0.70
2026-03-11 03:06:07,829 [INFO] 
  [18/20] 2014 | Pawelek Kasia A, Oeldorf-Hirsch Anne, Ro...
2026-03-11 03:06:07,829 [INFO]     Modeling the impact of twitter on influenza epidemics....
2026-03-11 03:06:10,332 [INFO]     ✓ PDF téléchargé (3592 Ko)
2026-03-11 03:06:13,972 [INFO]     → formalism=SEIR | params=0 | geos=[] | confidence=0.50
2026-03-11 03:06:14,482 [INFO] 
  [19/20] 2014 | Bacaër Nicolas, Ait Dads El Hadi...
2026-03-11 03:06:14,482 [INFO]     On the probability of extinction in a periodic environment....
2026-03-11 03:06:16,680 [INFO]     ✓ PDF téléchargé (1257 Ko)
2026-03-11 03:06:22,168 [INFO]     → formalism=METAPOPULATION | params=0 | geos=['États-Unis'] | confidence=0.70
2026-03-11 03:06:22,674 [INFO] 
  [20/20] 2009 | McBryde Emma S...
2026-03-11 03:06:22,674 [INFO]     Network structure can play a role in vaccination thresholds and herd immunity: a...
2026-03-11 03:06:24,260 [INFO]     ✓ PDF téléchargé (1419 Ko)
2026-03-11 03:06:25,708 [INFO]     → formalism=ABM | params=1 | geos=['États-Unis'] | confidence=0.80
2026-03-11 03:06:25,714 [INFO]     ✓ 20 modèles insérés
2026-03-11 03:06:26,215 [INFO] 
════════════════════════════════════════════════════════════
2026-03-11 03:06:26,215 [INFO]   RAPPORT FINAL — PDF Extractor
2026-03-11 03:06:26,215 [INFO] ════════════════════════════════════════════════════════════
2026-03-11 03:06:26,215 [INFO]   Articles traités      : 20
2026-03-11 03:06:26,215 [INFO]   PDFs téléchargés      : 19
2026-03-11 03:06:26,215 [INFO]   Texte extrait OK      : 20
2026-03-11 03:06:26,215 [INFO]   Modèles créés         : 20
2026-03-11 03:06:26,215 [INFO]   Avec paramètres (β,γ) : 9
2026-03-11 03:06:26,215 [INFO]   Avec géographie       : 16
2026-03-11 03:06:26,215 [INFO]   Avec code GitHub      : 20
2026-03-11 03:06:26,215 [INFO]   Ignorés               : 0
2026-03-11 03:06:26,215 [INFO]   Erreurs               : 0
2026-03-11 03:06:26,215 [INFO] ════════════════════════════════════════════════════════════
2026-03-11 03:06:26,215 [INFO] 
  ✅ Prochaine étape : validation manuelle
2026-03-11 03:06:26,215 [INFO]      python3 pipeline_runner.py stats
2026-03-11 03:06:26,215 [INFO]      python3 pipeline_runner.py export
