2026-03-11 00:32:36,932 [INFO] 
════════════════════════════════════════════════════════════
2026-03-11 00:32:36,932 [INFO]   PDF Extractor — DRY RUN
2026-03-11 00:32:36,932 [INFO] ════════════════════════════════════════════════════════════
2026-03-11 00:32:36,935 [INFO]   3 articles à traiter
2026-03-11 00:32:36,935 [INFO] 
  [1/3] 2026 | Becerra-Becerra Diego Alejandro, Rangel ...
2026-03-11 00:32:36,935 [INFO]     Stochastic modeling, analysis, and simulation of Dengue in Valle del Cauca: A ca...
2026-03-11 00:32:38,668 [INFO]     ⚠️  PDF non téléchargeable — extraction depuis abstract
2026-03-11 00:32:38,687 [INFO]     → formalism=SIR | params=0 | geos=[] | confidence=0.35
2026-03-11 00:32:38,688 [INFO]     [DRY RUN] Would insert: SIR_Dengue_BecerraBecerra_2026
2026-03-11 00:32:38,688 [INFO]     name=SIR Alejandro 2026 — Dengue
2026-03-11 00:32:38,688 [INFO]     formalism=SIR, type=STOCHASTIC
2026-03-11 00:32:38,688 [INFO]     params=[]
2026-03-11 00:32:38,688 [INFO]     geos=[]
2026-03-11 00:32:38,688 [INFO]     confidence=0.35
2026-03-11 00:32:39,188 [INFO] 
  [2/3] 2026 | Tinde Haoua, Sawadogo Wenddabo Olivier, ...
2026-03-11 00:32:39,188 [INFO]     Mathematical modeling of the 2023 dengue outbreak in the Centre Region of Burkin...
2026-03-11 00:32:41,332 [INFO]     ⚠️  PDF non téléchargeable — extraction depuis abstract
2026-03-11 00:32:41,339 [INFO]     → formalism=SEIR | params=0 | geos=['Burkina Faso', 'Afrique subsaharienne'] | confidence=0.55
2026-03-11 00:32:41,340 [INFO]     [DRY RUN] Would insert: SEIR_Dengue_Tinde_2026
2026-03-11 00:32:41,340 [INFO]     name=SEIR Haoua 2026 — Dengue — Burkina Faso, Afrique subsaharienne
2026-03-11 00:32:41,340 [INFO]     formalism=SEIR, type=DETERMINISTIC
2026-03-11 00:32:41,340 [INFO]     params=[]
2026-03-11 00:32:41,340 [INFO]     geos=['Burkina Faso', 'Afrique subsaharienne']
2026-03-11 00:32:41,340 [INFO]     confidence=0.55
2026-03-11 00:32:41,840 [INFO] 
  [3/3] 2026 | Ahman Queeneth Ojoma, Swnewo Emmanuel Ol...
2026-03-11 00:32:41,841 [INFO]     A Fractional-Order Framework for Dengue Transmission Dynamics with Human-to-Huma...
2026-03-11 00:32:44,777 [INFO]     ⚠️  PDF non téléchargeable — extraction depuis abstract
2026-03-11 00:32:44,784 [INFO]     → formalism=OTHER | params=0 | geos=[] | confidence=0.15
2026-03-11 00:32:44,784 [INFO]     [DRY RUN] Would insert: OTHER_Dengue_Ahman_2026
2026-03-11 00:32:44,784 [INFO]     name=OTHER Ojoma 2026 — Dengue
2026-03-11 00:32:44,784 [INFO]     formalism=OTHER, type=DETERMINISTIC
2026-03-11 00:32:44,784 [INFO]     params=[]
2026-03-11 00:32:44,784 [INFO]     geos=[]
2026-03-11 00:32:44,785 [INFO]     confidence=0.15
2026-03-11 00:32:45,285 [INFO] 
════════════════════════════════════════════════════════════
2026-03-11 00:32:45,285 [INFO]   RAPPORT FINAL — PDF Extractor
2026-03-11 00:32:45,285 [INFO] ════════════════════════════════════════════════════════════
2026-03-11 00:32:45,285 [INFO]   Articles traités      : 3
2026-03-11 00:32:45,285 [INFO]   PDFs téléchargés      : 0
2026-03-11 00:32:45,285 [INFO]   Texte extrait OK      : 3
2026-03-11 00:32:45,285 [INFO]   Modèles créés         : 3
2026-03-11 00:32:45,285 [INFO]   Avec paramètres (β,γ) : 0
2026-03-11 00:32:45,285 [INFO]   Avec géographie       : 1
2026-03-11 00:32:45,285 [INFO]   Avec code GitHub      : 0
2026-03-11 00:32:45,286 [INFO]   Ignorés               : 0
2026-03-11 00:32:45,286 [INFO]   Erreurs               : 0
2026-03-11 00:32:45,286 [INFO] ════════════════════════════════════════════════════════════
2026-03-11 00:32:45,286 [INFO] 
  ✅ Prochaine étape : validation manuelle
2026-03-11 00:32:45,286 [INFO]      python3 pipeline_runner.py stats
2026-03-11 00:32:45,286 [INFO]      python3 pipeline_runner.py export
