2026-03-11 03:09:21,085 [INFO] 
════════════════════════════════════════════════════════════
2026-03-11 03:09:21,085 [INFO]   PDF Extractor — PRODUCTION
2026-03-11 03:09:21,085 [INFO] ════════════════════════════════════════════════════════════
2026-03-11 03:09:21,090 [INFO]   20 articles à traiter
2026-03-11 03:09:21,090 [INFO] 
  [1/20] 2025 | Hridoy Mahmudul Bari, Allen Linda J S...
2026-03-11 03:09:21,090 [INFO]     Investigating seasonal disease emergence and extinction in stochastic epidemic m...
2026-03-11 03:09:23,763 [INFO]     ✓ PDF téléchargé (983 Ko)
2026-03-11 03:09:25,939 [INFO]     → formalism=RENEWAL_EQUATION | params=1 | geos=[] | confidence=0.60
2026-03-11 03:09:26,449 [INFO] 
  [2/20] 2025 | Cao Jianping, Ling Lin...
2026-03-11 03:09:26,450 [INFO]     miRNA-GABA influences female Aedes aegypti reproduction by modulating midgut hom...
2026-03-11 03:09:28,067 [INFO]     ✓ PDF téléchargé (6060 Ko)
2026-03-11 03:09:31,908 [INFO]     → formalism=ABM | params=0 | geos=['Chine', 'États-Unis'] | confidence=0.70
2026-03-11 03:09:32,420 [INFO] 
  [3/20] 2025 | Adeoye Matthew, Didelot Xavier, Spencer ...
2026-03-11 03:09:32,420 [INFO]     Bayesian spatio-temporal modelling for infectious disease outbreak detection....
2026-03-11 03:09:34,719 [INFO]     ⚠️  PDF non téléchargeable — extraction depuis abstract
2026-03-11 03:09:34,725 [INFO]     → formalism=BAYESIAN | params=0 | geos=[] | confidence=0.50
2026-03-11 03:09:35,230 [INFO] 
  [4/20] 2024 | Saade Masoud, Ghosh Samiran, Banerjee Ma...
2026-03-11 03:09:35,230 [INFO]     Delay epidemic models determined by latency, infection, and immunity duration....
2026-03-11 03:09:37,490 [INFO]     ✓ PDF téléchargé (10700 Ko)
2026-03-11 03:09:39,687 [INFO]     → formalism=SEIR | params=0 | geos=['Chine'] | confidence=0.70
2026-03-11 03:09:40,194 [INFO] 
  [5/20] 2024 | Zhang Xu-Sheng, Mandal Sema, Mohammed Ha...
2026-03-11 03:09:40,194 [INFO]     Transmission dynamics and effect of control measures on the 2022 outbreak of mpo...
2026-03-11 03:09:41,582 [INFO]     ✓ PDF téléchargé (1053 Ko)
2026-03-11 03:09:45,135 [INFO]     → formalism=NETWORK | params=1 | geos=['Royaume-Uni'] | confidence=0.80
2026-03-11 03:09:45,642 [INFO] 
  [6/20] 2024 | Houben R M A C, Newton J R, van Maanen C...
2026-03-11 03:09:45,642 [INFO]     Untangling the stranglehold through mathematical modelling of Streptococcus equi...
2026-03-11 03:09:49,467 [INFO]     ✓ PDF téléchargé (1231 Ko)
2026-03-11 03:09:52,610 [INFO]     → formalism=BAYESIAN | params=1 | geos=['Royaume-Uni', 'Suède'] | confidence=0.80
2026-03-11 03:09:53,117 [INFO] 
  [7/20] 2024 | De Gaetano Alessandro, Barrat Alain, Pao...
2026-03-11 03:09:53,117 [INFO]     Modeling the interplay between disease spread, behaviors, and disease perception...
2026-03-11 03:09:56,122 [INFO]     ✓ PDF téléchargé (3347 Ko)
2026-03-11 03:09:57,889 [INFO]     → formalism=STOCHASTIC_SIR | params=0 | geos=['Royaume-Uni', 'Italie'] | confidence=0.70
2026-03-11 03:09:58,396 [INFO] 
  [8/20] 2023 | Gressani Oswaldo, Faes Christel, Hens Ni...
2026-03-11 03:09:58,396 [INFO]     An approximate Bayesian approach for estimation of the instantaneous reproductio...
2026-03-11 03:10:00,333 [INFO]     ✓ PDF téléchargé (3755 Ko)
2026-03-11 03:10:01,833 [INFO]     → formalism=RENEWAL_EQUATION | params=1 | geos=['Canada'] | confidence=0.80
2026-03-11 03:10:02,339 [INFO] 
  [9/20] 2022 | Liu Zhiping, Jin Zhen, Yang Junyuan, Zha...
2026-03-11 03:10:02,339 [INFO]     The backward bifurcation of an age-structured cholera transmission model with sa...
2026-03-11 03:10:04,113 [INFO]     ✓ PDF téléchargé (1368 Ko)
2026-03-11 03:10:08,102 [INFO]     → formalism=SEIR | params=0 | geos=['Chine'] | confidence=0.70
2026-03-11 03:10:08,608 [INFO] 
  [10/20] 2021 | Che Eric, Numfor Eric, Lenhart Suzanne, ...
2026-03-11 03:10:08,608 [INFO]     Mathematical modeling of the influence of cultural practices on cholera infectio...
2026-03-11 03:10:11,382 [INFO]     ✓ PDF téléchargé (1388 Ko)
2026-03-11 03:10:15,225 [INFO]     → formalism=OTHER | params=1 | geos=['Cameroun'] | confidence=0.60
2026-03-11 03:10:15,730 [INFO] 
  [11/20] 2021 | Chanchaidechachai Thanicha, de Jong Mart...
2026-03-11 03:10:15,730 [INFO]     Spatial model of foot-and-mouth disease outbreak in an endemic area of Thailand....
2026-03-11 03:10:21,522 [INFO]     ✓ PDF téléchargé (3200 Ko)
2026-03-11 03:10:22,384 [INFO]     → formalism=SEIR | params=0 | geos=['Thaïlande', 'États-Unis'] | confidence=0.70
2026-03-11 03:10:22,892 [INFO] 
  [12/20] 2020 | Xue Yuyi, Xiao Yanni...
2026-03-11 03:10:22,892 [INFO]     Analysis of a multiscale HIV-1 model coupling within-host viral dynamics and bet...
2026-03-11 03:10:25,203 [INFO]     ✓ PDF téléchargé (1666 Ko)
2026-03-11 03:10:26,006 [INFO]     → formalism=OTHER | params=0 | geos=['États-Unis'] | confidence=0.50
2026-03-11 03:10:26,511 [INFO] 
  [13/20] 2017 | Tang Yilei, Xiao Dongmei, Zhang Weinian,...
2026-03-11 03:10:26,511 [INFO]     Dynamics of epidemic models with asymptomatic infection and seasonal succession....
2026-03-11 03:10:30,019 [INFO]     ✓ PDF téléchargé (2398 Ko)
2026-03-11 03:10:36,057 [INFO]     → formalism=ABM | params=0 | geos=['Chine'] | confidence=0.70
2026-03-11 03:10:36,563 [INFO] 
  [14/20] 2017 | Liu Siyu, Li Yong, Bi Yingjie, Huang Qin...
2026-03-11 03:10:36,564 [INFO]     Mixed vaccination strategy for the control of tuberculosis: A case study in Chin...
2026-03-11 03:10:38,314 [INFO]     ✓ PDF téléchargé (548 Ko)
2026-03-11 03:10:39,616 [INFO]     → formalism=ABM | params=1 | geos=['Chine', 'États-Unis'] | confidence=0.80
2026-03-11 03:10:40,123 [INFO] 
  [15/20] 2016 | Frasso Gianluca, Lambert Philippe...
2026-03-11 03:10:40,124 [INFO]     Bayesian inference in an extended SEIR model with nonparametric disease transmis...
2026-03-11 03:10:46,297 [INFO]     ✓ PDF téléchargé (1171 Ko)
2026-03-11 03:10:47,390 [INFO]     → formalism=SEIR | params=1 | geos=[] | confidence=0.60
2026-03-11 03:10:47,897 [INFO] 
  [16/20] 2015 | Goeyvaerts Nele, Willem Lander, Van Kerc...
2026-03-11 03:10:47,897 [INFO]     Estimating dynamic transmission model parameters for seasonal influenza by fitti...
2026-03-11 03:10:51,933 [INFO]     ✓ PDF téléchargé (943 Ko)
2026-03-11 03:10:53,815 [INFO]     → formalism=SEIRS | params=1 | geos=['Afrique du Sud'] | confidence=0.80
2026-03-11 03:10:54,322 [INFO] 
  [17/20] 2015 | Althaus C L, Low N, Musa E O, Shuaib F, ...
2026-03-11 03:10:54,322 [INFO]     Ebola virus disease outbreak in Nigeria: Transmission dynamics and rapid control...
2026-03-11 03:10:59,205 [INFO]     ✓ PDF téléchargé (8790 Ko)
2026-03-11 03:11:01,187 [INFO]     → formalism=SEIR | params=0 | geos=['Nigeria', 'Royaume-Uni'] | confidence=0.70
2026-03-11 03:11:01,693 [INFO] 
  [18/20] 2014 | Pawelek Kasia A, Oeldorf-Hirsch Anne, Ro...
2026-03-11 03:11:01,694 [INFO]     Modeling the impact of twitter on influenza epidemics....
2026-03-11 03:11:04,116 [INFO]     ✓ PDF téléchargé (3592 Ko)
2026-03-11 03:11:07,653 [INFO]     → formalism=SEIR | params=0 | geos=[] | confidence=0.50
2026-03-11 03:11:08,158 [INFO] 
  [19/20] 2014 | Bacaër Nicolas, Ait Dads El Hadi...
2026-03-11 03:11:08,158 [INFO]     On the probability of extinction in a periodic environment....
2026-03-11 03:11:11,069 [INFO]     ✓ PDF téléchargé (1257 Ko)
2026-03-11 03:11:16,785 [INFO]     → formalism=METAPOPULATION | params=0 | geos=['États-Unis'] | confidence=0.70
2026-03-11 03:11:17,291 [INFO] 
  [20/20] 2009 | McBryde Emma S...
2026-03-11 03:11:17,291 [INFO]     Network structure can play a role in vaccination thresholds and herd immunity: a...
2026-03-11 03:11:18,554 [INFO]     ✓ PDF téléchargé (1419 Ko)
2026-03-11 03:11:20,017 [INFO]     → formalism=ABM | params=1 | geos=['États-Unis'] | confidence=0.80
2026-03-11 03:11:20,023 [INFO]     ✓ 20 modèles insérés
2026-03-11 03:11:20,523 [INFO] 
════════════════════════════════════════════════════════════
2026-03-11 03:11:20,524 [INFO]   RAPPORT FINAL — PDF Extractor
2026-03-11 03:11:20,524 [INFO] ════════════════════════════════════════════════════════════
2026-03-11 03:11:20,524 [INFO]   Articles traités      : 20
2026-03-11 03:11:20,524 [INFO]   PDFs téléchargés      : 19
2026-03-11 03:11:20,524 [INFO]   Texte extrait OK      : 20
2026-03-11 03:11:20,524 [INFO]   Modèles créés         : 20
2026-03-11 03:11:20,524 [INFO]   Avec paramètres (β,γ) : 9
2026-03-11 03:11:20,524 [INFO]   Avec géographie       : 16
2026-03-11 03:11:20,524 [INFO]   Avec code GitHub      : 20
2026-03-11 03:11:20,524 [INFO]   Ignorés               : 0
2026-03-11 03:11:20,524 [INFO]   Erreurs               : 0
2026-03-11 03:11:20,524 [INFO] ════════════════════════════════════════════════════════════
2026-03-11 03:11:20,524 [INFO] 
  ✅ Prochaine étape : validation manuelle
2026-03-11 03:11:20,525 [INFO]      python3 pipeline_runner.py stats
2026-03-11 03:11:20,525 [INFO]      python3 pipeline_runner.py export
