2026-03-11 17:52:57,088 [INFO] 
════════════════════════════════════════════════════════════
2026-03-11 17:52:57,088 [INFO]   PDF Extractor — PRODUCTION
2026-03-11 17:52:57,088 [INFO] ════════════════════════════════════════════════════════════
2026-03-11 17:52:57,174 [INFO]   862 articles à traiter
2026-03-11 17:52:57,174 [INFO] 
  [1/862] 2026 | Glèlè Kakaï Romain, Djomatin Ludosky Cré...
2026-03-11 17:52:57,174 [INFO]     An age-structured mathematical model to assess the combined effects of vaccine a...
2026-03-11 17:52:57,189 [INFO]     ✓ PDF téléchargé (5877 Ko)
2026-03-11 17:53:00,410 [INFO]     → formalism=OTHER | params=0 | geos=['Nigeria', 'Éthiopie'] | confidence=0.50
2026-03-11 17:53:00,953 [INFO] 
  [2/862] 2026 | Gubela Nils, Kim Hee-Yeong, Lunchenkov N...
2026-03-11 17:53:00,953 [INFO]     Behavior change and infection induced immunity led to the decline of the 2022 Mp...
2026-03-11 17:53:00,959 [INFO]     ✓ PDF téléchargé (1053 Ko)
2026-03-11 17:53:04,095 [INFO]     → formalism=NETWORK | params=1 | geos=['Allemagne'] | confidence=0.80
2026-03-11 17:53:04,611 [INFO] 
  [3/862] 2026 | Choi Boseung, Kang Hye-Won, Rempala Grze...
2026-03-11 17:53:04,611 [INFO]     Inferring structure and parameters of stochastic reaction networks with logistic...
2026-03-11 17:53:04,628 [INFO]     ✓ PDF téléchargé (5437 Ko)
2026-03-11 17:53:06,072 [INFO]     → formalism=SIR | params=0 | geos=['Italie', 'États-Unis'] | confidence=0.70
2026-03-11 17:53:06,583 [INFO] 
  [4/862] 2025 | Saha Barsha, Bani-Yaghoub Majid, Podder ...
2026-03-11 17:53:06,583 [INFO]     Utility of compartmental models to test the competing hypotheses of pathogen evo...
2026-03-11 17:53:06,588 [INFO]     ✓ PDF téléchargé (960 Ko)
2026-03-11 17:53:09,259 [INFO]     → formalism=SIR | params=0 | geos=['Kenya', 'Royaume-Uni'] | confidence=0.70
2026-03-11 17:53:09,770 [INFO] 
  [5/862] 2025 | Polcz Péter, Reguly István Z, Tornai Kál...
2026-03-11 17:53:09,770 [INFO]     Smart epidemic control: A hybrid model blending ODEs and agent-based simulations...
2026-03-11 17:53:09,785 [INFO]     ✓ PDF téléchargé (5648 Ko)
2026-03-11 17:53:11,371 [INFO]     → formalism=ABM | params=0 | geos=['Espagne'] | confidence=0.70
2026-03-11 17:53:11,882 [INFO] 
  [6/862] 2025 | Safta Cosmin, Ray Jaideep, Bridgman Wyat...
2026-03-11 17:53:11,882 [INFO]     Detecting outbreaks using a spatial latent field....
2026-03-11 17:53:11,930 [INFO]     ✓ PDF téléchargé (20530 Ko)
2026-03-11 17:53:13,305 [INFO]     → formalism=BAYESIAN | params=1 | geos=['États-Unis', 'Mexique'] | confidence=0.80
2026-03-11 17:53:13,817 [INFO] 
  [7/862] 2025 | Shi Yuanyou, Zhu Xinhang, Zhu Xinhe, Che...
2026-03-11 17:53:13,817 [INFO]     Kalman Filter-Based Epidemiological Model for Post-COVID-19 Era Surveillance and...
2026-03-11 17:53:13,827 [INFO]     ✓ PDF téléchargé (2612 Ko)
2026-03-11 17:53:16,033 [INFO]     → formalism=SEIRD | params=0 | geos=['Chine', 'Australie'] | confidence=0.70
2026-03-11 17:53:16,543 [INFO] 
  [8/862] 2025 | Li Wenxuan, Chen Xu, Liu Suli, Zhang Chi...
2026-03-11 17:53:16,543 [INFO]     Using a multi-strain infectious disease model with physical information neural n...
2026-03-11 17:53:16,576 [INFO]     ✓ PDF téléchargé (13806 Ko)
2026-03-11 17:53:17,861 [INFO]     → formalism=SIR | params=0 | geos=['Chine', 'Canada'] | confidence=0.70
2026-03-11 17:53:18,371 [INFO] 
  [9/862] 2025 | Qian Ying, Zhang Kui, Marty Eric, Basu A...
2026-03-11 17:53:18,371 [INFO]     Physics-informed deep learning for infectious disease forecasting....
2026-03-11 17:53:18,377 [INFO]     ✓ PDF téléchargé (1334 Ko)
2026-03-11 17:53:19,294 [INFO]     → formalism=BAYESIAN | params=0 | geos=[] | confidence=0.50
2026-03-11 17:53:19,803 [INFO] 
  [10/862] 2025 | Hodcroft Emma B, Wohlfender Martin S, Ne...
2026-03-11 17:53:19,803 [INFO]     Estimating Re and overdispersion in secondary cases from the size of identical s...
2026-03-11 17:53:19,807 [INFO]     ✓ PDF téléchargé (544 Ko)
2026-03-11 17:53:21,967 [INFO]     → formalism=BAYESIAN | params=1 | geos=['Royaume-Uni'] | confidence=0.80
2026-03-11 17:53:22,476 [INFO] 
  [11/862] 2025 | Seibel Rachel L, Tildesley Michael J, Hi...
2026-03-11 17:53:22,477 [INFO]     Unifying human infectious disease models and real-time awareness of population- ...
2026-03-11 17:53:22,499 [INFO]     ✓ PDF téléchargé (8790 Ko)
2026-03-11 17:53:24,468 [INFO]     → formalism=SEIR | params=0 | geos=['Royaume-Uni'] | confidence=0.70
2026-03-11 17:53:24,978 [INFO] 
  [12/862] 2025 | Wang Manting, Ma Junling, van den Driess...
2026-03-11 17:53:24,978 [INFO]     Estimating the effect of contact tracing during the early stage of an epidemic....
2026-03-11 17:53:24,984 [INFO]     ✓ PDF téléchargé (866 Ko)
2026-03-11 17:53:27,891 [INFO]     → formalism=SEIR | params=0 | geos=['Canada'] | confidence=0.70
2026-03-11 17:53:28,398 [INFO] 
  [13/862] 2025 | Hridoy Mahmudul Bari, Allen Linda J S...
2026-03-11 17:53:28,398 [INFO]     Investigating seasonal disease emergence and extinction in stochastic epidemic m...
2026-03-11 17:53:32,268 [INFO]     ✓ PDF téléchargé (983 Ko)
2026-03-11 17:53:34,323 [INFO]     → formalism=RENEWAL_EQUATION | params=1 | geos=[] | confidence=0.60
2026-03-11 17:53:34,832 [INFO] 
  [14/862] 2025 | Bents Samantha J, Martin Emily T, Steven...
2026-03-11 17:53:34,832 [INFO]     Multiplex serology reveals age-specific immunodynamics of respiratory pathogens ...
2026-03-11 17:53:34,837 [INFO]     ✓ PDF téléchargé (943 Ko)
2026-03-11 17:53:36,721 [INFO]     → formalism=SEIRS | params=1 | geos=['Afrique du Sud', 'États-Unis'] | confidence=0.80
2026-03-11 17:53:37,231 [INFO] 
  [15/862] 2025 | du Preez Karen, Jenkins Helen E, Martine...
2026-03-11 17:53:37,231 [INFO]     Global burden of tuberculous meningitis in children aged 0-14 years in 2019: a m...
2026-03-11 17:53:37,236 [INFO]     ✓ PDF téléchargé (1019 Ko)
2026-03-11 17:53:38,104 [INFO]     → formalism=OTHER | params=0 | geos=['Afrique du Sud', 'États-Unis'] | confidence=0.50
2026-03-11 17:53:38,614 [INFO] 
  [16/862] 2025 | Dankwa Emmanuelle A, Cavalli Léa, Balasu...
2026-03-11 17:53:38,614 [INFO]     Calibration of transmission-dynamic infectious disease models: A scoping review ...
2026-03-11 17:53:38,619 [INFO]     ✓ PDF téléchargé (784 Ko)
2026-03-11 17:53:40,037 [INFO]     → formalism=ABM | params=1 | geos=['Royaume-Uni', 'États-Unis'] | confidence=0.80
2026-03-11 17:53:40,548 [INFO] 
  [17/862] 2025 | Bui Viet Long, Ragonnet Romain, Hughes A...
2026-03-11 17:53:40,548 [INFO]     Impact of Case Detection and COVID-19-Related Disruptions on Tuberculosis in Vie...
2026-03-11 17:53:40,553 [INFO]     ✓ PDF téléchargé (794 Ko)
2026-03-11 17:53:41,276 [INFO]     → formalism=BAYESIAN | params=0 | geos=['Vietnam', 'Australie'] | confidence=0.70
2026-03-11 17:53:41,786 [INFO] 
  [18/862] 2025 | Mafirakureva Nyashadzaishe, Hunter Racha...
2026-03-11 17:53:41,786 [INFO]     Cost-effectiveness of tuberculosis infection screening at first reception into E...
2026-03-11 17:53:41,791 [INFO]     ✓ PDF téléchargé (543 Ko)
2026-03-11 17:53:42,525 [INFO]     → formalism=OTHER | params=0 | geos=['Royaume-Uni'] | confidence=0.50
2026-03-11 17:53:43,033 [INFO] 
  [19/862] 2025 | Leung Tiffany, Ferrari Matthew...
2026-03-11 17:53:43,033 [INFO]     Bias in the estimated reporting fraction due to vaccination in the time-series S...
2026-03-11 17:53:43,045 [INFO]     ✓ PDF téléchargé (3313 Ko)
2026-03-11 17:53:43,996 [INFO]     → formalism=SIR | params=0 | geos=['États-Unis'] | confidence=0.70
2026-03-11 17:53:44,502 [INFO] 
  [20/862] 2025 | Sbarra Alyssa N, Haeuser Emily, Kidane S...
2026-03-11 17:53:44,502 [INFO]     Fitting dynamic measles models to subnational case notification data from Ethiop...
2026-03-11 17:53:44,513 [INFO]     ✓ PDF téléchargé (2955 Ko)
2026-03-11 17:53:45,617 [INFO]     → formalism=ABM | params=0 | geos=['Éthiopie', 'Royaume-Uni'] | confidence=0.70
2026-03-11 17:53:45,624 [INFO]     ✓ 20 modèles insérés
2026-03-11 17:53:46,125 [INFO] 
  [21/862] 2025 | Suffel Anne M, Warren-Gash Charlotte, Mc...
2026-03-11 17:53:46,125 [INFO]     Impact of vaccination timing and coverage on measles near elimination dynamics: ...
2026-03-11 17:53:46,132 [INFO]     ✓ PDF téléchargé (1793 Ko)
2026-03-11 17:53:47,124 [INFO]     → formalism=SEIR | params=0 | geos=['Royaume-Uni'] | confidence=0.70
2026-03-11 17:53:47,634 [INFO] 
  [22/862] 2025 | Iyaniwura Sarafa A, Han Qing, Yong Ngem ...
2026-03-11 17:53:47,634 [INFO]     Regional variation and epidemiological insights in malaria underestimation in Ca...
2026-03-11 17:53:47,648 [INFO]     ✓ PDF téléchargé (3976 Ko)
2026-03-11 17:53:51,080 [INFO]     → formalism=BAYESIAN | params=1 | geos=['Ghana', 'Cameroun'] | confidence=0.80
2026-03-11 17:53:51,591 [INFO] 
  [23/862] 2025 | Mousa Andria, Cuomo-Dannenburg Gina, Tho...
2026-03-11 17:53:51,591 [INFO]     Impact of dhps mutations on sulfadoxine-pyrimethamine protective efficacy and im...
2026-03-11 17:53:51,601 [INFO]     ✓ PDF téléchargé (2625 Ko)
2026-03-11 17:53:53,667 [INFO]     → formalism=OTHER | params=0 | geos=['États-Unis'] | confidence=0.50
2026-03-11 17:53:54,172 [INFO] 
  [24/862] 2025 | Stopard Isaac J, Sanou Antoine, Suh Eunh...
2026-03-11 17:53:54,172 [INFO]     Modelling the effects of diurnal temperature variation on malaria infection dyna...
2026-03-11 17:53:54,179 [INFO]     ✓ PDF téléchargé (1498 Ko)
2026-03-11 17:53:58,390 [INFO]     → formalism=NETWORK | params=0 | geos=['Burkina Faso'] | confidence=0.70
2026-03-11 17:53:58,895 [INFO] 
  [25/862] 2025 | Telle Olivier, Grandadam Marc, Philippon...
2026-03-11 17:53:58,895 [INFO]     Dengue dynamics beyond biological factors: Revealing the nexus between urbanisat...
2026-03-11 17:53:58,903 [INFO]     ✓ PDF téléchargé (2093 Ko)
2026-03-11 17:54:00,681 [INFO]     → formalism=SIS | params=0 | geos=['Vietnam', 'Thaïlande'] | confidence=0.70
2026-03-11 17:54:01,191 [INFO] 
  [26/862] 2025 | Nipa Kaniz Fatema, Mohammed Mozzamil, St...
2026-03-11 17:54:01,191 [INFO]     Theory of infectious disease spillover at an ecological boundary: impacts of sea...
2026-03-11 17:54:01,197 [INFO]     ✓ PDF téléchargé (1257 Ko)
2026-03-11 17:54:06,450 [INFO]     → formalism=METAPOPULATION | params=0 | geos=['États-Unis'] | confidence=0.70
2026-03-11 17:54:06,957 [INFO] 
  [27/862] 2025 | Cao Jianping, Ling Lin...
2026-03-11 17:54:06,957 [INFO]     miRNA-GABA influences female Aedes aegypti reproduction by modulating midgut hom...
2026-03-11 17:54:08,120 [INFO]     ✓ PDF téléchargé (6060 Ko)
2026-03-11 17:54:11,492 [INFO]     → formalism=ABM | params=0 | geos=['Chine', 'États-Unis'] | confidence=0.70
2026-03-11 17:54:12,000 [INFO] 
  [28/862] 2025 | Liyanage Yuganthi R, Chowell Gerardo, Po...
2026-03-11 17:54:12,000 [INFO]     Structural and Practical Identifiability of Phenomenological Growth Models for E...
2026-03-11 17:54:12,007 [INFO]     ✓ PDF téléchargé (1637 Ko)
2026-03-11 17:54:13,170 [INFO]     → formalism=SEIR | params=1 | geos=['France', 'États-Unis'] | confidence=0.80
2026-03-11 17:54:13,681 [INFO] 
  [29/862] 2025 | Gozzi Nicolò, Chinazzi Matteo, Davis Jes...
2026-03-11 17:54:13,681 [INFO]     Epydemix: An open-source Python package for epidemic modeling with integrated ap...
2026-03-11 17:54:13,693 [INFO]     ✓ PDF téléchargé (3790 Ko)
2026-03-11 17:54:15,313 [INFO]     → formalism=SIR | params=1 | geos=['Royaume-Uni', 'Italie'] | confidence=0.80
2026-03-11 17:54:15,821 [INFO] 
  [30/862] 2025 | Xu Yuan, Chen Kylie, Xie Dong, Drummond ...
2026-03-11 17:54:15,821 [INFO]     Bayesian Model Averaging of Parametric Coalescent Models for Phylodynamic Infere...
2026-03-11 17:54:15,826 [INFO]     ✓ PDF téléchargé (837 Ko)
2026-03-11 17:54:17,531 [INFO]     → formalism=BAYESIAN | params=3 | geos=[] | confidence=0.80
2026-03-11 17:54:18,041 [INFO] 
  [31/862] 2025 | Adeoye Matthew, Didelot Xavier, Spencer ...
2026-03-11 17:54:18,041 [INFO]     Bayesian spatio-temporal modelling for infectious disease outbreak detection....
2026-03-11 17:54:20,596 [INFO]     ⚠️  PDF non téléchargeable — extraction depuis abstract
2026-03-11 17:54:20,602 [INFO]     → formalism=BAYESIAN | params=0 | geos=[] | confidence=0.50
2026-03-11 17:54:21,106 [INFO] 
  [32/862] 2025 | Ji Xiang, Redelings Benjamin, Su Shuo, B...
2026-03-11 17:54:21,106 [INFO]     Detecting Evolutionary Change-Points with Branch-Specific Substitution Models an...
2026-03-11 17:54:21,112 [INFO]     ✓ PDF téléchargé (956 Ko)
2026-03-11 17:54:22,545 [INFO]     → formalism=OTHER | params=1 | geos=['Chine', 'Belgique'] | confidence=0.60
2026-03-11 17:54:23,050 [INFO] 
  [33/862] 2025 | Amasa Sophia Nicolette C, Beleta Trisha ...
2026-03-11 17:54:23,050 [INFO]     Simulating HIV transmission dynamics: An agent-based approach using NetLogo....
2026-03-11 17:54:23,067 [INFO]     ✓ PDF téléchargé (5836 Ko)
2026-03-11 17:54:24,160 [INFO]     → formalism=ABM | params=0 | geos=['Philippines', 'Espagne'] | confidence=0.70
2026-03-11 17:54:24,668 [INFO] 
  [34/862] 2025 | Henriot Paul, El-Kassas Mohamed, Anwar W...
2026-03-11 17:54:24,668 [INFO]     An agent-based model to simulate the transmission dynamics of bloodborne pathoge...
2026-03-11 17:54:24,674 [INFO]     ✓ PDF téléchargé (1140 Ko)
2026-03-11 17:54:26,191 [INFO]     → formalism=ABM | params=0 | geos=['France', 'États-Unis'] | confidence=0.70
2026-03-11 17:54:26,698 [INFO] 
  [35/862] 2025 | Gabriela Bayolo Soler, Miraine Dávila Fe...
2026-03-11 17:54:26,698 [INFO]     Test allocation based on risk of infection from first and second order contact t...
2026-03-11 17:54:26,733 [INFO]     ✓ PDF téléchargé (15124 Ko)
2026-03-11 17:54:28,720 [INFO]     → formalism=NETWORK | params=0 | geos=['France'] | confidence=0.70
2026-03-11 17:54:29,226 [INFO] 
  [36/862] 2025 | Ciavarella Constanze, Drakeley Chris, Pr...
2026-03-11 17:54:29,226 [INFO]     Quantifying Plasmodium vivax radical cure efficacy: a modelling study integratin...
2026-03-11 17:54:29,233 [INFO]     ✓ PDF téléchargé (1511 Ko)
2026-03-11 17:54:32,139 [INFO]     → formalism=ABM | params=0 | geos=['Thaïlande', 'France'] | confidence=0.70
2026-03-11 17:54:32,649 [INFO] 
  [37/862] 2025 | Teslya Alexandra, Heijne Janneke Corneli...
2026-03-11 17:54:32,649 [INFO]     Impact of increased diagnosis of early HIV infection and immediate antiretrovira...
2026-03-11 17:54:32,657 [INFO]     ✓ PDF téléchargé (1814 Ko)
2026-03-11 17:54:34,064 [INFO]     → formalism=SIS | params=0 | geos=['Royaume-Uni', 'Allemagne'] | confidence=0.70
2026-03-11 17:54:34,573 [INFO] 
  [38/862] 2025 | Marshall John M, Yang Shuyi, Bennett Jar...
2026-03-11 17:54:34,573 [INFO]     Spatial close-kin mark-recapture methods to estimate dispersal parameters and ba...
2026-03-11 17:54:34,583 [INFO]     ✓ PDF téléchargé (2682 Ko)
2026-03-11 17:54:36,521 [INFO]     → formalism=METAPOPULATION | params=0 | geos=['Royaume-Uni', 'États-Unis'] | confidence=0.70
2026-03-11 17:54:37,028 [INFO] 
  [39/862] 2025 | Pandey Aakash, Zhong Lu, Rennert Lior...
2026-03-11 17:54:37,028 [INFO]     Mobility-informed metapopulation models predict the spatio-temporal spread of re...
2026-03-11 17:54:37,032 [INFO]     ✓ PDF téléchargé (414 Ko)
2026-03-11 17:54:38,119 [INFO]     → formalism=METAPOPULATION | params=0 | geos=['États-Unis'] | confidence=0.70
2026-03-11 17:54:38,626 [INFO] 
  [40/862] 2024 | Wei Fengying, Zhou Ruiyang, Jin Zhen, Su...
2026-03-11 17:54:38,626 [INFO]     Studying the impacts of variant evolution for a generalized age-group transmissi...
2026-03-11 17:54:38,633 [INFO]     ✓ PDF téléchargé (1368 Ko)
2026-03-11 17:54:42,324 [INFO]     → formalism=SEIR | params=0 | geos=['Chine'] | confidence=0.70
2026-03-11 17:54:42,331 [INFO]     ✓ 40 modèles insérés
2026-03-11 17:54:42,831 [INFO] 
  [41/862] 2024 | Harris Jeffrey E...
2026-03-11 17:54:42,831 [INFO]     A tight fit of the SIR dynamic epidemic model to daily cases of COVID-19 reporte...
2026-03-11 17:54:42,840 [INFO]     ✓ PDF téléchargé (2230 Ko)
2026-03-11 17:54:44,477 [INFO]     → formalism=SIR | params=1 | geos=[] | confidence=0.60
2026-03-11 17:54:44,984 [INFO] 
  [42/862] 2024 | Xiu Fanyu, Flores Anato Jorge Luis, Cox ...
2026-03-11 17:54:44,984 [INFO]     Characteristics of the Sexual Networks of Men Who Have Sex With Men in Montréal,...
2026-03-11 17:54:44,986 [INFO]     ✓ PDF téléchargé (649 Ko)
2026-03-11 17:54:50,491 [INFO]     → formalism=SEIR | params=0 | geos=['Canada'] | confidence=0.70
2026-03-11 17:54:50,998 [INFO] 
  [43/862] 2024 | Jdid Touria, Benbrahim Mohammed, Kabbaj ...
2026-03-11 17:54:50,998 [INFO]     A vaccination-based COVID-19 model: Analysis and prediction using Hamiltonian Mo...
2026-03-11 17:54:51,005 [INFO]     ✓ PDF téléchargé (1511 Ko)
2026-03-11 17:54:58,234 [INFO]     → formalism=BAYESIAN | params=0 | geos=['Chine', 'États-Unis'] | confidence=0.70
2026-03-11 17:54:58,741 [INFO] 
  [44/862] 2024 | Santoro Benedetta, Larese Filon Francesc...
2026-03-11 17:54:58,741 [INFO]     An Easy-to-Use Tool to Predict SARS-CoV-2 Risk of Infection in Closed Settings: ...
2026-03-11 17:54:58,746 [INFO]     ✓ PDF téléchargé (1021 Ko)
2026-03-11 17:54:59,544 [INFO]     → formalism=ABM | params=2 | geos=['Italie'] | confidence=0.90
2026-03-11 17:55:00,051 [INFO] 
  [45/862] 2024 | Nitzsche Christian, Simm Stefan...
2026-03-11 17:55:00,052 [INFO]     Agent-based modeling to estimate the impact of lockdown scenarios and events on ...
2026-03-11 17:55:00,058 [INFO]     ✓ PDF téléchargé (1334 Ko)
2026-03-11 17:55:00,963 [INFO]     → formalism=ABM | params=0 | geos=[] | confidence=0.50
2026-03-11 17:55:01,470 [INFO] 
  [46/862] 2024 | Yamana Teresa K, Rajagopal Swetha, Hall ...
2026-03-11 17:55:01,470 [INFO]     A two-variant model of SARS-COV-2 transmission: estimating the characteristics o...
2026-03-11 17:55:01,478 [INFO]     ✓ PDF téléchargé (2083 Ko)
2026-03-11 17:55:02,399 [INFO]     → formalism=METAPOPULATION | params=0 | geos=['États-Unis'] | confidence=0.70
2026-03-11 17:55:02,906 [INFO] 
  [47/862] 2024 | Saade Masoud, Ghosh Samiran, Banerjee Ma...
2026-03-11 17:55:02,906 [INFO]     Delay epidemic models determined by latency, infection, and immunity duration....
2026-03-11 17:55:05,169 [INFO]     ✓ PDF téléchargé (10700 Ko)
2026-03-11 17:55:07,164 [INFO]     → formalism=SEIR | params=0 | geos=['Chine'] | confidence=0.70
2026-03-11 17:55:07,671 [INFO] 
  [48/862] 2024 | Ross Jennifer M, Greene Chelsea, Broshke...
2026-03-11 17:55:07,671 [INFO]     Preventing tuberculosis with community-based care in an HIV-endemic setting: a m...
2026-03-11 17:55:07,677 [INFO]     ✓ PDF téléchargé (1085 Ko)
2026-03-11 17:55:08,592 [INFO]     → formalism=OTHER | params=0 | geos=['Afrique du Sud', 'États-Unis'] | confidence=0.50
2026-03-11 17:55:09,102 [INFO] 
  [49/862] 2024 | Brass Dominic P, Cobbold Christina A, Pu...
2026-03-11 17:55:09,102 [INFO]     Role of vector phenotypic plasticity in disease transmission as illustrated by t...
2026-03-11 17:55:09,118 [INFO]     ✓ PDF téléchargé (5504 Ko)
2026-03-11 17:55:16,002 [INFO]     → formalism=SEIR | params=1 | geos=[] | confidence=0.60
2026-03-11 17:55:16,509 [INFO] 
  [50/862] 2024 | Wu Huei-Jiuan, Shih Sophy TingFang, Appl...
2026-03-11 17:55:16,509 [INFO]     Impact of simplified HCV diagnostic strategies on the HCV epidemic among men who...
2026-03-11 17:55:16,517 [INFO]     ✓ PDF téléchargé (2197 Ko)
2026-03-11 17:55:20,709 [INFO]     → formalism=SIS | params=0 | geos=['Australie'] | confidence=0.70
2026-03-11 17:55:21,215 [INFO] 
  [51/862] 2024 | Zhang Xu-Sheng, Mandal Sema, Mohammed Ha...
2026-03-11 17:55:21,215 [INFO]     Transmission dynamics and effect of control measures on the 2022 outbreak of mpo...
2026-03-11 17:55:22,864 [INFO]     ✓ PDF téléchargé (1053 Ko)
2026-03-11 17:55:25,981 [INFO]     → formalism=NETWORK | params=1 | geos=['Royaume-Uni'] | confidence=0.80
2026-03-11 17:55:26,489 [INFO] 
  [52/862] 2024 | Gaskin Thomas, Conrad Tim, Pavliotis Gri...
2026-03-11 17:55:26,489 [INFO]     Neural parameter calibration and uncertainty quantification for epidemic forecas...
2026-03-11 17:55:26,496 [INFO]     ✓ PDF téléchargé (1933 Ko)
2026-03-11 17:55:27,590 [INFO]     → formalism=ABM | params=2 | geos=['Royaume-Uni', 'Allemagne'] | confidence=0.90
2026-03-11 17:55:28,098 [INFO] 
  [53/862] 2024 | McAndrew Fenella, Sacks-Davis Rachel, Ab...
2026-03-11 17:55:28,098 [INFO]     COVID-19 outbreaks in residential aged care facilities: an agent-based modeling ...
2026-03-11 17:55:28,105 [INFO]     ✓ PDF téléchargé (1425 Ko)
2026-03-11 17:55:29,159 [INFO]     → formalism=ABM | params=0 | geos=['Royaume-Uni', 'Australie'] | confidence=0.70
2026-03-11 17:55:29,666 [INFO] 
  [54/862] 2024 | Robin Tal T, Cascante-Vega Jaime, Shaman...
2026-03-11 17:55:29,667 [INFO]     System identifiability in a time-evolving agent-based model....
2026-03-11 17:55:29,675 [INFO]     ✓ PDF téléchargé (2285 Ko)
2026-03-11 17:55:30,844 [INFO]     → formalism=ABM | params=2 | geos=['États-Unis'] | confidence=0.90
2026-03-11 17:55:31,352 [INFO] 
  [55/862] 2024 | Houben R M A C, Newton J R, van Maanen C...
2026-03-11 17:55:31,352 [INFO]     Untangling the stranglehold through mathematical modelling of Streptococcus equi...
2026-03-11 17:55:33,617 [INFO]     ✓ PDF téléchargé (1231 Ko)
2026-03-11 17:55:35,841 [INFO]     → formalism=BAYESIAN | params=1 | geos=['Royaume-Uni', 'Suède'] | confidence=0.80
2026-03-11 17:55:36,348 [INFO] 
  [56/862] 2024 | Hladish Thomas J, Pillai Alexander N, Pe...
2026-03-11 17:55:36,348 [INFO]     Evaluating targeted COVID-19 vaccination strategies with agent-based modeling....
2026-03-11 17:55:36,359 [INFO]     ✓ PDF téléchargé (2955 Ko)
2026-03-11 17:55:37,427 [INFO]     → formalism=ABM | params=0 | geos=['Afrique du Sud', 'Royaume-Uni'] | confidence=0.70
2026-03-11 17:55:37,934 [INFO] 
  [57/862] 2024 | Smirnova Alexandra, Baroonian Mona...
2026-03-11 17:55:37,934 [INFO]     Reconstruction of incidence reporting rate for SARS-CoV-2 Delta variant of COVID...
2026-03-11 17:55:37,942 [INFO]     ✓ PDF téléchargé (1999 Ko)
2026-03-11 17:55:41,071 [INFO]     → formalism=SIR | params=0 | geos=['États-Unis'] | confidence=0.70
2026-03-11 17:55:41,577 [INFO] 
  [58/862] 2024 | De Gaetano Alessandro, Barrat Alain, Pao...
2026-03-11 17:55:41,577 [INFO]     Modeling the interplay between disease spread, behaviors, and disease perception...
2026-03-11 17:55:43,760 [INFO]     ✓ PDF téléchargé (3347 Ko)
2026-03-11 17:55:45,249 [INFO]     → formalism=STOCHASTIC_SIR | params=0 | geos=['Royaume-Uni', 'Italie'] | confidence=0.70
2026-03-11 17:55:45,755 [INFO] 
  [59/862] 2023 | Tamasiga Phemelo, Onyeaka Helen, Umenwek...
2026-03-11 17:55:45,756 [INFO]     An extended SEIRDV compartmental model: case studies of the spread of COVID-19 a...
2026-03-11 17:55:45,761 [INFO]     ✓ PDF téléchargé (731 Ko)
2026-03-11 17:55:46,350 [INFO]     → formalism=SEIRD | params=0 | geos=['Afrique du Sud', 'Chine'] | confidence=0.70
2026-03-11 17:55:46,860 [INFO] 
  [60/862] 2023 | Montcho Yvette, Nalwanga Robinah, Azokpo...
2026-03-11 17:55:46,860 [INFO]     Assessing the Impact of Vaccination on the Dynamics of COVID-19 in Africa: A Mat...
2026-03-11 17:55:46,866 [INFO]     ✓ PDF téléchargé (1050 Ko)
2026-03-11 17:55:48,986 [INFO]     → formalism=SEIR | params=2 | geos=['Allemagne'] | confidence=0.90
2026-03-11 17:55:48,993 [INFO]     ✓ 60 modèles insérés
2026-03-11 17:55:49,493 [INFO] 
  [61/862] 2023 | Batistela Cristiane M, Correa Diego P F,...
2026-03-11 17:55:49,493 [INFO]     SIRSi-vaccine dynamical model for the Covid-19 pandemic....
2026-03-11 17:55:49,497 [INFO]     ✓ PDF téléchargé (953 Ko)
2026-03-11 17:55:51,899 [INFO]     → formalism=SIR | params=1 | geos=['Brésil'] | confidence=0.80
2026-03-11 17:55:52,405 [INFO] 
  [62/862] 2023 | Drake John M, Handel Andreas, Marty Éric...
2026-03-11 17:55:52,405 [INFO]     A data-driven semi-parametric model of SARS-CoV-2 transmission in the United Sta...
2026-03-11 17:55:52,414 [INFO]     ✓ PDF téléchargé (2442 Ko)
2026-03-11 17:55:53,784 [INFO]     → formalism=SEIR | params=1 | geos=['États-Unis'] | confidence=0.80
2026-03-11 17:55:54,292 [INFO] 
  [63/862] 2023 | Perez-Guzman Pablo N, Knock Edward, Imai...
2026-03-11 17:55:54,292 [INFO]     Epidemiological drivers of transmissibility and severity of SARS-CoV-2 in Englan...
2026-03-11 17:55:54,298 [INFO]     ✓ PDF téléchargé (1221 Ko)
2026-03-11 18:17:10,536 [INFO] 
⚡ Interruption — arrêt propre
2026-03-11 18:17:10,588 [INFO] 
════════════════════════════════════════════════════════════
2026-03-11 18:17:10,588 [INFO]   RAPPORT FINAL — PDF Extractor
2026-03-11 18:17:10,588 [INFO] ════════════════════════════════════════════════════════════
2026-03-11 18:17:10,588 [INFO]   Articles traités      : 862
2026-03-11 18:17:10,588 [INFO]   PDFs téléchargés      : 62
2026-03-11 18:17:10,588 [INFO]   Texte extrait OK      : 62
2026-03-11 18:17:10,588 [INFO]   Modèles créés         : 62
2026-03-11 18:17:10,588 [INFO]   Avec paramètres (β,γ) : 21
2026-03-11 18:17:10,588 [INFO]   Avec géographie       : 55
2026-03-11 18:17:10,588 [INFO]   Avec code GitHub      : 62
2026-03-11 18:17:10,588 [INFO]   Ignorés               : 0
2026-03-11 18:17:10,588 [INFO]   Erreurs               : 0
2026-03-11 18:17:10,588 [INFO] ════════════════════════════════════════════════════════════
2026-03-11 18:17:10,588 [INFO] 
  ✅ Prochaine étape : validation manuelle
2026-03-11 18:17:10,589 [INFO]      python3 pipeline_runner.py stats
2026-03-11 18:17:10,589 [INFO]      python3 pipeline_runner.py export
