2026-03-11 18:06:23,829 [INFO] 
════════════════════════════════════════════════════════════
2026-03-11 18:06:23,830 [INFO]   PDF Extractor — PRODUCTION
2026-03-11 18:06:23,830 [INFO] ════════════════════════════════════════════════════════════
2026-03-11 18:06:23,856 [INFO]   863 articles à traiter
2026-03-11 18:06:23,856 [INFO] 
  [1/863] 2026 | Glèlè Kakaï Romain, Djomatin Ludosky Cré...
2026-03-11 18:06:23,856 [INFO]     An age-structured mathematical model to assess the combined effects of vaccine a...
2026-03-11 18:06:23,859 [INFO]     ✓ PDF téléchargé (5877 Ko)
2026-03-11 18:06:27,168 [INFO]     → formalism=OTHER | params=0 | geos=['Nigeria', 'Éthiopie'] | confidence=0.50
2026-03-11 18:06:27,677 [INFO] 
  [2/863] 2026 | Gubela Nils, Kim Hee-Yeong, Lunchenkov N...
2026-03-11 18:06:27,678 [INFO]     Behavior change and infection induced immunity led to the decline of the 2022 Mp...
2026-03-11 18:06:27,678 [INFO]     ✓ PDF téléchargé (1053 Ko)
2026-03-11 18:06:30,991 [INFO]     → formalism=NETWORK | params=1 | geos=['Allemagne'] | confidence=0.80
2026-03-11 18:06:31,500 [INFO] 
  [3/863] 2026 | Choi Boseung, Kang Hye-Won, Rempala Grze...
2026-03-11 18:06:31,500 [INFO]     Inferring structure and parameters of stochastic reaction networks with logistic...
2026-03-11 18:06:31,504 [INFO]     ✓ PDF téléchargé (5437 Ko)
2026-03-11 18:06:33,108 [INFO]     → formalism=SIR | params=0 | geos=['Italie', 'États-Unis'] | confidence=0.70
2026-03-11 18:06:33,616 [INFO] 
  [4/863] 2025 | Saha Barsha, Bani-Yaghoub Majid, Podder ...
2026-03-11 18:06:33,616 [INFO]     Utility of compartmental models to test the competing hypotheses of pathogen evo...
2026-03-11 18:06:33,616 [INFO]     ✓ PDF téléchargé (960 Ko)
2026-03-11 18:06:36,792 [INFO]     → formalism=SIR | params=0 | geos=['Kenya', 'Royaume-Uni'] | confidence=0.70
2026-03-11 18:06:37,301 [INFO] 
  [5/863] 2025 | Polcz Péter, Reguly István Z, Tornai Kál...
2026-03-11 18:06:37,301 [INFO]     Smart epidemic control: A hybrid model blending ODEs and agent-based simulations...
2026-03-11 18:06:37,302 [INFO]     ✓ PDF téléchargé (5648 Ko)
2026-03-11 18:06:39,344 [INFO]     → formalism=ABM | params=0 | geos=['Espagne'] | confidence=0.70
2026-03-11 18:06:39,850 [INFO] 
  [6/863] 2025 | Safta Cosmin, Ray Jaideep, Bridgman Wyat...
2026-03-11 18:06:39,850 [INFO]     Detecting outbreaks using a spatial latent field....
2026-03-11 18:06:39,862 [INFO]     ✓ PDF téléchargé (20530 Ko)
2026-03-11 18:06:41,453 [INFO]     → formalism=BAYESIAN | params=1 | geos=['États-Unis', 'Mexique'] | confidence=0.80
2026-03-11 18:06:41,963 [INFO] 
  [7/863] 2025 | Shi Yuanyou, Zhu Xinhang, Zhu Xinhe, Che...
2026-03-11 18:06:41,963 [INFO]     Kalman Filter-Based Epidemiological Model for Post-COVID-19 Era Surveillance and...
2026-03-11 18:06:41,964 [INFO]     ✓ PDF téléchargé (2612 Ko)
2026-03-11 18:06:44,349 [INFO]     → formalism=SEIRD | params=0 | geos=['Chine', 'Australie'] | confidence=0.70
2026-03-11 18:06:44,856 [INFO] 
  [8/863] 2025 | Li Wenxuan, Chen Xu, Liu Suli, Zhang Chi...
2026-03-11 18:06:44,856 [INFO]     Using a multi-strain infectious disease model with physical information neural n...
2026-03-11 18:06:44,859 [INFO]     ✓ PDF téléchargé (13806 Ko)
2026-03-11 18:06:46,292 [INFO]     → formalism=SIR | params=0 | geos=['Chine', 'Canada'] | confidence=0.70
2026-03-11 18:06:46,798 [INFO] 
  [9/863] 2025 | Qian Ying, Zhang Kui, Marty Eric, Basu A...
2026-03-11 18:06:46,798 [INFO]     Physics-informed deep learning for infectious disease forecasting....
2026-03-11 18:06:46,798 [INFO]     ✓ PDF téléchargé (1334 Ko)
2026-03-11 18:06:47,785 [INFO]     → formalism=BAYESIAN | params=0 | geos=[] | confidence=0.50
2026-03-11 18:06:48,292 [INFO] 
  [10/863] 2025 | Hodcroft Emma B, Wohlfender Martin S, Ne...
2026-03-11 18:06:48,292 [INFO]     Estimating Re and overdispersion in secondary cases from the size of identical s...
2026-03-11 18:06:48,292 [INFO]     ✓ PDF téléchargé (544 Ko)
2026-03-11 18:06:50,564 [INFO]     → formalism=BAYESIAN | params=1 | geos=['Royaume-Uni'] | confidence=0.80
2026-03-11 18:06:51,071 [INFO] 
  [11/863] 2025 | Seibel Rachel L, Tildesley Michael J, Hi...
2026-03-11 18:06:51,071 [INFO]     Unifying human infectious disease models and real-time awareness of population- ...
2026-03-11 18:06:51,073 [INFO]     ✓ PDF téléchargé (8790 Ko)
2026-03-11 18:06:53,279 [INFO]     → formalism=SEIR | params=0 | geos=['Royaume-Uni'] | confidence=0.70
2026-03-11 18:06:53,784 [INFO] 
  [12/863] 2025 | Wang Manting, Ma Junling, van den Driess...
2026-03-11 18:06:53,784 [INFO]     Estimating the effect of contact tracing during the early stage of an epidemic....
2026-03-11 18:06:53,784 [INFO]     ✓ PDF téléchargé (866 Ko)
2026-03-11 18:06:56,900 [INFO]     → formalism=SEIR | params=0 | geos=['Canada'] | confidence=0.70
2026-03-11 18:06:57,406 [INFO] 
  [13/863] 2025 | Hridoy Mahmudul Bari, Allen Linda J S...
2026-03-11 18:06:57,406 [INFO]     Investigating seasonal disease emergence and extinction in stochastic epidemic m...
2026-03-11 18:06:59,707 [INFO]     ✓ PDF téléchargé (983 Ko)
2026-03-11 18:07:02,239 [INFO]     → formalism=RENEWAL_EQUATION | params=1 | geos=[] | confidence=0.60
2026-03-11 18:07:02,745 [INFO] 
  [14/863] 2025 | Bents Samantha J, Martin Emily T, Steven...
2026-03-11 18:07:02,745 [INFO]     Multiplex serology reveals age-specific immunodynamics of respiratory pathogens ...
2026-03-11 18:07:02,745 [INFO]     ✓ PDF téléchargé (943 Ko)
2026-03-11 18:07:05,158 [INFO]     → formalism=SEIRS | params=1 | geos=['Afrique du Sud', 'États-Unis'] | confidence=0.80
2026-03-11 18:07:05,664 [INFO] 
  [15/863] 2025 | du Preez Karen, Jenkins Helen E, Martine...
2026-03-11 18:07:05,665 [INFO]     Global burden of tuberculous meningitis in children aged 0-14 years in 2019: a m...
2026-03-11 18:07:05,665 [INFO]     ✓ PDF téléchargé (1019 Ko)
2026-03-11 18:07:06,724 [INFO]     → formalism=OTHER | params=0 | geos=['Afrique du Sud', 'États-Unis'] | confidence=0.50
2026-03-11 18:07:07,230 [INFO] 
  [16/863] 2025 | Dankwa Emmanuelle A, Cavalli Léa, Balasu...
2026-03-11 18:07:07,230 [INFO]     Calibration of transmission-dynamic infectious disease models: A scoping review ...
2026-03-11 18:07:07,230 [INFO]     ✓ PDF téléchargé (784 Ko)
2026-03-11 18:07:08,964 [INFO]     → formalism=ABM | params=1 | geos=['Royaume-Uni', 'États-Unis'] | confidence=0.80
2026-03-11 18:07:09,472 [INFO] 
  [17/863] 2025 | Bui Viet Long, Ragonnet Romain, Hughes A...
2026-03-11 18:07:09,472 [INFO]     Impact of Case Detection and COVID-19-Related Disruptions on Tuberculosis in Vie...
2026-03-11 18:07:09,472 [INFO]     ✓ PDF téléchargé (794 Ko)
2026-03-11 18:07:10,331 [INFO]     → formalism=BAYESIAN | params=0 | geos=['Vietnam', 'Australie'] | confidence=0.70
2026-03-11 18:07:10,837 [INFO] 
  [18/863] 2025 | Mafirakureva Nyashadzaishe, Hunter Racha...
2026-03-11 18:07:10,837 [INFO]     Cost-effectiveness of tuberculosis infection screening at first reception into E...
2026-03-11 18:07:10,837 [INFO]     ✓ PDF téléchargé (543 Ko)
2026-03-11 18:07:12,067 [INFO]     → formalism=OTHER | params=0 | geos=['Royaume-Uni'] | confidence=0.50
2026-03-11 18:07:12,572 [INFO] 
  [19/863] 2025 | Leung Tiffany, Ferrari Matthew...
2026-03-11 18:07:12,572 [INFO]     Bias in the estimated reporting fraction due to vaccination in the time-series S...
2026-03-11 18:07:12,573 [INFO]     ✓ PDF téléchargé (3313 Ko)
2026-03-11 18:07:13,892 [INFO]     → formalism=SIR | params=0 | geos=['États-Unis'] | confidence=0.70
2026-03-11 18:07:14,398 [INFO] 
  [20/863] 2025 | Sbarra Alyssa N, Haeuser Emily, Kidane S...
2026-03-11 18:07:14,398 [INFO]     Fitting dynamic measles models to subnational case notification data from Ethiop...
2026-03-11 18:07:14,398 [INFO]     ✓ PDF téléchargé (2955 Ko)
2026-03-11 18:07:15,990 [INFO]     → formalism=ABM | params=0 | geos=['Éthiopie', 'Royaume-Uni'] | confidence=0.70
2026-03-11 18:07:15,997 [INFO]     ✓ 20 modèles insérés
2026-03-11 18:07:16,497 [INFO] 
  [21/863] 2025 | Suffel Anne M, Warren-Gash Charlotte, Mc...
2026-03-11 18:07:16,497 [INFO]     Impact of vaccination timing and coverage on measles near elimination dynamics: ...
2026-03-11 18:07:16,498 [INFO]     ✓ PDF téléchargé (1793 Ko)
2026-03-11 18:07:18,210 [INFO]     → formalism=SEIR | params=0 | geos=['Royaume-Uni'] | confidence=0.70
2026-03-11 18:07:18,716 [INFO] 
  [22/863] 2025 | Iyaniwura Sarafa A, Han Qing, Yong Ngem ...
2026-03-11 18:07:18,716 [INFO]     Regional variation and epidemiological insights in malaria underestimation in Ca...
2026-03-11 18:07:18,717 [INFO]     ✓ PDF téléchargé (3976 Ko)
2026-03-11 18:07:23,126 [INFO]     → formalism=BAYESIAN | params=1 | geos=['Ghana', 'Cameroun'] | confidence=0.80
2026-03-11 18:07:23,633 [INFO] 
  [23/863] 2025 | Mousa Andria, Cuomo-Dannenburg Gina, Tho...
2026-03-11 18:07:23,634 [INFO]     Impact of dhps mutations on sulfadoxine-pyrimethamine protective efficacy and im...
2026-03-11 18:07:23,634 [INFO]     ✓ PDF téléchargé (2625 Ko)
2026-03-11 18:07:25,978 [INFO]     → formalism=OTHER | params=0 | geos=['États-Unis'] | confidence=0.50
2026-03-11 18:07:26,483 [INFO] 
  [24/863] 2025 | Stopard Isaac J, Sanou Antoine, Suh Eunh...
2026-03-11 18:07:26,483 [INFO]     Modelling the effects of diurnal temperature variation on malaria infection dyna...
2026-03-11 18:07:26,484 [INFO]     ✓ PDF téléchargé (1498 Ko)
2026-03-11 18:07:31,095 [INFO]     → formalism=NETWORK | params=0 | geos=['Burkina Faso'] | confidence=0.70
2026-03-11 18:07:31,601 [INFO] 
  [25/863] 2025 | Telle Olivier, Grandadam Marc, Philippon...
2026-03-11 18:07:31,601 [INFO]     Dengue dynamics beyond biological factors: Revealing the nexus between urbanisat...
2026-03-11 18:07:31,601 [INFO]     ✓ PDF téléchargé (2093 Ko)
2026-03-11 18:07:33,523 [INFO]     → formalism=SIS | params=0 | geos=['Vietnam', 'Thaïlande'] | confidence=0.70
2026-03-11 18:07:34,030 [INFO] 
  [26/863] 2025 | Nipa Kaniz Fatema, Mohammed Mozzamil, St...
2026-03-11 18:07:34,030 [INFO]     Theory of infectious disease spillover at an ecological boundary: impacts of sea...
2026-03-11 18:07:34,030 [INFO]     ✓ PDF téléchargé (1257 Ko)
2026-03-11 18:07:42,736 [INFO]     → formalism=METAPOPULATION | params=0 | geos=['États-Unis'] | confidence=0.70
2026-03-11 18:07:43,243 [INFO] 
  [27/863] 2025 | Cao Jianping, Ling Lin...
2026-03-11 18:07:43,244 [INFO]     miRNA-GABA influences female Aedes aegypti reproduction by modulating midgut hom...
2026-03-11 18:07:46,709 [INFO]     ✓ PDF téléchargé (6060 Ko)
2026-03-11 18:07:50,665 [INFO]     → formalism=ABM | params=0 | geos=['Chine', 'États-Unis'] | confidence=0.70
2026-03-11 18:07:51,171 [INFO] 
  [28/863] 2025 | Liyanage Yuganthi R, Chowell Gerardo, Po...
2026-03-11 18:07:51,171 [INFO]     Structural and Practical Identifiability of Phenomenological Growth Models for E...
2026-03-11 18:07:51,172 [INFO]     ✓ PDF téléchargé (1637 Ko)
2026-03-11 18:07:52,520 [INFO]     → formalism=SEIR | params=1 | geos=['France', 'États-Unis'] | confidence=0.80
2026-03-11 18:07:53,027 [INFO] 
  [29/863] 2025 | Gozzi Nicolò, Chinazzi Matteo, Davis Jes...
2026-03-11 18:07:53,027 [INFO]     Epydemix: An open-source Python package for epidemic modeling with integrated ap...
2026-03-11 18:07:53,031 [INFO]     ✓ PDF téléchargé (3790 Ko)
2026-03-11 18:07:54,828 [INFO]     → formalism=SIR | params=1 | geos=['Royaume-Uni', 'Italie'] | confidence=0.80
2026-03-11 18:07:55,334 [INFO] 
  [30/863] 2025 | Xu Yuan, Chen Kylie, Xie Dong, Drummond ...
2026-03-11 18:07:55,335 [INFO]     Bayesian Model Averaging of Parametric Coalescent Models for Phylodynamic Infere...
2026-03-11 18:07:55,335 [INFO]     ✓ PDF téléchargé (837 Ko)
2026-03-11 18:07:57,320 [INFO]     → formalism=BAYESIAN | params=3 | geos=[] | confidence=0.80
2026-03-11 18:07:57,826 [INFO] 
  [31/863] 2025 | Adeoye Matthew, Didelot Xavier, Spencer ...
2026-03-11 18:07:57,827 [INFO]     Bayesian spatio-temporal modelling for infectious disease outbreak detection....
2026-03-11 18:08:02,051 [INFO]     ⚠️  PDF non téléchargeable — extraction depuis abstract
2026-03-11 18:08:02,057 [INFO]     → formalism=BAYESIAN | params=0 | geos=[] | confidence=0.50
2026-03-11 18:08:02,561 [INFO] 
  [32/863] 2025 | Ji Xiang, Redelings Benjamin, Su Shuo, B...
2026-03-11 18:08:02,561 [INFO]     Detecting Evolutionary Change-Points with Branch-Specific Substitution Models an...
2026-03-11 18:08:02,561 [INFO]     ✓ PDF téléchargé (956 Ko)
2026-03-11 18:08:04,320 [INFO]     → formalism=OTHER | params=1 | geos=['Chine', 'Belgique'] | confidence=0.60
2026-03-11 18:08:04,826 [INFO] 
  [33/863] 2025 | Amasa Sophia Nicolette C, Beleta Trisha ...
2026-03-11 18:08:04,826 [INFO]     Simulating HIV transmission dynamics: An agent-based approach using NetLogo....
2026-03-11 18:08:04,827 [INFO]     ✓ PDF téléchargé (5836 Ko)
2026-03-11 18:08:06,418 [INFO]     → formalism=ABM | params=0 | geos=['Philippines', 'Espagne'] | confidence=0.70
2026-03-11 18:08:06,925 [INFO] 
  [34/863] 2025 | Henriot Paul, El-Kassas Mohamed, Anwar W...
2026-03-11 18:08:06,925 [INFO]     An agent-based model to simulate the transmission dynamics of bloodborne pathoge...
2026-03-11 18:08:06,926 [INFO]     ✓ PDF téléchargé (1140 Ko)
2026-03-11 18:08:08,988 [INFO]     → formalism=ABM | params=0 | geos=['France', 'États-Unis'] | confidence=0.70
2026-03-11 18:08:09,493 [INFO] 
  [35/863] 2025 | Gabriela Bayolo Soler, Miraine Dávila Fe...
2026-03-11 18:08:09,494 [INFO]     Test allocation based on risk of infection from first and second order contact t...
2026-03-11 18:08:09,497 [INFO]     ✓ PDF téléchargé (15124 Ko)
2026-03-11 18:08:12,237 [INFO]     → formalism=NETWORK | params=0 | geos=['France'] | confidence=0.70
2026-03-11 18:08:12,743 [INFO] 
  [36/863] 2025 | Ciavarella Constanze, Drakeley Chris, Pr...
2026-03-11 18:08:12,743 [INFO]     Quantifying Plasmodium vivax radical cure efficacy: a modelling study integratin...
2026-03-11 18:08:12,743 [INFO]     ✓ PDF téléchargé (1511 Ko)
2026-03-11 18:08:17,440 [INFO]     → formalism=ABM | params=0 | geos=['Thaïlande', 'France'] | confidence=0.70
2026-03-11 18:08:17,948 [INFO] 
  [37/863] 2025 | Teslya Alexandra, Heijne Janneke Corneli...
2026-03-11 18:08:17,948 [INFO]     Impact of increased diagnosis of early HIV infection and immediate antiretrovira...
2026-03-11 18:08:17,948 [INFO]     ✓ PDF téléchargé (1814 Ko)
2026-03-11 18:08:19,516 [INFO]     → formalism=SIS | params=0 | geos=['Royaume-Uni', 'Allemagne'] | confidence=0.70
2026-03-11 18:08:20,022 [INFO] 
  [38/863] 2025 | Marshall John M, Yang Shuyi, Bennett Jar...
2026-03-11 18:08:20,022 [INFO]     Spatial close-kin mark-recapture methods to estimate dispersal parameters and ba...
2026-03-11 18:08:20,022 [INFO]     ✓ PDF téléchargé (2682 Ko)
2026-03-11 18:08:22,328 [INFO]     → formalism=METAPOPULATION | params=0 | geos=['Royaume-Uni', 'États-Unis'] | confidence=0.70
2026-03-11 18:08:22,836 [INFO] 
  [39/863] 2025 | Pandey Aakash, Zhong Lu, Rennert Lior...
2026-03-11 18:08:22,836 [INFO]     Mobility-informed metapopulation models predict the spatio-temporal spread of re...
2026-03-11 18:08:22,836 [INFO]     ✓ PDF téléchargé (414 Ko)
2026-03-11 18:08:24,247 [INFO]     → formalism=METAPOPULATION | params=0 | geos=['États-Unis'] | confidence=0.70
2026-03-11 18:08:24,754 [INFO] 
  [40/863] 2024 | Wei Fengying, Zhou Ruiyang, Jin Zhen, Su...
2026-03-11 18:08:24,754 [INFO]     Studying the impacts of variant evolution for a generalized age-group transmissi...
2026-03-11 18:08:24,754 [INFO]     ✓ PDF téléchargé (1368 Ko)
2026-03-11 18:08:30,225 [INFO]     → formalism=SEIR | params=0 | geos=['Chine'] | confidence=0.70
2026-03-11 18:08:30,232 [INFO]     ✓ 40 modèles insérés
2026-03-11 18:08:30,732 [INFO] 
  [41/863] 2024 | Harris Jeffrey E...
2026-03-11 18:08:30,733 [INFO]     A tight fit of the SIR dynamic epidemic model to daily cases of COVID-19 reporte...
2026-03-11 18:08:30,733 [INFO]     ✓ PDF téléchargé (2230 Ko)
2026-03-11 18:08:33,075 [INFO]     → formalism=SIR | params=1 | geos=[] | confidence=0.60
2026-03-11 18:08:33,582 [INFO] 
  [42/863] 2024 | Xiu Fanyu, Flores Anato Jorge Luis, Cox ...
2026-03-11 18:08:33,582 [INFO]     Characteristics of the Sexual Networks of Men Who Have Sex With Men in Montréal,...
2026-03-11 18:08:33,582 [INFO]     ✓ PDF téléchargé (649 Ko)
2026-03-11 18:08:40,434 [INFO]     → formalism=SEIR | params=0 | geos=['Canada'] | confidence=0.70
2026-03-11 18:08:40,941 [INFO] 
  [43/863] 2024 | Jdid Touria, Benbrahim Mohammed, Kabbaj ...
2026-03-11 18:08:40,941 [INFO]     A vaccination-based COVID-19 model: Analysis and prediction using Hamiltonian Mo...
2026-03-11 18:08:40,941 [INFO]     ✓ PDF téléchargé (1511 Ko)
2026-03-11 18:08:50,249 [INFO]     → formalism=BAYESIAN | params=0 | geos=['Chine', 'États-Unis'] | confidence=0.70
2026-03-11 18:08:50,756 [INFO] 
  [44/863] 2024 | Santoro Benedetta, Larese Filon Francesc...
2026-03-11 18:08:50,756 [INFO]     An Easy-to-Use Tool to Predict SARS-CoV-2 Risk of Infection in Closed Settings: ...
2026-03-11 18:08:50,756 [INFO]     ✓ PDF téléchargé (1021 Ko)
2026-03-11 18:08:51,625 [INFO]     → formalism=ABM | params=2 | geos=['Italie'] | confidence=0.90
2026-03-11 18:08:52,134 [INFO] 
  [45/863] 2024 | Nitzsche Christian, Simm Stefan...
2026-03-11 18:08:52,134 [INFO]     Agent-based modeling to estimate the impact of lockdown scenarios and events on ...
2026-03-11 18:08:52,134 [INFO]     ✓ PDF téléchargé (1334 Ko)
2026-03-11 18:08:53,113 [INFO]     → formalism=ABM | params=0 | geos=[] | confidence=0.50
2026-03-11 18:08:53,620 [INFO] 
  [46/863] 2024 | Yamana Teresa K, Rajagopal Swetha, Hall ...
2026-03-11 18:08:53,621 [INFO]     A two-variant model of SARS-COV-2 transmission: estimating the characteristics o...
2026-03-11 18:08:53,621 [INFO]     ✓ PDF téléchargé (2083 Ko)
2026-03-11 18:08:54,599 [INFO]     → formalism=METAPOPULATION | params=0 | geos=['États-Unis'] | confidence=0.70
2026-03-11 18:08:55,106 [INFO] 
  [47/863] 2024 | Saade Masoud, Ghosh Samiran, Banerjee Ma...
2026-03-11 18:08:55,106 [INFO]     Delay epidemic models determined by latency, infection, and immunity duration....
2026-03-11 18:08:57,165 [INFO]     ✓ PDF téléchargé (10700 Ko)
2026-03-11 18:08:59,313 [INFO]     → formalism=SEIR | params=0 | geos=['Chine'] | confidence=0.70
2026-03-11 18:08:59,819 [INFO] 
  [48/863] 2024 | Ross Jennifer M, Greene Chelsea, Broshke...
2026-03-11 18:08:59,819 [INFO]     Preventing tuberculosis with community-based care in an HIV-endemic setting: a m...
2026-03-11 18:08:59,820 [INFO]     ✓ PDF téléchargé (1085 Ko)
2026-03-11 18:09:00,819 [INFO]     → formalism=OTHER | params=0 | geos=['Afrique du Sud', 'États-Unis'] | confidence=0.50
2026-03-11 18:09:01,325 [INFO] 
  [49/863] 2024 | Brass Dominic P, Cobbold Christina A, Pu...
2026-03-11 18:09:01,325 [INFO]     Role of vector phenotypic plasticity in disease transmission as illustrated by t...
2026-03-11 18:09:01,326 [INFO]     ✓ PDF téléchargé (5504 Ko)
2026-03-11 18:09:08,692 [INFO]     → formalism=SEIR | params=1 | geos=[] | confidence=0.60
2026-03-11 18:09:09,197 [INFO] 
  [50/863] 2024 | Wu Huei-Jiuan, Shih Sophy TingFang, Appl...
2026-03-11 18:09:09,198 [INFO]     Impact of simplified HCV diagnostic strategies on the HCV epidemic among men who...
2026-03-11 18:09:09,198 [INFO]     ✓ PDF téléchargé (2197 Ko)
2026-03-11 18:09:13,610 [INFO]     → formalism=SIS | params=0 | geos=['Australie'] | confidence=0.70
2026-03-11 18:09:14,115 [INFO] 
  [51/863] 2024 | Zhang Xu-Sheng, Mandal Sema, Mohammed Ha...
2026-03-11 18:09:14,115 [INFO]     Transmission dynamics and effect of control measures on the 2022 outbreak of mpo...
2026-03-11 18:09:15,186 [INFO]     ✓ PDF téléchargé (1053 Ko)
2026-03-11 18:09:18,327 [INFO]     → formalism=NETWORK | params=1 | geos=['Royaume-Uni'] | confidence=0.80
2026-03-11 18:09:18,833 [INFO] 
  [52/863] 2024 | Gaskin Thomas, Conrad Tim, Pavliotis Gri...
2026-03-11 18:09:18,833 [INFO]     Neural parameter calibration and uncertainty quantification for epidemic forecas...
2026-03-11 18:09:18,834 [INFO]     ✓ PDF téléchargé (1933 Ko)
2026-03-11 18:09:19,943 [INFO]     → formalism=ABM | params=2 | geos=['Royaume-Uni', 'Allemagne'] | confidence=0.90
2026-03-11 18:09:20,449 [INFO] 
  [53/863] 2024 | McAndrew Fenella, Sacks-Davis Rachel, Ab...
2026-03-11 18:09:20,449 [INFO]     COVID-19 outbreaks in residential aged care facilities: an agent-based modeling ...
2026-03-11 18:09:20,449 [INFO]     ✓ PDF téléchargé (1425 Ko)
2026-03-11 18:09:21,541 [INFO]     → formalism=ABM | params=0 | geos=['Royaume-Uni', 'Australie'] | confidence=0.70
2026-03-11 18:09:22,047 [INFO] 
  [54/863] 2024 | Robin Tal T, Cascante-Vega Jaime, Shaman...
2026-03-11 18:09:22,047 [INFO]     System identifiability in a time-evolving agent-based model....
2026-03-11 18:09:22,048 [INFO]     ✓ PDF téléchargé (2285 Ko)
2026-03-11 18:09:23,229 [INFO]     → formalism=ABM | params=2 | geos=['États-Unis'] | confidence=0.90
2026-03-11 18:09:23,736 [INFO] 
  [55/863] 2024 | Houben R M A C, Newton J R, van Maanen C...
2026-03-11 18:09:23,736 [INFO]     Untangling the stranglehold through mathematical modelling of Streptococcus equi...
2026-03-11 18:09:26,451 [INFO]     ✓ PDF téléchargé (1231 Ko)
2026-03-11 18:09:28,784 [INFO]     → formalism=BAYESIAN | params=1 | geos=['Royaume-Uni', 'Suède'] | confidence=0.80
2026-03-11 18:09:29,292 [INFO] 
  [56/863] 2024 | Hladish Thomas J, Pillai Alexander N, Pe...
2026-03-11 18:09:29,292 [INFO]     Evaluating targeted COVID-19 vaccination strategies with agent-based modeling....
2026-03-11 18:09:29,292 [INFO]     ✓ PDF téléchargé (2955 Ko)
2026-03-11 18:09:30,434 [INFO]     → formalism=ABM | params=0 | geos=['Afrique du Sud', 'Royaume-Uni'] | confidence=0.70
2026-03-11 18:09:30,941 [INFO] 
  [57/863] 2024 | Smirnova Alexandra, Baroonian Mona...
2026-03-11 18:09:30,941 [INFO]     Reconstruction of incidence reporting rate for SARS-CoV-2 Delta variant of COVID...
2026-03-11 18:09:30,942 [INFO]     ✓ PDF téléchargé (1999 Ko)
2026-03-11 18:09:34,295 [INFO]     → formalism=SIR | params=0 | geos=['États-Unis'] | confidence=0.70
2026-03-11 18:09:34,801 [INFO] 
  [58/863] 2024 | De Gaetano Alessandro, Barrat Alain, Pao...
2026-03-11 18:09:34,801 [INFO]     Modeling the interplay between disease spread, behaviors, and disease perception...
2026-03-11 18:09:37,102 [INFO]     ✓ PDF téléchargé (3347 Ko)
2026-03-11 18:09:38,677 [INFO]     → formalism=STOCHASTIC_SIR | params=0 | geos=['Royaume-Uni', 'Italie'] | confidence=0.70
2026-03-11 18:09:39,183 [INFO] 
  [59/863] 2023 | Tamasiga Phemelo, Onyeaka Helen, Umenwek...
2026-03-11 18:09:39,183 [INFO]     An extended SEIRDV compartmental model: case studies of the spread of COVID-19 a...
2026-03-11 18:09:39,183 [INFO]     ✓ PDF téléchargé (731 Ko)
2026-03-11 18:09:39,784 [INFO]     → formalism=SEIRD | params=0 | geos=['Afrique du Sud', 'Chine'] | confidence=0.70
2026-03-11 18:09:40,290 [INFO] 
  [60/863] 2023 | Montcho Yvette, Nalwanga Robinah, Azokpo...
2026-03-11 18:09:40,290 [INFO]     Assessing the Impact of Vaccination on the Dynamics of COVID-19 in Africa: A Mat...
2026-03-11 18:09:40,291 [INFO]     ✓ PDF téléchargé (1050 Ko)
2026-03-11 18:09:42,559 [INFO]     → formalism=SEIR | params=2 | geos=['Allemagne'] | confidence=0.90
2026-03-11 18:09:42,566 [INFO]     ✓ 60 modèles insérés
2026-03-11 18:09:43,066 [INFO] 
  [61/863] 2023 | Batistela Cristiane M, Correa Diego P F,...
2026-03-11 18:09:43,066 [INFO]     SIRSi-vaccine dynamical model for the Covid-19 pandemic....
2026-03-11 18:09:43,066 [INFO]     ✓ PDF téléchargé (953 Ko)
2026-03-11 18:09:45,606 [INFO]     → formalism=SIR | params=1 | geos=['Brésil'] | confidence=0.80
2026-03-11 18:09:46,111 [INFO] 
  [62/863] 2023 | Drake John M, Handel Andreas, Marty Éric...
2026-03-11 18:09:46,111 [INFO]     A data-driven semi-parametric model of SARS-CoV-2 transmission in the United Sta...
2026-03-11 18:09:46,112 [INFO]     ✓ PDF téléchargé (2442 Ko)
2026-03-11 18:09:47,524 [INFO]     → formalism=SEIR | params=1 | geos=['États-Unis'] | confidence=0.80
2026-03-11 18:09:48,030 [INFO] 
  [63/863] 2023 | Perez-Guzman Pablo N, Knock Edward, Imai...
2026-03-11 18:09:48,030 [INFO]     Epidemiological drivers of transmissibility and severity of SARS-CoV-2 in Englan...
2026-03-11 18:09:48,031 [INFO]     ✓ PDF téléchargé (1221 Ko)
2026-03-11 18:12:29,655 [INFO] 
⚡ Interruption — arrêt propre
2026-03-11 18:12:29,694 [INFO] 
════════════════════════════════════════════════════════════
2026-03-11 18:12:29,694 [INFO]   RAPPORT FINAL — PDF Extractor
2026-03-11 18:12:29,694 [INFO] ════════════════════════════════════════════════════════════
2026-03-11 18:12:29,694 [INFO]   Articles traités      : 863
2026-03-11 18:12:29,694 [INFO]   PDFs téléchargés      : 62
2026-03-11 18:12:29,694 [INFO]   Texte extrait OK      : 62
2026-03-11 18:12:29,694 [INFO]   Modèles créés         : 62
2026-03-11 18:12:29,694 [INFO]   Avec paramètres (β,γ) : 21
2026-03-11 18:12:29,694 [INFO]   Avec géographie       : 55
2026-03-11 18:12:29,695 [INFO]   Avec code GitHub      : 62
2026-03-11 18:12:29,695 [INFO]   Ignorés               : 0
2026-03-11 18:12:29,695 [INFO]   Erreurs               : 0
2026-03-11 18:12:29,695 [INFO] ════════════════════════════════════════════════════════════
2026-03-11 18:12:29,695 [INFO] 
  ✅ Prochaine étape : validation manuelle
2026-03-11 18:12:29,695 [INFO]      python3 pipeline_runner.py stats
2026-03-11 18:12:29,695 [INFO]      python3 pipeline_runner.py export
