2026-03-11 18:21:37,618 [INFO] 
════════════════════════════════════════════════════════════
2026-03-11 18:21:37,618 [INFO]   PDF Extractor — PRODUCTION
2026-03-11 18:21:37,618 [INFO] ════════════════════════════════════════════════════════════
2026-03-11 18:21:37,643 [INFO]   864 articles à traiter
2026-03-11 18:21:37,643 [INFO] 
  [1/864] 2026 | Glèlè Kakaï Romain, Djomatin Ludosky Cré...
2026-03-11 18:21:37,643 [INFO]     An age-structured mathematical model to assess the combined effects of vaccine a...
2026-03-11 18:21:37,646 [INFO]     ✓ PDF téléchargé (5877 Ko)
2026-03-11 18:21:40,819 [INFO]     → formalism=OTHER | params=0 | geos=['Nigeria', 'Éthiopie'] | confidence=0.50
2026-03-11 18:21:41,329 [INFO] 
  [2/864] 2026 | Gubela Nils, Kim Hee-Yeong, Lunchenkov N...
2026-03-11 18:21:41,329 [INFO]     Behavior change and infection induced immunity led to the decline of the 2022 Mp...
2026-03-11 18:21:41,330 [INFO]     ✓ PDF téléchargé (1053 Ko)
2026-03-11 18:21:44,868 [INFO]     → formalism=NETWORK | params=1 | geos=['Allemagne'] | confidence=0.80
2026-03-11 18:21:45,375 [INFO] 
  [3/864] 2026 | Choi Boseung, Kang Hye-Won, Rempala Grze...
2026-03-11 18:21:45,375 [INFO]     Inferring structure and parameters of stochastic reaction networks with logistic...
2026-03-11 18:21:45,379 [INFO]     ✓ PDF téléchargé (5437 Ko)
2026-03-11 18:21:46,994 [INFO]     → formalism=SIR | params=0 | geos=['Italie', 'États-Unis'] | confidence=0.70
2026-03-11 18:21:47,501 [INFO] 
  [4/864] 2025 | Saha Barsha, Bani-Yaghoub Majid, Podder ...
2026-03-11 18:21:47,501 [INFO]     Utility of compartmental models to test the competing hypotheses of pathogen evo...
2026-03-11 18:21:47,501 [INFO]     ✓ PDF téléchargé (960 Ko)
2026-03-11 18:21:50,359 [INFO]     → formalism=SIR | params=0 | geos=['Kenya', 'Royaume-Uni'] | confidence=0.70
2026-03-11 18:21:50,866 [INFO] 
  [5/864] 2025 | Polcz Péter, Reguly István Z, Tornai Kál...
2026-03-11 18:21:50,866 [INFO]     Smart epidemic control: A hybrid model blending ODEs and agent-based simulations...
2026-03-11 18:21:50,867 [INFO]     ✓ PDF téléchargé (5648 Ko)
2026-03-11 18:21:52,554 [INFO]     → formalism=ABM | params=0 | geos=['Espagne'] | confidence=0.70
2026-03-11 18:21:53,061 [INFO] 
  [6/864] 2025 | Safta Cosmin, Ray Jaideep, Bridgman Wyat...
2026-03-11 18:21:53,061 [INFO]     Detecting outbreaks using a spatial latent field....
2026-03-11 18:21:53,070 [INFO]     ✓ PDF téléchargé (20530 Ko)
2026-03-11 18:21:54,502 [INFO]     → formalism=BAYESIAN | params=1 | geos=['États-Unis', 'Mexique'] | confidence=0.80
2026-03-11 18:21:55,010 [INFO] 
  [7/864] 2025 | Shi Yuanyou, Zhu Xinhang, Zhu Xinhe, Che...
2026-03-11 18:21:55,010 [INFO]     Kalman Filter-Based Epidemiological Model for Post-COVID-19 Era Surveillance and...
2026-03-11 18:21:55,011 [INFO]     ✓ PDF téléchargé (2612 Ko)
2026-03-11 18:21:57,305 [INFO]     → formalism=SEIRD | params=0 | geos=['Chine', 'Australie'] | confidence=0.70
2026-03-11 18:21:57,812 [INFO] 
  [8/864] 2025 | Li Wenxuan, Chen Xu, Liu Suli, Zhang Chi...
2026-03-11 18:21:57,812 [INFO]     Using a multi-strain infectious disease model with physical information neural n...
2026-03-11 18:21:57,815 [INFO]     ✓ PDF téléchargé (13806 Ko)
2026-03-11 18:21:59,105 [INFO]     → formalism=SIR | params=0 | geos=['Chine', 'Canada'] | confidence=0.70
2026-03-11 18:21:59,611 [INFO] 
  [9/864] 2025 | Qian Ying, Zhang Kui, Marty Eric, Basu A...
2026-03-11 18:21:59,611 [INFO]     Physics-informed deep learning for infectious disease forecasting....
2026-03-11 18:21:59,611 [INFO]     ✓ PDF téléchargé (1334 Ko)
2026-03-11 18:22:00,536 [INFO]     → formalism=BAYESIAN | params=0 | geos=[] | confidence=0.50
2026-03-11 18:22:01,043 [INFO] 
  [10/864] 2025 | Hodcroft Emma B, Wohlfender Martin S, Ne...
2026-03-11 18:22:01,043 [INFO]     Estimating Re and overdispersion in secondary cases from the size of identical s...
2026-03-11 18:22:01,044 [INFO]     ✓ PDF téléchargé (544 Ko)
2026-03-11 18:22:03,198 [INFO]     → formalism=BAYESIAN | params=1 | geos=['Royaume-Uni'] | confidence=0.80
2026-03-11 18:22:03,705 [INFO] 
  [11/864] 2025 | Qian Ying, Zhang Kui, Marty Éric, Basu A...
2026-03-11 18:22:03,706 [INFO]     Physics-informed deep learning for infectious disease forecasting....
2026-03-11 18:22:04,949 [INFO]     ✓ PDF téléchargé (1040 Ko)
2026-03-11 18:22:06,349 [INFO]     → formalism=OTHER | params=1 | geos=['Chine', 'Belgique'] | confidence=0.60
2026-03-11 18:22:06,855 [INFO] 
  [12/864] 2025 | Seibel Rachel L, Tildesley Michael J, Hi...
2026-03-11 18:22:06,855 [INFO]     Unifying human infectious disease models and real-time awareness of population- ...
2026-03-11 18:22:06,857 [INFO]     ✓ PDF téléchargé (8790 Ko)
2026-03-11 18:22:08,880 [INFO]     → formalism=SEIR | params=0 | geos=['Royaume-Uni'] | confidence=0.70
2026-03-11 18:22:09,386 [INFO] 
  [13/864] 2025 | Wang Manting, Ma Junling, van den Driess...
2026-03-11 18:22:09,386 [INFO]     Estimating the effect of contact tracing during the early stage of an epidemic....
2026-03-11 18:22:09,387 [INFO]     ✓ PDF téléchargé (866 Ko)
2026-03-11 18:22:12,383 [INFO]     → formalism=SEIR | params=0 | geos=['Canada'] | confidence=0.70
2026-03-11 18:22:12,890 [INFO] 
  [14/864] 2025 | Hridoy Mahmudul Bari, Allen Linda J S...
2026-03-11 18:22:12,890 [INFO]     Investigating seasonal disease emergence and extinction in stochastic epidemic m...
2026-03-11 18:22:15,060 [INFO]     ✓ PDF téléchargé (983 Ko)
2026-03-11 18:22:17,200 [INFO]     → formalism=RENEWAL_EQUATION | params=1 | geos=[] | confidence=0.60
2026-03-11 18:22:17,705 [INFO] 
  [15/864] 2025 | Bents Samantha J, Martin Emily T, Steven...
2026-03-11 18:22:17,705 [INFO]     Multiplex serology reveals age-specific immunodynamics of respiratory pathogens ...
2026-03-11 18:22:17,705 [INFO]     ✓ PDF téléchargé (943 Ko)
2026-03-11 18:22:19,679 [INFO]     → formalism=SEIRS | params=1 | geos=['Afrique du Sud', 'États-Unis'] | confidence=0.80
2026-03-11 18:22:20,185 [INFO] 
  [16/864] 2025 | du Preez Karen, Jenkins Helen E, Martine...
2026-03-11 18:22:20,185 [INFO]     Global burden of tuberculous meningitis in children aged 0-14 years in 2019: a m...
2026-03-11 18:22:20,186 [INFO]     ✓ PDF téléchargé (1019 Ko)
2026-03-11 18:22:21,083 [INFO]     → formalism=OTHER | params=0 | geos=['Afrique du Sud', 'États-Unis'] | confidence=0.50
2026-03-11 18:22:21,589 [INFO] 
  [17/864] 2025 | Dankwa Emmanuelle A, Cavalli Léa, Balasu...
2026-03-11 18:22:21,589 [INFO]     Calibration of transmission-dynamic infectious disease models: A scoping review ...
2026-03-11 18:22:21,590 [INFO]     ✓ PDF téléchargé (784 Ko)
2026-03-11 18:22:23,031 [INFO]     → formalism=ABM | params=1 | geos=['Royaume-Uni', 'États-Unis'] | confidence=0.80
2026-03-11 18:22:23,539 [INFO] 
  [18/864] 2025 | Bui Viet Long, Ragonnet Romain, Hughes A...
2026-03-11 18:22:23,539 [INFO]     Impact of Case Detection and COVID-19-Related Disruptions on Tuberculosis in Vie...
2026-03-11 18:22:23,539 [INFO]     ✓ PDF téléchargé (794 Ko)
2026-03-11 18:22:24,256 [INFO]     → formalism=BAYESIAN | params=0 | geos=['Vietnam', 'Australie'] | confidence=0.70
2026-03-11 18:22:24,763 [INFO] 
  [19/864] 2025 | Mafirakureva Nyashadzaishe, Hunter Racha...
2026-03-11 18:22:24,763 [INFO]     Cost-effectiveness of tuberculosis infection screening at first reception into E...
2026-03-11 18:22:24,767 [INFO]     ✓ PDF téléchargé (543 Ko)
2026-03-11 18:22:25,492 [INFO]     → formalism=OTHER | params=0 | geos=['Royaume-Uni'] | confidence=0.50
2026-03-11 18:22:25,998 [INFO] 
  [20/864] 2025 | Leung Tiffany, Ferrari Matthew...
2026-03-11 18:22:25,998 [INFO]     Bias in the estimated reporting fraction due to vaccination in the time-series S...
2026-03-11 18:22:25,998 [INFO]     ✓ PDF téléchargé (3313 Ko)
2026-03-11 18:22:26,960 [INFO]     → formalism=SIR | params=0 | geos=['États-Unis'] | confidence=0.70
2026-03-11 18:22:26,965 [INFO]     ✓ 20 modèles insérés
2026-03-11 18:22:27,465 [INFO] 
  [21/864] 2025 | Sbarra Alyssa N, Haeuser Emily, Kidane S...
2026-03-11 18:22:27,465 [INFO]     Fitting dynamic measles models to subnational case notification data from Ethiop...
2026-03-11 18:22:27,466 [INFO]     ✓ PDF téléchargé (2955 Ko)
2026-03-11 18:22:28,570 [INFO]     → formalism=ABM | params=0 | geos=['Éthiopie', 'Royaume-Uni'] | confidence=0.70
2026-03-11 18:22:29,077 [INFO] 
  [22/864] 2025 | Suffel Anne M, Warren-Gash Charlotte, Mc...
2026-03-11 18:22:29,077 [INFO]     Impact of vaccination timing and coverage on measles near elimination dynamics: ...
2026-03-11 18:22:29,078 [INFO]     ✓ PDF téléchargé (1793 Ko)
2026-03-11 18:22:30,080 [INFO]     → formalism=SEIR | params=0 | geos=['Royaume-Uni'] | confidence=0.70
2026-03-11 18:22:30,587 [INFO] 
  [23/864] 2025 | Iyaniwura Sarafa A, Han Qing, Yong Ngem ...
2026-03-11 18:22:30,587 [INFO]     Regional variation and epidemiological insights in malaria underestimation in Ca...
2026-03-11 18:22:30,588 [INFO]     ✓ PDF téléchargé (3976 Ko)
2026-03-11 18:22:34,047 [INFO]     → formalism=BAYESIAN | params=1 | geos=['Ghana', 'Cameroun'] | confidence=0.80
2026-03-11 18:22:34,555 [INFO] 
  [24/864] 2025 | Mousa Andria, Cuomo-Dannenburg Gina, Tho...
2026-03-11 18:22:34,555 [INFO]     Impact of dhps mutations on sulfadoxine-pyrimethamine protective efficacy and im...
2026-03-11 18:22:34,556 [INFO]     ✓ PDF téléchargé (2625 Ko)
2026-03-11 18:22:36,637 [INFO]     → formalism=OTHER | params=0 | geos=['États-Unis'] | confidence=0.50
2026-03-11 18:22:37,142 [INFO] 
  [25/864] 2025 | Stopard Isaac J, Sanou Antoine, Suh Eunh...
2026-03-11 18:22:37,142 [INFO]     Modelling the effects of diurnal temperature variation on malaria infection dyna...
2026-03-11 18:22:37,142 [INFO]     ✓ PDF téléchargé (1498 Ko)
2026-03-11 18:22:41,384 [INFO]     → formalism=NETWORK | params=0 | geos=['Burkina Faso'] | confidence=0.70
2026-03-11 18:22:41,890 [INFO] 
  [26/864] 2025 | Telle Olivier, Grandadam Marc, Philippon...
2026-03-11 18:22:41,890 [INFO]     Dengue dynamics beyond biological factors: Revealing the nexus between urbanisat...
2026-03-11 18:22:41,890 [INFO]     ✓ PDF téléchargé (2093 Ko)
2026-03-11 18:22:43,656 [INFO]     → formalism=SIS | params=0 | geos=['Vietnam', 'Thaïlande'] | confidence=0.70
2026-03-11 18:22:44,163 [INFO] 
  [27/864] 2025 | Nipa Kaniz Fatema, Mohammed Mozzamil, St...
2026-03-11 18:22:44,163 [INFO]     Theory of infectious disease spillover at an ecological boundary: impacts of sea...
2026-03-11 18:22:44,163 [INFO]     ✓ PDF téléchargé (1257 Ko)
2026-03-11 18:22:49,454 [INFO]     → formalism=METAPOPULATION | params=0 | geos=['États-Unis'] | confidence=0.70
2026-03-11 18:22:49,960 [INFO] 
  [28/864] 2025 | Cao Jianping, Ling Lin...
2026-03-11 18:22:49,960 [INFO]     miRNA-GABA influences female Aedes aegypti reproduction by modulating midgut hom...
2026-03-11 18:22:51,105 [INFO]     ✓ PDF téléchargé (6060 Ko)
2026-03-11 18:22:54,495 [INFO]     → formalism=ABM | params=0 | geos=['Chine', 'États-Unis'] | confidence=0.70
2026-03-11 18:22:55,003 [INFO] 
  [29/864] 2025 | Liyanage Yuganthi R, Chowell Gerardo, Po...
2026-03-11 18:22:55,003 [INFO]     Structural and Practical Identifiability of Phenomenological Growth Models for E...
2026-03-11 18:22:55,003 [INFO]     ✓ PDF téléchargé (1637 Ko)
2026-03-11 18:22:56,187 [INFO]     → formalism=SEIR | params=1 | geos=['France', 'États-Unis'] | confidence=0.80
2026-03-11 18:22:56,694 [INFO] 
  [30/864] 2025 | Gozzi Nicolò, Chinazzi Matteo, Davis Jes...
2026-03-11 18:22:56,694 [INFO]     Epydemix: An open-source Python package for epidemic modeling with integrated ap...
2026-03-11 18:22:56,695 [INFO]     ✓ PDF téléchargé (3790 Ko)
2026-03-11 18:22:58,318 [INFO]     → formalism=SIR | params=1 | geos=['Royaume-Uni', 'Italie'] | confidence=0.80
2026-03-11 18:22:58,825 [INFO] 
  [31/864] 2025 | Xu Yuan, Chen Kylie, Xie Dong, Drummond ...
2026-03-11 18:22:58,826 [INFO]     Bayesian Model Averaging of Parametric Coalescent Models for Phylodynamic Infere...
2026-03-11 18:22:58,826 [INFO]     ✓ PDF téléchargé (837 Ko)
2026-03-11 18:23:00,543 [INFO]     → formalism=BAYESIAN | params=3 | geos=[] | confidence=0.80
2026-03-11 18:23:01,050 [INFO] 
  [32/864] 2025 | Adeoye Matthew, Didelot Xavier, Spencer ...
2026-03-11 18:23:01,050 [INFO]     Bayesian spatio-temporal modelling for infectious disease outbreak detection....
2026-03-11 18:23:03,392 [INFO]     ⚠️  PDF non téléchargeable — extraction depuis abstract
2026-03-11 18:23:03,397 [INFO]     → formalism=BAYESIAN | params=0 | geos=[] | confidence=0.50
2026-03-11 18:23:03,901 [INFO] 
  [33/864] 2025 | Ji Xiang, Redelings Benjamin, Su Shuo, B...
2026-03-11 18:23:03,901 [INFO]     Detecting Evolutionary Change-Points with Branch-Specific Substitution Models an...
2026-03-11 18:23:03,901 [INFO]     ✓ PDF téléchargé (956 Ko)
2026-03-11 18:23:05,356 [INFO]     → formalism=OTHER | params=1 | geos=['Chine', 'Belgique'] | confidence=0.60
2026-03-11 18:23:05,862 [INFO] 
  [34/864] 2025 | Amasa Sophia Nicolette C, Beleta Trisha ...
2026-03-11 18:23:05,862 [INFO]     Simulating HIV transmission dynamics: An agent-based approach using NetLogo....
2026-03-11 18:23:05,863 [INFO]     ✓ PDF téléchargé (5836 Ko)
2026-03-11 18:23:06,977 [INFO]     → formalism=ABM | params=0 | geos=['Philippines', 'Espagne'] | confidence=0.70
2026-03-11 18:23:07,483 [INFO] 
  [35/864] 2025 | Henriot Paul, El-Kassas Mohamed, Anwar W...
2026-03-11 18:23:07,483 [INFO]     An agent-based model to simulate the transmission dynamics of bloodborne pathoge...
2026-03-11 18:23:07,484 [INFO]     ✓ PDF téléchargé (1140 Ko)
2026-03-11 18:23:09,021 [INFO]     → formalism=ABM | params=0 | geos=['France', 'États-Unis'] | confidence=0.70
2026-03-11 18:23:09,526 [INFO] 
  [36/864] 2025 | Gabriela Bayolo Soler, Miraine Dávila Fe...
2026-03-11 18:23:09,527 [INFO]     Test allocation based on risk of infection from first and second order contact t...
2026-03-11 18:23:09,529 [INFO]     ✓ PDF téléchargé (15124 Ko)
2026-03-11 18:23:11,570 [INFO]     → formalism=NETWORK | params=0 | geos=['France'] | confidence=0.70
2026-03-11 18:23:12,076 [INFO] 
  [37/864] 2025 | Ciavarella Constanze, Drakeley Chris, Pr...
2026-03-11 18:23:12,076 [INFO]     Quantifying Plasmodium vivax radical cure efficacy: a modelling study integratin...
2026-03-11 18:23:12,076 [INFO]     ✓ PDF téléchargé (1511 Ko)
2026-03-11 18:23:15,010 [INFO]     → formalism=ABM | params=0 | geos=['Thaïlande', 'France'] | confidence=0.70
2026-03-11 18:23:15,518 [INFO] 
  [38/864] 2025 | Teslya Alexandra, Heijne Janneke Corneli...
2026-03-11 18:23:15,518 [INFO]     Impact of increased diagnosis of early HIV infection and immediate antiretrovira...
2026-03-11 18:23:15,518 [INFO]     ✓ PDF téléchargé (1814 Ko)
2026-03-11 18:23:16,943 [INFO]     → formalism=SIS | params=0 | geos=['Royaume-Uni', 'Allemagne'] | confidence=0.70
2026-03-11 18:23:17,448 [INFO] 
  [39/864] 2025 | Marshall John M, Yang Shuyi, Bennett Jar...
2026-03-11 18:23:17,448 [INFO]     Spatial close-kin mark-recapture methods to estimate dispersal parameters and ba...
2026-03-11 18:23:17,448 [INFO]     ✓ PDF téléchargé (2682 Ko)
2026-03-11 18:23:19,400 [INFO]     → formalism=METAPOPULATION | params=0 | geos=['Royaume-Uni', 'États-Unis'] | confidence=0.70
2026-03-11 18:23:19,908 [INFO] 
  [40/864] 2025 | Pandey Aakash, Zhong Lu, Rennert Lior...
2026-03-11 18:23:19,908 [INFO]     Mobility-informed metapopulation models predict the spatio-temporal spread of re...
2026-03-11 18:23:19,908 [INFO]     ✓ PDF téléchargé (414 Ko)
2026-03-11 18:23:20,998 [INFO]     → formalism=METAPOPULATION | params=0 | geos=['États-Unis'] | confidence=0.70
2026-03-11 18:23:21,003 [INFO]     ✓ 40 modèles insérés
2026-03-11 18:23:21,504 [INFO] 
  [41/864] 2024 | Wei Fengying, Zhou Ruiyang, Jin Zhen, Su...
2026-03-11 18:23:21,504 [INFO]     Studying the impacts of variant evolution for a generalized age-group transmissi...
2026-03-11 18:23:21,504 [INFO]     ✓ PDF téléchargé (1368 Ko)
2026-03-11 18:23:25,197 [INFO]     → formalism=SEIR | params=0 | geos=['Chine'] | confidence=0.70
2026-03-11 18:23:25,704 [INFO] 
  [42/864] 2024 | Harris Jeffrey E...
2026-03-11 18:23:25,704 [INFO]     A tight fit of the SIR dynamic epidemic model to daily cases of COVID-19 reporte...
2026-03-11 18:23:25,705 [INFO]     ✓ PDF téléchargé (2230 Ko)
2026-03-11 18:23:27,365 [INFO]     → formalism=SIR | params=1 | geos=[] | confidence=0.60
2026-03-11 18:23:27,870 [INFO] 
  [43/864] 2024 | Xiu Fanyu, Flores Anato Jorge Luis, Cox ...
2026-03-11 18:23:27,870 [INFO]     Characteristics of the Sexual Networks of Men Who Have Sex With Men in Montréal,...
2026-03-11 18:23:27,870 [INFO]     ✓ PDF téléchargé (649 Ko)
2026-03-11 18:23:33,485 [INFO]     → formalism=SEIR | params=0 | geos=['Canada'] | confidence=0.70
2026-03-11 18:23:33,991 [INFO] 
  [44/864] 2024 | Jdid Touria, Benbrahim Mohammed, Kabbaj ...
2026-03-11 18:23:33,991 [INFO]     A vaccination-based COVID-19 model: Analysis and prediction using Hamiltonian Mo...
2026-03-11 18:23:33,992 [INFO]     ✓ PDF téléchargé (1511 Ko)
2026-03-11 18:23:41,542 [INFO]     → formalism=BAYESIAN | params=0 | geos=['Chine', 'États-Unis'] | confidence=0.70
2026-03-11 18:23:42,048 [INFO] 
  [45/864] 2024 | Santoro Benedetta, Larese Filon Francesc...
2026-03-11 18:23:42,048 [INFO]     An Easy-to-Use Tool to Predict SARS-CoV-2 Risk of Infection in Closed Settings: ...
2026-03-11 18:23:42,049 [INFO]     ✓ PDF téléchargé (1021 Ko)
2026-03-11 18:23:42,861 [INFO]     → formalism=ABM | params=2 | geos=['Italie'] | confidence=0.90
2026-03-11 18:23:43,367 [INFO] 
  [46/864] 2024 | Nitzsche Christian, Simm Stefan...
2026-03-11 18:23:43,367 [INFO]     Agent-based modeling to estimate the impact of lockdown scenarios and events on ...
2026-03-11 18:23:43,368 [INFO]     ✓ PDF téléchargé (1334 Ko)
2026-03-11 18:23:44,275 [INFO]     → formalism=ABM | params=0 | geos=[] | confidence=0.50
2026-03-11 18:23:44,781 [INFO] 
  [47/864] 2024 | Yamana Teresa K, Rajagopal Swetha, Hall ...
2026-03-11 18:23:44,781 [INFO]     A two-variant model of SARS-COV-2 transmission: estimating the characteristics o...
2026-03-11 18:23:44,782 [INFO]     ✓ PDF téléchargé (2083 Ko)
2026-03-11 18:23:45,719 [INFO]     → formalism=METAPOPULATION | params=0 | geos=['États-Unis'] | confidence=0.70
2026-03-11 18:23:46,224 [INFO] 
  [48/864] 2024 | Saade Masoud, Ghosh Samiran, Banerjee Ma...
2026-03-11 18:23:46,224 [INFO]     Delay epidemic models determined by latency, infection, and immunity duration....
2026-03-11 18:23:48,244 [INFO]     ✓ PDF téléchargé (10700 Ko)
2026-03-11 18:23:50,343 [INFO]     → formalism=SEIR | params=0 | geos=['Chine'] | confidence=0.70
2026-03-11 18:23:50,850 [INFO] 
  [49/864] 2024 | Ross Jennifer M, Greene Chelsea, Broshke...
2026-03-11 18:23:50,850 [INFO]     Preventing tuberculosis with community-based care in an HIV-endemic setting: a m...
2026-03-11 18:23:50,850 [INFO]     ✓ PDF téléchargé (1085 Ko)
2026-03-11 18:23:51,845 [INFO]     → formalism=OTHER | params=0 | geos=['Afrique du Sud', 'États-Unis'] | confidence=0.50
2026-03-11 18:23:52,351 [INFO] 
  [50/864] 2024 | Brass Dominic P, Cobbold Christina A, Pu...
2026-03-11 18:23:52,351 [INFO]     Role of vector phenotypic plasticity in disease transmission as illustrated by t...
2026-03-11 18:23:52,352 [INFO]     ✓ PDF téléchargé (5504 Ko)
2026-03-11 18:23:59,625 [INFO]     → formalism=SEIR | params=1 | geos=[] | confidence=0.60
2026-03-11 18:24:00,132 [INFO] 
  [51/864] 2024 | Wu Huei-Jiuan, Shih Sophy TingFang, Appl...
2026-03-11 18:24:00,132 [INFO]     Impact of simplified HCV diagnostic strategies on the HCV epidemic among men who...
2026-03-11 18:24:00,133 [INFO]     ✓ PDF téléchargé (2197 Ko)
2026-03-11 18:24:03,621 [INFO] 
⚡ Interruption — arrêt propre
2026-03-11 18:24:03,648 [INFO] 
════════════════════════════════════════════════════════════
2026-03-11 18:24:03,648 [INFO]   RAPPORT FINAL — PDF Extractor
2026-03-11 18:24:03,648 [INFO] ════════════════════════════════════════════════════════════
2026-03-11 18:24:03,648 [INFO]   Articles traités      : 864
2026-03-11 18:24:03,648 [INFO]   PDFs téléchargés      : 50
2026-03-11 18:24:03,648 [INFO]   Texte extrait OK      : 50
2026-03-11 18:24:03,648 [INFO]   Modèles créés         : 50
2026-03-11 18:24:03,648 [INFO]   Avec paramètres (β,γ) : 15
2026-03-11 18:24:03,648 [INFO]   Avec géographie       : 43
2026-03-11 18:24:03,648 [INFO]   Avec code GitHub      : 50
2026-03-11 18:24:03,648 [INFO]   Ignorés               : 0
2026-03-11 18:24:03,648 [INFO]   Erreurs               : 0
2026-03-11 18:24:03,648 [INFO] ════════════════════════════════════════════════════════════
2026-03-11 18:24:03,648 [INFO] 
  ✅ Prochaine étape : validation manuelle
2026-03-11 18:24:03,648 [INFO]      python3 pipeline_runner.py stats
2026-03-11 18:24:03,648 [INFO]      python3 pipeline_runner.py export
