2026-03-11 04:45:36,223 [INFO] 
════════════════════════════════════════════════════════════
2026-03-11 04:45:36,223 [INFO]   PDF Extractor — PRODUCTION
2026-03-11 04:45:36,223 [INFO] ════════════════════════════════════════════════════════════
2026-03-11 04:45:36,249 [INFO]   862 articles à traiter
2026-03-11 04:45:36,250 [INFO] 
  [1/862] 2026 | Glèlè Kakaï Romain, Djomatin Ludosky Cré...
2026-03-11 04:45:36,250 [INFO]     An age-structured mathematical model to assess the combined effects of vaccine a...
2026-03-11 04:45:36,263 [INFO]     ✓ PDF téléchargé (5877 Ko)
2026-03-11 04:45:39,469 [INFO]     → formalism=OTHER | params=0 | geos=['Nigeria', 'Éthiopie'] | confidence=0.50
2026-03-11 04:45:39,979 [INFO] 
  [2/862] 2026 | Gubela Nils, Kim Hee-Yeong, Lunchenkov N...
2026-03-11 04:45:39,979 [INFO]     Behavior change and infection induced immunity led to the decline of the 2022 Mp...
2026-03-11 04:45:39,985 [INFO]     ✓ PDF téléchargé (1053 Ko)
2026-03-11 04:45:43,163 [INFO]     → formalism=NETWORK | params=1 | geos=['Allemagne'] | confidence=0.80
2026-03-11 04:45:43,670 [INFO] 
  [3/862] 2026 | Choi Boseung, Kang Hye-Won, Rempala Grze...
2026-03-11 04:45:43,671 [INFO]     Inferring structure and parameters of stochastic reaction networks with logistic...
2026-03-11 04:45:43,687 [INFO]     ✓ PDF téléchargé (5437 Ko)
2026-03-11 04:45:45,145 [INFO]     → formalism=SIR | params=0 | geos=['Italie', 'États-Unis'] | confidence=0.70
2026-03-11 04:45:45,654 [INFO] 
  [4/862] 2025 | Saha Barsha, Bani-Yaghoub Majid, Podder ...
2026-03-11 04:45:45,654 [INFO]     Utility of compartmental models to test the competing hypotheses of pathogen evo...
2026-03-11 04:45:45,659 [INFO]     ✓ PDF téléchargé (960 Ko)
2026-03-11 04:45:48,899 [INFO]     → formalism=SIR | params=0 | geos=['Kenya', 'Royaume-Uni'] | confidence=0.70
2026-03-11 04:45:49,407 [INFO] 
  [5/862] 2025 | Polcz Péter, Reguly István Z, Tornai Kál...
2026-03-11 04:45:49,407 [INFO]     Smart epidemic control: A hybrid model blending ODEs and agent-based simulations...
2026-03-11 04:45:49,422 [INFO]     ✓ PDF téléchargé (5648 Ko)
2026-03-11 04:45:51,245 [INFO]     → formalism=ABM | params=0 | geos=['Espagne'] | confidence=0.70
2026-03-11 04:45:51,751 [INFO] 
  [6/862] 2025 | Safta Cosmin, Ray Jaideep, Bridgman Wyat...
2026-03-11 04:45:51,751 [INFO]     Detecting outbreaks using a spatial latent field....
2026-03-11 04:45:51,799 [INFO]     ✓ PDF téléchargé (20530 Ko)
2026-03-11 04:45:53,359 [INFO]     → formalism=BAYESIAN | params=1 | geos=['États-Unis', 'Mexique'] | confidence=0.80
2026-03-11 04:45:53,868 [INFO] 
  [7/862] 2025 | Shi Yuanyou, Zhu Xinhang, Zhu Xinhe, Che...
2026-03-11 04:45:53,868 [INFO]     Kalman Filter-Based Epidemiological Model for Post-COVID-19 Era Surveillance and...
2026-03-11 04:45:53,877 [INFO]     ✓ PDF téléchargé (2612 Ko)
2026-03-11 04:45:56,372 [INFO]     → formalism=SEIRD | params=0 | geos=['Chine', 'Australie'] | confidence=0.70
2026-03-11 04:45:56,879 [INFO] 
  [8/862] 2025 | Li Wenxuan, Chen Xu, Liu Suli, Zhang Chi...
2026-03-11 04:45:56,879 [INFO]     Using a multi-strain infectious disease model with physical information neural n...
2026-03-11 04:45:56,911 [INFO]     ✓ PDF téléchargé (13806 Ko)
2026-03-11 04:45:58,283 [INFO]     → formalism=SIR | params=0 | geos=['Chine', 'Canada'] | confidence=0.70
2026-03-11 04:45:58,790 [INFO] 
  [9/862] 2025 | Qian Ying, Zhang Kui, Marty Eric, Basu A...
2026-03-11 04:45:58,790 [INFO]     Physics-informed deep learning for infectious disease forecasting....
2026-03-11 04:45:58,797 [INFO]     ✓ PDF téléchargé (1334 Ko)
2026-03-11 04:45:59,793 [INFO]     → formalism=BAYESIAN | params=0 | geos=[] | confidence=0.50
2026-03-11 04:46:00,303 [INFO] 
  [10/862] 2025 | Hodcroft Emma B, Wohlfender Martin S, Ne...
2026-03-11 04:46:00,303 [INFO]     Estimating Re and overdispersion in secondary cases from the size of identical s...
2026-03-11 04:46:00,304 [INFO]     ✓ PDF téléchargé (544 Ko)
2026-03-11 04:46:02,629 [INFO]     → formalism=BAYESIAN | params=1 | geos=['Royaume-Uni'] | confidence=0.80
2026-03-11 04:46:03,135 [INFO] 
  [11/862] 2025 | Seibel Rachel L, Tildesley Michael J, Hi...
2026-03-11 04:46:03,136 [INFO]     Unifying human infectious disease models and real-time awareness of population- ...
2026-03-11 04:46:03,154 [INFO]     ✓ PDF téléchargé (8790 Ko)
2026-03-11 04:46:05,277 [INFO]     → formalism=SEIR | params=0 | geos=['Royaume-Uni'] | confidence=0.70
2026-03-11 04:46:05,784 [INFO] 
  [12/862] 2025 | Wang Manting, Ma Junling, van den Driess...
2026-03-11 04:46:05,784 [INFO]     Estimating the effect of contact tracing during the early stage of an epidemic....
2026-03-11 04:46:05,789 [INFO]     ✓ PDF téléchargé (866 Ko)
2026-03-11 04:46:08,960 [INFO]     → formalism=SEIR | params=0 | geos=['Canada'] | confidence=0.70
2026-03-11 04:46:09,467 [INFO] 
  [13/862] 2025 | Hridoy Mahmudul Bari, Allen Linda J S...
2026-03-11 04:46:09,467 [INFO]     Investigating seasonal disease emergence and extinction in stochastic epidemic m...
2026-03-11 04:46:12,859 [INFO]     ✓ PDF téléchargé (983 Ko)
2026-03-11 04:46:15,063 [INFO]     → formalism=RENEWAL_EQUATION | params=1 | geos=[] | confidence=0.60
2026-03-11 04:46:15,569 [INFO] 
  [14/862] 2025 | Bents Samantha J, Martin Emily T, Steven...
2026-03-11 04:46:15,569 [INFO]     Multiplex serology reveals age-specific immunodynamics of respiratory pathogens ...
2026-03-11 04:46:15,574 [INFO]     ✓ PDF téléchargé (943 Ko)
2026-03-11 04:46:17,592 [INFO]     → formalism=SEIRS | params=1 | geos=['Afrique du Sud', 'États-Unis'] | confidence=0.80
2026-03-11 04:46:18,099 [INFO] 
  [15/862] 2025 | du Preez Karen, Jenkins Helen E, Martine...
2026-03-11 04:46:18,099 [INFO]     Global burden of tuberculous meningitis in children aged 0-14 years in 2019: a m...
2026-03-11 04:46:18,104 [INFO]     ✓ PDF téléchargé (1019 Ko)
2026-03-11 04:46:19,088 [INFO]     → formalism=OTHER | params=0 | geos=['Afrique du Sud', 'États-Unis'] | confidence=0.50
2026-03-11 04:46:19,595 [INFO] 
  [16/862] 2025 | Dankwa Emmanuelle A, Cavalli Léa, Balasu...
2026-03-11 04:46:19,596 [INFO]     Calibration of transmission-dynamic infectious disease models: A scoping review ...
2026-03-11 04:46:19,599 [INFO]     ✓ PDF téléchargé (784 Ko)
2026-03-11 04:46:21,164 [INFO]     → formalism=ABM | params=1 | geos=['Royaume-Uni', 'États-Unis'] | confidence=0.80
2026-03-11 04:46:21,671 [INFO] 
  [17/862] 2025 | Bui Viet Long, Ragonnet Romain, Hughes A...
2026-03-11 04:46:21,671 [INFO]     Impact of Case Detection and COVID-19-Related Disruptions on Tuberculosis in Vie...
2026-03-11 04:46:21,675 [INFO]     ✓ PDF téléchargé (794 Ko)
2026-03-11 04:46:22,494 [INFO]     → formalism=BAYESIAN | params=0 | geos=['Vietnam', 'Australie'] | confidence=0.70
2026-03-11 04:46:23,001 [INFO] 
  [18/862] 2025 | Mafirakureva Nyashadzaishe, Hunter Racha...
2026-03-11 04:46:23,001 [INFO]     Cost-effectiveness of tuberculosis infection screening at first reception into E...
2026-03-11 04:46:23,004 [INFO]     ✓ PDF téléchargé (543 Ko)
2026-03-11 04:46:23,814 [INFO]     → formalism=OTHER | params=0 | geos=['Royaume-Uni'] | confidence=0.50
2026-03-11 04:46:24,319 [INFO] 
  [19/862] 2025 | Leung Tiffany, Ferrari Matthew...
2026-03-11 04:46:24,319 [INFO]     Bias in the estimated reporting fraction due to vaccination in the time-series S...
2026-03-11 04:46:24,323 [INFO]     ✓ PDF téléchargé (3313 Ko)
2026-03-11 04:46:25,329 [INFO]     → formalism=SIR | params=0 | geos=['États-Unis'] | confidence=0.70
2026-03-11 04:46:25,836 [INFO] 
  [20/862] 2025 | Sbarra Alyssa N, Haeuser Emily, Kidane S...
2026-03-11 04:46:25,836 [INFO]     Fitting dynamic measles models to subnational case notification data from Ethiop...
2026-03-11 04:46:25,841 [INFO]     ✓ PDF téléchargé (2955 Ko)
2026-03-11 04:46:27,008 [INFO]     → formalism=ABM | params=0 | geos=['Éthiopie', 'Royaume-Uni'] | confidence=0.70
2026-03-11 04:46:27,016 [INFO]     ✓ 20 modèles insérés
2026-03-11 04:46:27,516 [INFO] 
  [21/862] 2025 | Suffel Anne M, Warren-Gash Charlotte, Mc...
2026-03-11 04:46:27,516 [INFO]     Impact of vaccination timing and coverage on measles near elimination dynamics: ...
2026-03-11 04:46:27,520 [INFO]     ✓ PDF téléchargé (1793 Ko)
2026-03-11 04:46:28,526 [INFO]     → formalism=SEIR | params=0 | geos=['Royaume-Uni'] | confidence=0.70
2026-03-11 04:46:29,033 [INFO] 
  [22/862] 2025 | Iyaniwura Sarafa A, Han Qing, Yong Ngem ...
2026-03-11 04:46:29,034 [INFO]     Regional variation and epidemiological insights in malaria underestimation in Ca...
2026-03-11 04:46:29,039 [INFO]     ✓ PDF téléchargé (3976 Ko)
2026-03-11 04:46:32,522 [INFO]     → formalism=BAYESIAN | params=1 | geos=['Ghana', 'Cameroun'] | confidence=0.80
2026-03-11 04:46:33,029 [INFO] 
  [23/862] 2025 | Mousa Andria, Cuomo-Dannenburg Gina, Tho...
2026-03-11 04:46:33,029 [INFO]     Impact of dhps mutations on sulfadoxine-pyrimethamine protective efficacy and im...
2026-03-11 04:46:33,033 [INFO]     ✓ PDF téléchargé (2625 Ko)
2026-03-11 04:46:35,318 [INFO]     → formalism=OTHER | params=0 | geos=['États-Unis'] | confidence=0.50
2026-03-11 04:46:35,822 [INFO] 
  [24/862] 2025 | Stopard Isaac J, Sanou Antoine, Suh Eunh...
2026-03-11 04:46:35,822 [INFO]     Modelling the effects of diurnal temperature variation on malaria infection dyna...
2026-03-11 04:46:35,826 [INFO]     ✓ PDF téléchargé (1498 Ko)
2026-03-11 04:46:40,475 [INFO]     → formalism=NETWORK | params=0 | geos=['Burkina Faso'] | confidence=0.70
2026-03-11 04:46:40,979 [INFO] 
  [25/862] 2025 | Telle Olivier, Grandadam Marc, Philippon...
2026-03-11 04:46:40,980 [INFO]     Dengue dynamics beyond biological factors: Revealing the nexus between urbanisat...
2026-03-11 04:46:40,983 [INFO]     ✓ PDF téléchargé (2093 Ko)
2026-03-11 04:46:42,876 [INFO]     → formalism=SIS | params=0 | geos=['Vietnam', 'Thaïlande'] | confidence=0.70
2026-03-11 04:46:43,383 [INFO] 
  [26/862] 2025 | Nipa Kaniz Fatema, Mohammed Mozzamil, St...
2026-03-11 04:46:43,383 [INFO]     Theory of infectious disease spillover at an ecological boundary: impacts of sea...
2026-03-11 04:46:43,387 [INFO]     ✓ PDF téléchargé (1257 Ko)
2026-03-11 04:46:49,871 [INFO]     → formalism=METAPOPULATION | params=0 | geos=['États-Unis'] | confidence=0.70
2026-03-11 04:46:50,378 [INFO] 
  [27/862] 2025 | Cao Jianping, Ling Lin...
2026-03-11 04:46:50,378 [INFO]     miRNA-GABA influences female Aedes aegypti reproduction by modulating midgut hom...
2026-03-11 04:46:51,884 [INFO]     ✓ PDF téléchargé (6060 Ko)
2026-03-11 04:46:56,272 [INFO]     → formalism=ABM | params=0 | geos=['Chine', 'États-Unis'] | confidence=0.70
2026-03-11 04:46:56,780 [INFO] 
  [28/862] 2025 | Liyanage Yuganthi R, Chowell Gerardo, Po...
2026-03-11 04:46:56,781 [INFO]     Structural and Practical Identifiability of Phenomenological Growth Models for E...
2026-03-11 04:46:56,788 [INFO]     ✓ PDF téléchargé (1637 Ko)
2026-03-11 04:46:58,647 [INFO]     → formalism=SEIR | params=1 | geos=['France', 'États-Unis'] | confidence=0.80
2026-03-11 04:46:59,154 [INFO] 
  [29/862] 2025 | Gozzi Nicolò, Chinazzi Matteo, Davis Jes...
2026-03-11 04:46:59,154 [INFO]     Epydemix: An open-source Python package for epidemic modeling with integrated ap...
2026-03-11 04:46:59,166 [INFO]     ✓ PDF téléchargé (3790 Ko)
2026-03-11 04:47:01,225 [INFO]     → formalism=SIR | params=1 | geos=['Royaume-Uni', 'Italie'] | confidence=0.80
2026-03-11 04:47:01,732 [INFO] 
  [30/862] 2025 | Xu Yuan, Chen Kylie, Xie Dong, Drummond ...
2026-03-11 04:47:01,732 [INFO]     Bayesian Model Averaging of Parametric Coalescent Models for Phylodynamic Infere...
2026-03-11 04:47:01,737 [INFO]     ✓ PDF téléchargé (837 Ko)
2026-03-11 04:47:03,619 [INFO]     → formalism=BAYESIAN | params=3 | geos=[] | confidence=0.80
2026-03-11 04:47:04,126 [INFO] 
  [31/862] 2025 | Adeoye Matthew, Didelot Xavier, Spencer ...
2026-03-11 04:47:04,126 [INFO]     Bayesian spatio-temporal modelling for infectious disease outbreak detection....
2026-03-11 04:47:06,614 [INFO]     ⚠️  PDF non téléchargeable — extraction depuis abstract
2026-03-11 04:47:06,620 [INFO]     → formalism=BAYESIAN | params=0 | geos=[] | confidence=0.50
2026-03-11 04:47:07,125 [INFO] 
  [32/862] 2025 | Ji Xiang, Redelings Benjamin, Su Shuo, B...
2026-03-11 04:47:07,125 [INFO]     Detecting Evolutionary Change-Points with Branch-Specific Substitution Models an...
2026-03-11 04:47:07,131 [INFO]     ✓ PDF téléchargé (956 Ko)
2026-03-11 04:47:08,776 [INFO]     → formalism=OTHER | params=1 | geos=['Chine', 'Belgique'] | confidence=0.60
2026-03-11 04:47:09,282 [INFO] 
  [33/862] 2025 | Amasa Sophia Nicolette C, Beleta Trisha ...
2026-03-11 04:47:09,282 [INFO]     Simulating HIV transmission dynamics: An agent-based approach using NetLogo....
2026-03-11 04:47:09,298 [INFO]     ✓ PDF téléchargé (5836 Ko)
2026-03-11 04:47:10,528 [INFO]     → formalism=ABM | params=0 | geos=['Philippines', 'Espagne'] | confidence=0.70
2026-03-11 04:47:11,034 [INFO] 
  [34/862] 2025 | Henriot Paul, El-Kassas Mohamed, Anwar W...
2026-03-11 04:47:11,034 [INFO]     An agent-based model to simulate the transmission dynamics of bloodborne pathoge...
2026-03-11 04:47:11,040 [INFO]     ✓ PDF téléchargé (1140 Ko)
2026-03-11 04:47:12,736 [INFO]     → formalism=ABM | params=0 | geos=['France', 'États-Unis'] | confidence=0.70
2026-03-11 04:47:13,242 [INFO] 
  [35/862] 2025 | Gabriela Bayolo Soler, Miraine Dávila Fe...
2026-03-11 04:47:13,243 [INFO]     Test allocation based on risk of infection from first and second order contact t...
2026-03-11 04:47:13,265 [INFO]     ✓ PDF téléchargé (15124 Ko)
2026-03-11 04:47:15,364 [INFO]     → formalism=NETWORK | params=0 | geos=['France'] | confidence=0.70
2026-03-11 04:47:15,870 [INFO] 
  [36/862] 2025 | Ciavarella Constanze, Drakeley Chris, Pr...
2026-03-11 04:47:15,870 [INFO]     Quantifying Plasmodium vivax radical cure efficacy: a modelling study integratin...
2026-03-11 04:47:15,877 [INFO]     ✓ PDF téléchargé (1511 Ko)
2026-03-11 04:47:19,061 [INFO]     → formalism=ABM | params=0 | geos=['Thaïlande', 'France'] | confidence=0.70
2026-03-11 04:47:19,568 [INFO] 
  [37/862] 2025 | Teslya Alexandra, Heijne Janneke Corneli...
2026-03-11 04:47:19,569 [INFO]     Impact of increased diagnosis of early HIV infection and immediate antiretrovira...
2026-03-11 04:47:19,576 [INFO]     ✓ PDF téléchargé (1814 Ko)
2026-03-11 04:47:21,105 [INFO]     → formalism=SIS | params=0 | geos=['Royaume-Uni', 'Allemagne'] | confidence=0.70
2026-03-11 04:47:21,610 [INFO] 
  [38/862] 2025 | Marshall John M, Yang Shuyi, Bennett Jar...
2026-03-11 04:47:21,610 [INFO]     Spatial close-kin mark-recapture methods to estimate dispersal parameters and ba...
2026-03-11 04:47:21,620 [INFO]     ✓ PDF téléchargé (2682 Ko)
2026-03-11 04:47:23,712 [INFO]     → formalism=METAPOPULATION | params=0 | geos=['Royaume-Uni', 'États-Unis'] | confidence=0.70
2026-03-11 04:47:24,219 [INFO] 
  [39/862] 2025 | Pandey Aakash, Zhong Lu, Rennert Lior...
2026-03-11 04:47:24,219 [INFO]     Mobility-informed metapopulation models predict the spatio-temporal spread of re...
2026-03-11 04:47:24,223 [INFO]     ✓ PDF téléchargé (414 Ko)
2026-03-11 04:47:25,370 [INFO]     → formalism=METAPOPULATION | params=0 | geos=['États-Unis'] | confidence=0.70
2026-03-11 04:47:25,877 [INFO] 
  [40/862] 2024 | Wei Fengying, Zhou Ruiyang, Jin Zhen, Su...
2026-03-11 04:47:25,877 [INFO]     Studying the impacts of variant evolution for a generalized age-group transmissi...
2026-03-11 04:47:25,881 [INFO]     ✓ PDF téléchargé (1368 Ko)
2026-03-11 04:47:29,987 [INFO]     → formalism=SEIR | params=0 | geos=['Chine'] | confidence=0.70
2026-03-11 04:47:29,993 [INFO]     ✓ 40 modèles insérés
2026-03-11 04:47:30,493 [INFO] 
  [41/862] 2024 | Harris Jeffrey E...
2026-03-11 04:47:30,493 [INFO]     A tight fit of the SIR dynamic epidemic model to daily cases of COVID-19 reporte...
2026-03-11 04:47:30,497 [INFO]     ✓ PDF téléchargé (2230 Ko)
2026-03-11 04:47:32,320 [INFO]     → formalism=SIR | params=1 | geos=[] | confidence=0.60
2026-03-11 04:47:32,826 [INFO] 
  [42/862] 2024 | Xiu Fanyu, Flores Anato Jorge Luis, Cox ...
2026-03-11 04:47:32,826 [INFO]     Characteristics of the Sexual Networks of Men Who Have Sex With Men in Montréal,...
2026-03-11 04:47:32,831 [INFO]     ✓ PDF téléchargé (649 Ko)
2026-03-11 04:47:39,240 [INFO]     → formalism=SEIR | params=0 | geos=['Canada'] | confidence=0.70
2026-03-11 04:47:39,747 [INFO] 
  [43/862] 2024 | Jdid Touria, Benbrahim Mohammed, Kabbaj ...
2026-03-11 04:47:39,748 [INFO]     A vaccination-based COVID-19 model: Analysis and prediction using Hamiltonian Mo...
2026-03-11 04:47:39,753 [INFO]     ✓ PDF téléchargé (1511 Ko)
2026-03-11 04:47:47,371 [INFO]     → formalism=BAYESIAN | params=0 | geos=['Chine', 'États-Unis'] | confidence=0.70
2026-03-11 04:47:47,877 [INFO] 
  [44/862] 2024 | Santoro Benedetta, Larese Filon Francesc...
2026-03-11 04:47:47,877 [INFO]     An Easy-to-Use Tool to Predict SARS-CoV-2 Risk of Infection in Closed Settings: ...
2026-03-11 04:47:47,883 [INFO]     ✓ PDF téléchargé (1021 Ko)
2026-03-11 04:47:48,692 [INFO]     → formalism=ABM | params=2 | geos=['Italie'] | confidence=0.90
2026-03-11 04:47:49,200 [INFO] 
  [45/862] 2024 | Nitzsche Christian, Simm Stefan...
2026-03-11 04:47:49,200 [INFO]     Agent-based modeling to estimate the impact of lockdown scenarios and events on ...
2026-03-11 04:47:49,204 [INFO]     ✓ PDF téléchargé (1334 Ko)
2026-03-11 04:47:50,122 [INFO]     → formalism=ABM | params=0 | geos=[] | confidence=0.50
2026-03-11 04:47:50,628 [INFO] 
  [46/862] 2024 | Yamana Teresa K, Rajagopal Swetha, Hall ...
2026-03-11 04:47:50,628 [INFO]     A two-variant model of SARS-COV-2 transmission: estimating the characteristics o...
2026-03-11 04:47:50,636 [INFO]     ✓ PDF téléchargé (2083 Ko)
2026-03-11 04:47:51,567 [INFO]     → formalism=METAPOPULATION | params=0 | geos=['États-Unis'] | confidence=0.70
2026-03-11 04:47:52,073 [INFO] 
  [47/862] 2024 | Saade Masoud, Ghosh Samiran, Banerjee Ma...
2026-03-11 04:47:52,073 [INFO]     Delay epidemic models determined by latency, infection, and immunity duration....
2026-03-11 04:47:54,665 [INFO]     ✓ PDF téléchargé (10700 Ko)
2026-03-11 04:47:56,705 [INFO]     → formalism=SEIR | params=0 | geos=['Chine'] | confidence=0.70
2026-03-11 04:47:57,212 [INFO] 
  [48/862] 2024 | Ross Jennifer M, Greene Chelsea, Broshke...
2026-03-11 04:47:57,212 [INFO]     Preventing tuberculosis with community-based care in an HIV-endemic setting: a m...
2026-03-11 04:47:57,216 [INFO]     ✓ PDF téléchargé (1085 Ko)
2026-03-11 04:47:58,198 [INFO]     → formalism=OTHER | params=0 | geos=['Afrique du Sud', 'États-Unis'] | confidence=0.50
2026-03-11 04:47:58,704 [INFO] 
  [49/862] 2024 | Brass Dominic P, Cobbold Christina A, Pu...
2026-03-11 04:47:58,704 [INFO]     Role of vector phenotypic plasticity in disease transmission as illustrated by t...
2026-03-11 04:47:58,709 [INFO]     ✓ PDF téléchargé (5504 Ko)
2026-03-11 04:48:06,119 [INFO]     → formalism=SEIR | params=1 | geos=[] | confidence=0.60
2026-03-11 04:48:06,625 [INFO] 
  [50/862] 2024 | Wu Huei-Jiuan, Shih Sophy TingFang, Appl...
2026-03-11 04:48:06,625 [INFO]     Impact of simplified HCV diagnostic strategies on the HCV epidemic among men who...
2026-03-11 04:48:06,633 [INFO]     ✓ PDF téléchargé (2197 Ko)
2026-03-11 04:48:11,434 [INFO]     → formalism=SIS | params=0 | geos=['Australie'] | confidence=0.70
2026-03-11 04:48:11,940 [INFO] 
  [51/862] 2024 | Zhang Xu-Sheng, Mandal Sema, Mohammed Ha...
2026-03-11 04:48:11,940 [INFO]     Transmission dynamics and effect of control measures on the 2022 outbreak of mpo...
2026-03-11 04:48:13,793 [INFO]     ✓ PDF téléchargé (1053 Ko)
2026-03-11 04:48:17,087 [INFO]     → formalism=NETWORK | params=1 | geos=['Royaume-Uni'] | confidence=0.80
2026-03-11 04:48:17,593 [INFO] 
  [52/862] 2024 | Gaskin Thomas, Conrad Tim, Pavliotis Gri...
2026-03-11 04:48:17,593 [INFO]     Neural parameter calibration and uncertainty quantification for epidemic forecas...
2026-03-11 04:48:17,599 [INFO]     ✓ PDF téléchargé (1933 Ko)
2026-03-11 04:48:18,796 [INFO]     → formalism=ABM | params=2 | geos=['Royaume-Uni', 'Allemagne'] | confidence=0.90
2026-03-11 04:48:19,304 [INFO] 
  [53/862] 2024 | McAndrew Fenella, Sacks-Davis Rachel, Ab...
2026-03-11 04:48:19,304 [INFO]     COVID-19 outbreaks in residential aged care facilities: an agent-based modeling ...
2026-03-11 04:48:19,307 [INFO]     ✓ PDF téléchargé (1425 Ko)
2026-03-11 04:48:20,461 [INFO]     → formalism=ABM | params=0 | geos=['Royaume-Uni', 'Australie'] | confidence=0.70
2026-03-11 04:48:20,967 [INFO] 
  [54/862] 2024 | Robin Tal T, Cascante-Vega Jaime, Shaman...
2026-03-11 04:48:20,967 [INFO]     System identifiability in a time-evolving agent-based model....
2026-03-11 04:48:20,970 [INFO]     ✓ PDF téléchargé (2285 Ko)
2026-03-11 04:48:22,270 [INFO]     → formalism=ABM | params=2 | geos=['États-Unis'] | confidence=0.90
2026-03-11 04:48:22,778 [INFO] 
  [55/862] 2024 | Houben R M A C, Newton J R, van Maanen C...
2026-03-11 04:48:22,778 [INFO]     Untangling the stranglehold through mathematical modelling of Streptococcus equi...
2026-03-11 04:48:25,367 [INFO]     ✓ PDF téléchargé (1231 Ko)
2026-03-11 04:48:27,760 [INFO]     → formalism=BAYESIAN | params=1 | geos=['Royaume-Uni', 'Suède'] | confidence=0.80
2026-03-11 04:48:28,269 [INFO] 
  [56/862] 2024 | Hladish Thomas J, Pillai Alexander N, Pe...
2026-03-11 04:48:28,269 [INFO]     Evaluating targeted COVID-19 vaccination strategies with agent-based modeling....
2026-03-11 04:48:34,327 [INFO]     ✓ PDF téléchargé (2955 Ko)
2026-03-11 04:48:35,516 [INFO]     → formalism=ABM | params=0 | geos=['Afrique du Sud', 'Royaume-Uni'] | confidence=0.70
2026-03-11 04:48:36,023 [INFO] 
  [57/862] 2024 | Smirnova Alexandra, Baroonian Mona...
2026-03-11 04:48:36,023 [INFO]     Reconstruction of incidence reporting rate for SARS-CoV-2 Delta variant of COVID...
2026-03-11 04:48:36,030 [INFO]     ✓ PDF téléchargé (1999 Ko)
2026-03-11 04:48:39,343 [INFO]     → formalism=SIR | params=0 | geos=['États-Unis'] | confidence=0.70
2026-03-11 04:48:39,850 [INFO] 
  [58/862] 2024 | De Gaetano Alessandro, Barrat Alain, Pao...
2026-03-11 04:48:39,850 [INFO]     Modeling the interplay between disease spread, behaviors, and disease perception...
2026-03-11 04:48:42,164 [INFO]     ✓ PDF téléchargé (3347 Ko)
2026-03-11 04:48:43,792 [INFO]     → formalism=STOCHASTIC_SIR | params=0 | geos=['Royaume-Uni', 'Italie'] | confidence=0.70
2026-03-11 04:48:44,297 [INFO] 
  [59/862] 2023 | Tamasiga Phemelo, Onyeaka Helen, Umenwek...
2026-03-11 04:48:44,297 [INFO]     An extended SEIRDV compartmental model: case studies of the spread of COVID-19 a...
2026-03-11 04:48:44,298 [INFO]     ✓ PDF téléchargé (731 Ko)
2026-03-11 04:48:44,924 [INFO]     → formalism=SEIRD | params=0 | geos=['Afrique du Sud', 'Chine'] | confidence=0.70
2026-03-11 04:48:45,430 [INFO] 
  [60/862] 2023 | Montcho Yvette, Nalwanga Robinah, Azokpo...
2026-03-11 04:48:45,430 [INFO]     Assessing the Impact of Vaccination on the Dynamics of COVID-19 in Africa: A Mat...
2026-03-11 04:48:45,430 [INFO]     ✓ PDF téléchargé (1050 Ko)
2026-03-11 04:48:47,761 [INFO]     → formalism=SEIR | params=2 | geos=['Allemagne'] | confidence=0.90
2026-03-11 04:48:47,768 [INFO]     ✓ 60 modèles insérés
2026-03-11 04:48:48,268 [INFO] 
  [61/862] 2023 | Batistela Cristiane M, Correa Diego P F,...
2026-03-11 04:48:48,269 [INFO]     SIRSi-vaccine dynamical model for the Covid-19 pandemic....
2026-03-11 04:48:48,269 [INFO]     ✓ PDF téléchargé (953 Ko)
2026-03-11 04:48:50,798 [INFO]     → formalism=SIR | params=1 | geos=['Brésil'] | confidence=0.80
2026-03-11 04:48:51,302 [INFO] 
  [62/862] 2023 | Drake John M, Handel Andreas, Marty Éric...
2026-03-11 04:48:51,303 [INFO]     A data-driven semi-parametric model of SARS-CoV-2 transmission in the United Sta...
2026-03-11 04:48:51,303 [INFO]     ✓ PDF téléchargé (2442 Ko)
2026-03-11 04:48:52,813 [INFO]     → formalism=SEIR | params=1 | geos=['États-Unis'] | confidence=0.80
2026-03-11 04:48:53,319 [INFO] 
  [63/862] 2023 | Perez-Guzman Pablo N, Knock Edward, Imai...
2026-03-11 04:48:53,319 [INFO]     Epidemiological drivers of transmissibility and severity of SARS-CoV-2 in Englan...
2026-03-11 04:48:53,320 [INFO]     ✓ PDF téléchargé (1221 Ko)
2026-03-11 04:56:55,936 [INFO] 
⚡ Interruption — arrêt propre
2026-03-11 04:56:55,957 [INFO] 
════════════════════════════════════════════════════════════
2026-03-11 04:56:55,957 [INFO]   RAPPORT FINAL — PDF Extractor
2026-03-11 04:56:55,957 [INFO] ════════════════════════════════════════════════════════════
2026-03-11 04:56:55,957 [INFO]   Articles traités      : 862
2026-03-11 04:56:55,957 [INFO]   PDFs téléchargés      : 62
2026-03-11 04:56:55,957 [INFO]   Texte extrait OK      : 62
2026-03-11 04:56:55,957 [INFO]   Modèles créés         : 62
2026-03-11 04:56:55,957 [INFO]   Avec paramètres (β,γ) : 21
2026-03-11 04:56:55,957 [INFO]   Avec géographie       : 55
2026-03-11 04:56:55,957 [INFO]   Avec code GitHub      : 62
2026-03-11 04:56:55,957 [INFO]   Ignorés               : 0
2026-03-11 04:56:55,957 [INFO]   Erreurs               : 0
2026-03-11 04:56:55,957 [INFO] ════════════════════════════════════════════════════════════
2026-03-11 04:56:55,957 [INFO] 
  ✅ Prochaine étape : validation manuelle
2026-03-11 04:56:55,957 [INFO]      python3 pipeline_runner.py stats
2026-03-11 04:56:55,958 [INFO]      python3 pipeline_runner.py export
