2026-03-11 00:33:14,872 [INFO] 
════════════════════════════════════════════════════════════
2026-03-11 00:33:14,872 [INFO]   PDF Extractor — DRY RUN
2026-03-11 00:33:14,873 [INFO] ════════════════════════════════════════════════════════════
2026-03-11 00:33:14,875 [INFO]   3 articles à traiter
2026-03-11 00:33:14,876 [INFO] 
  [1/3] 2026 | Becerra-Becerra Diego Alejandro, Rangel ...
2026-03-11 00:33:14,876 [INFO]     Stochastic modeling, analysis, and simulation of Dengue in Valle del Cauca: A ca...
2026-03-11 00:33:16,728 [INFO]     ⚠️  PDF non téléchargeable — extraction depuis abstract
2026-03-11 00:33:16,746 [INFO]     → formalism=SIR | params=0 | geos=[] | confidence=0.35
2026-03-11 00:33:16,747 [INFO]     [DRY RUN] Would insert: SIR_Dengue_BecerraBecerra_2026
2026-03-11 00:33:16,747 [INFO]     name=SIR Alejandro 2026 — Dengue
2026-03-11 00:33:16,747 [INFO]     formalism=SIR, type=STOCHASTIC
2026-03-11 00:33:16,747 [INFO]     params=[]
2026-03-11 00:33:16,747 [INFO]     geos=[]
2026-03-11 00:33:16,747 [INFO]     confidence=0.35
2026-03-11 00:33:17,248 [INFO] 
  [2/3] 2026 | Tinde Haoua, Sawadogo Wenddabo Olivier, ...
2026-03-11 00:33:17,248 [INFO]     Mathematical modeling of the 2023 dengue outbreak in the Centre Region of Burkin...
2026-03-11 00:33:18,764 [INFO]     ⚠️  PDF non téléchargeable — extraction depuis abstract
2026-03-11 00:33:18,771 [INFO]     → formalism=SEIR | params=0 | geos=['Burkina Faso', 'Afrique subsaharienne'] | confidence=0.55
2026-03-11 00:33:18,772 [INFO]     [DRY RUN] Would insert: SEIR_Dengue_Tinde_2026
2026-03-11 00:33:18,772 [INFO]     name=SEIR Haoua 2026 — Dengue — Burkina Faso, Afrique subsaharienne
2026-03-11 00:33:18,772 [INFO]     formalism=SEIR, type=DETERMINISTIC
2026-03-11 00:33:18,772 [INFO]     params=[]
2026-03-11 00:33:18,772 [INFO]     geos=['Burkina Faso', 'Afrique subsaharienne']
2026-03-11 00:33:18,772 [INFO]     confidence=0.55
2026-03-11 00:33:19,273 [INFO] 
  [3/3] 2026 | Ahman Queeneth Ojoma, Swnewo Emmanuel Ol...
2026-03-11 00:33:19,273 [INFO]     A Fractional-Order Framework for Dengue Transmission Dynamics with Human-to-Huma...
2026-03-11 00:33:20,655 [INFO]     ⚠️  PDF non téléchargeable — extraction depuis abstract
2026-03-11 00:33:20,661 [INFO]     → formalism=OTHER | params=0 | geos=[] | confidence=0.15
2026-03-11 00:33:20,661 [INFO]     [DRY RUN] Would insert: OTHER_Dengue_Ahman_2026
2026-03-11 00:33:20,661 [INFO]     name=OTHER Ojoma 2026 — Dengue
2026-03-11 00:33:20,661 [INFO]     formalism=OTHER, type=DETERMINISTIC
2026-03-11 00:33:20,661 [INFO]     params=[]
2026-03-11 00:33:20,662 [INFO]     geos=[]
2026-03-11 00:33:20,662 [INFO]     confidence=0.15
2026-03-11 00:33:21,162 [INFO] 
════════════════════════════════════════════════════════════
2026-03-11 00:33:21,162 [INFO]   RAPPORT FINAL — PDF Extractor
2026-03-11 00:33:21,163 [INFO] ════════════════════════════════════════════════════════════
2026-03-11 00:33:21,163 [INFO]   Articles traités      : 3
2026-03-11 00:33:21,163 [INFO]   PDFs téléchargés      : 0
2026-03-11 00:33:21,163 [INFO]   Texte extrait OK      : 3
2026-03-11 00:33:21,163 [INFO]   Modèles créés         : 3
2026-03-11 00:33:21,163 [INFO]   Avec paramètres (β,γ) : 0
2026-03-11 00:33:21,163 [INFO]   Avec géographie       : 1
2026-03-11 00:33:21,163 [INFO]   Avec code GitHub      : 0
2026-03-11 00:33:21,163 [INFO]   Ignorés               : 0
2026-03-11 00:33:21,163 [INFO]   Erreurs               : 0
2026-03-11 00:33:21,163 [INFO] ════════════════════════════════════════════════════════════
2026-03-11 00:33:21,163 [INFO] 
  ✅ Prochaine étape : validation manuelle
2026-03-11 00:33:21,163 [INFO]      python3 pipeline_runner.py stats
2026-03-11 00:33:21,163 [INFO]      python3 pipeline_runner.py export
