2026-03-11 03:11:50,694 [INFO] 
════════════════════════════════════════════════════════════
2026-03-11 03:11:50,694 [INFO]   PDF Extractor — PRODUCTION
2026-03-11 03:11:50,694 [INFO] ════════════════════════════════════════════════════════════
2026-03-11 03:11:50,699 [INFO]   20 articles à traiter
2026-03-11 03:11:50,699 [INFO] 
  [1/20] 2025 | Hridoy Mahmudul Bari, Allen Linda J S...
2026-03-11 03:11:50,699 [INFO]     Investigating seasonal disease emergence and extinction in stochastic epidemic m...
2026-03-11 03:11:55,627 [INFO]     ✓ PDF téléchargé (983 Ko)
2026-03-11 03:11:57,732 [INFO]     → formalism=RENEWAL_EQUATION | params=1 | geos=[] | confidence=0.60
2026-03-11 03:11:58,241 [INFO] 
  [2/20] 2025 | Cao Jianping, Ling Lin...
2026-03-11 03:11:58,241 [INFO]     miRNA-GABA influences female Aedes aegypti reproduction by modulating midgut hom...
2026-03-11 03:11:59,823 [INFO]     ✓ PDF téléchargé (6060 Ko)
2026-03-11 03:12:03,302 [INFO]     → formalism=ABM | params=0 | geos=['Chine', 'États-Unis'] | confidence=0.70
2026-03-11 03:12:03,811 [INFO] 
  [3/20] 2025 | Adeoye Matthew, Didelot Xavier, Spencer ...
2026-03-11 03:12:03,811 [INFO]     Bayesian spatio-temporal modelling for infectious disease outbreak detection....
2026-03-11 03:12:07,194 [INFO]     ⚠️  PDF non téléchargeable — extraction depuis abstract
2026-03-11 03:12:07,201 [INFO]     → formalism=BAYESIAN | params=0 | geos=[] | confidence=0.50
2026-03-11 03:12:07,706 [INFO] 
  [4/20] 2024 | Saade Masoud, Ghosh Samiran, Banerjee Ma...
2026-03-11 03:12:07,706 [INFO]     Delay epidemic models determined by latency, infection, and immunity duration....
2026-03-11 03:12:10,988 [INFO]     ✓ PDF téléchargé (10700 Ko)
2026-03-11 03:12:13,027 [INFO]     → formalism=SEIR | params=0 | geos=['Chine'] | confidence=0.70
2026-03-11 03:12:13,533 [INFO] 
  [5/20] 2024 | Zhang Xu-Sheng, Mandal Sema, Mohammed Ha...
2026-03-11 03:12:13,533 [INFO]     Transmission dynamics and effect of control measures on the 2022 outbreak of mpo...
2026-03-11 03:12:15,081 [INFO]     ✓ PDF téléchargé (1053 Ko)
2026-03-11 03:12:18,233 [INFO]     → formalism=NETWORK | params=1 | geos=['Royaume-Uni'] | confidence=0.80
2026-03-11 03:12:18,740 [INFO] 
  [6/20] 2024 | Houben R M A C, Newton J R, van Maanen C...
2026-03-11 03:12:18,741 [INFO]     Untangling the stranglehold through mathematical modelling of Streptococcus equi...
2026-03-11 03:12:21,839 [INFO]     ✓ PDF téléchargé (1231 Ko)
2026-03-11 03:12:24,180 [INFO]     → formalism=BAYESIAN | params=1 | geos=['Royaume-Uni', 'Suède'] | confidence=0.80
2026-03-11 03:12:24,688 [INFO] 
  [7/20] 2024 | De Gaetano Alessandro, Barrat Alain, Pao...
2026-03-11 03:12:24,688 [INFO]     Modeling the interplay between disease spread, behaviors, and disease perception...
2026-03-11 03:12:27,266 [INFO]     ✓ PDF téléchargé (3347 Ko)
2026-03-11 03:12:28,794 [INFO]     → formalism=STOCHASTIC_SIR | params=0 | geos=['Royaume-Uni', 'Italie'] | confidence=0.70
2026-03-11 03:12:29,301 [INFO] 
  [8/20] 2023 | Gressani Oswaldo, Faes Christel, Hens Ni...
2026-03-11 03:12:29,301 [INFO]     An approximate Bayesian approach for estimation of the instantaneous reproductio...
2026-03-11 03:12:30,542 [INFO]     ✓ PDF téléchargé (3755 Ko)
2026-03-11 03:12:31,932 [INFO]     → formalism=RENEWAL_EQUATION | params=1 | geos=['Canada'] | confidence=0.80
2026-03-11 03:12:32,439 [INFO] 
  [9/20] 2022 | Liu Zhiping, Jin Zhen, Yang Junyuan, Zha...
2026-03-11 03:12:32,439 [INFO]     The backward bifurcation of an age-structured cholera transmission model with sa...
2026-03-11 03:12:34,435 [INFO]     ✓ PDF téléchargé (1368 Ko)
2026-03-11 03:12:38,391 [INFO]     → formalism=SEIR | params=0 | geos=['Chine'] | confidence=0.70
2026-03-11 03:12:38,899 [INFO] 
  [10/20] 2021 | Che Eric, Numfor Eric, Lenhart Suzanne, ...
2026-03-11 03:12:38,899 [INFO]     Mathematical modeling of the influence of cultural practices on cholera infectio...
2026-03-11 03:12:40,986 [INFO]     ✓ PDF téléchargé (1388 Ko)
2026-03-11 03:12:44,594 [INFO]     → formalism=OTHER | params=1 | geos=['Cameroun'] | confidence=0.60
2026-03-11 03:12:45,098 [INFO] 
  [11/20] 2021 | Chanchaidechachai Thanicha, de Jong Mart...
2026-03-11 03:12:45,098 [INFO]     Spatial model of foot-and-mouth disease outbreak in an endemic area of Thailand....
2026-03-11 03:12:47,849 [INFO]     ✓ PDF téléchargé (3200 Ko)
2026-03-11 03:12:48,658 [INFO]     → formalism=SEIR | params=0 | geos=['Thaïlande', 'États-Unis'] | confidence=0.70
2026-03-11 03:12:49,165 [INFO] 
  [12/20] 2020 | Xue Yuyi, Xiao Yanni...
2026-03-11 03:12:49,165 [INFO]     Analysis of a multiscale HIV-1 model coupling within-host viral dynamics and bet...
2026-03-11 03:12:51,329 [INFO]     ✓ PDF téléchargé (1666 Ko)
2026-03-11 03:12:52,110 [INFO]     → formalism=OTHER | params=0 | geos=['États-Unis'] | confidence=0.50
2026-03-11 03:12:52,614 [INFO] 
  [13/20] 2017 | Tang Yilei, Xiao Dongmei, Zhang Weinian,...
2026-03-11 03:12:52,614 [INFO]     Dynamics of epidemic models with asymptomatic infection and seasonal succession....
2026-03-11 03:12:55,015 [INFO]     ✓ PDF téléchargé (2398 Ko)
2026-03-11 03:13:01,356 [INFO]     → formalism=ABM | params=0 | geos=['Chine'] | confidence=0.70
2026-03-11 03:13:01,862 [INFO] 
  [14/20] 2017 | Liu Siyu, Li Yong, Bi Yingjie, Huang Qin...
2026-03-11 03:13:01,862 [INFO]     Mixed vaccination strategy for the control of tuberculosis: A case study in Chin...
2026-03-11 03:13:03,720 [INFO]     ✓ PDF téléchargé (548 Ko)
2026-03-11 03:13:05,090 [INFO]     → formalism=ABM | params=1 | geos=['Chine', 'États-Unis'] | confidence=0.80
2026-03-11 03:13:05,598 [INFO] 
  [15/20] 2016 | Frasso Gianluca, Lambert Philippe...
2026-03-11 03:13:05,598 [INFO]     Bayesian inference in an extended SEIR model with nonparametric disease transmis...
2026-03-11 03:13:06,894 [INFO]     ✓ PDF téléchargé (1171 Ko)
2026-03-11 03:13:08,080 [INFO]     → formalism=SEIR | params=1 | geos=[] | confidence=0.60
2026-03-11 03:13:08,587 [INFO] 
  [16/20] 2015 | Goeyvaerts Nele, Willem Lander, Van Kerc...
2026-03-11 03:13:08,587 [INFO]     Estimating dynamic transmission model parameters for seasonal influenza by fitti...
2026-03-11 03:13:11,093 [INFO]     ✓ PDF téléchargé (943 Ko)
2026-03-11 03:13:13,170 [INFO]     → formalism=SEIRS | params=1 | geos=['Afrique du Sud'] | confidence=0.80
2026-03-11 03:13:13,676 [INFO] 
  [17/20] 2015 | Althaus C L, Low N, Musa E O, Shuaib F, ...
2026-03-11 03:13:13,676 [INFO]     Ebola virus disease outbreak in Nigeria: Transmission dynamics and rapid control...
2026-03-11 03:13:15,907 [INFO]     ✓ PDF téléchargé (8790 Ko)
2026-03-11 03:13:18,106 [INFO]     → formalism=SEIR | params=0 | geos=['Nigeria', 'Royaume-Uni'] | confidence=0.70
2026-03-11 03:13:18,613 [INFO] 
  [18/20] 2014 | Pawelek Kasia A, Oeldorf-Hirsch Anne, Ro...
2026-03-11 03:13:18,613 [INFO]     Modeling the impact of twitter on influenza epidemics....
2026-03-11 03:13:20,309 [INFO]     ✓ PDF téléchargé (3592 Ko)
2026-03-11 03:13:24,038 [INFO]     → formalism=SEIR | params=0 | geos=[] | confidence=0.50
2026-03-11 03:13:24,544 [INFO] 
  [19/20] 2014 | Bacaër Nicolas, Ait Dads El Hadi...
2026-03-11 03:13:24,544 [INFO]     On the probability of extinction in a periodic environment....
2026-03-11 03:13:26,863 [INFO]     ✓ PDF téléchargé (1257 Ko)
2026-03-11 03:13:32,637 [INFO]     → formalism=METAPOPULATION | params=0 | geos=['États-Unis'] | confidence=0.70
2026-03-11 03:13:33,144 [INFO] 
  [20/20] 2009 | McBryde Emma S...
2026-03-11 03:13:33,144 [INFO]     Network structure can play a role in vaccination thresholds and herd immunity: a...
2026-03-11 03:13:34,644 [INFO]     ✓ PDF téléchargé (1419 Ko)
2026-03-11 03:13:36,358 [INFO]     → formalism=ABM | params=1 | geos=['États-Unis'] | confidence=0.80
2026-03-11 03:13:36,365 [INFO]     ✓ 20 modèles insérés
2026-03-11 03:13:36,865 [INFO] 
════════════════════════════════════════════════════════════
2026-03-11 03:13:36,865 [INFO]   RAPPORT FINAL — PDF Extractor
2026-03-11 03:13:36,865 [INFO] ════════════════════════════════════════════════════════════
2026-03-11 03:13:36,865 [INFO]   Articles traités      : 20
2026-03-11 03:13:36,865 [INFO]   PDFs téléchargés      : 19
2026-03-11 03:13:36,865 [INFO]   Texte extrait OK      : 20
2026-03-11 03:13:36,866 [INFO]   Modèles créés         : 20
2026-03-11 03:13:36,866 [INFO]   Avec paramètres (β,γ) : 9
2026-03-11 03:13:36,866 [INFO]   Avec géographie       : 16
2026-03-11 03:13:36,866 [INFO]   Avec code GitHub      : 20
2026-03-11 03:13:36,866 [INFO]   Ignorés               : 0
2026-03-11 03:13:36,866 [INFO]   Erreurs               : 0
2026-03-11 03:13:36,866 [INFO] ════════════════════════════════════════════════════════════
2026-03-11 03:13:36,866 [INFO] 
  ✅ Prochaine étape : validation manuelle
2026-03-11 03:13:36,866 [INFO]      python3 pipeline_runner.py stats
2026-03-11 03:13:36,866 [INFO]      python3 pipeline_runner.py export
