2026-03-10 21:39:17,941 [INFO] Mode DRY RUN — aucune insertion en base
2026-03-10 21:39:17,941 [INFO] Clé API NCBI détectée — vitesse maximale (10 req/s)
2026-03-10 21:39:17,941 [INFO] 
════════════════════════════════════════════════════════════
2026-03-10 21:39:17,941 [INFO]   PIPOnto Pipeline PubMed — DRY RUN
2026-03-10 21:39:17,941 [INFO]   3 requêtes à traiter
2026-03-10 21:39:17,941 [INFO] ════════════════════════════════════════════════════════════

2026-03-10 21:39:17,942 [INFO] 
────────────────────────────────────────────────────────────
2026-03-10 21:39:17,942 [INFO]   Traitement : COVID-19 [COVID19]
2026-03-10 21:39:17,942 [INFO] ────────────────────────────────────────────────────────────
2026-03-10 21:39:18,962 [INFO]   ESearch : +300 PMIDs (offset=0, total=1428)
2026-03-10 21:39:19,083 [INFO]   300 PMIDs trouvés — 300 nouveaux
2026-03-10 21:39:19,083 [INFO]   EFetch lot 1 : 100 articles...
2026-03-10 21:39:23,722 [INFO]   EFetch lot 2 : 100 articles...
2026-03-10 21:39:28,028 [INFO]   EFetch lot 3 : 100 articles...
2026-03-10 21:39:33,374 [INFO]   299 articles parsés
2026-03-10 21:39:33,396 [INFO]   191 articles pertinents (score ≥ 0.3)
2026-03-10 21:39:33,396 [INFO]   DRY RUN — top 5 articles (score décroissant) :
2026-03-10 21:39:33,396 [INFO]     [0.860] 2024 | Wei Fengying, Zhou Ruiyang, Jin Zhen, Su...
2026-03-10 21:39:33,396 [INFO]            Studying the impacts of variant evolution for a generalized age-group transmissi...
2026-03-10 21:39:33,396 [INFO]     [0.800] 2025 | Ramalingam Ramesh, Gnanaprakasam Arul Jo...
2026-03-10 21:39:33,396 [INFO]            Stability and control analysis of COVID-19 spread in India using SEIR model....
2026-03-10 21:39:33,396 [INFO]     [0.800] 2023 | Zhu Youyuan, Shen Ruizhe, Dong Hao, Wang...
2026-03-10 21:39:33,396 [INFO]            Spatial heterogeneity and infection patterns on epidemic transmission disclosed ...
2026-03-10 21:39:33,396 [INFO]     [0.793] 2025 | Devi Arpita, Adak Asish, Gupta Praveen K...
2026-03-10 21:39:33,396 [INFO]            A Mathematical Model Evaluating the Impact of Asymptomatic COVID-19 Cases and Re...
2026-03-10 21:39:33,396 [INFO]     [0.760] 2024 | Kim Young Rock, Min Youngho, Okogun-Odom...
2026-03-10 21:39:33,396 [INFO]            A mathematical model of COVID-19 with multiple variants of the virus under optim...
2026-03-10 21:39:33,396 [INFO]   ✅ COVID19 terminé — insérés=0, doublons=0, score_bas=108, erreurs=0
2026-03-10 21:39:33,397 [INFO] 
────────────────────────────────────────────────────────────
2026-03-10 21:39:33,397 [INFO]   Traitement : Seasonal Influenza [SeasonalInfluenza]
2026-03-10 21:39:33,397 [INFO] ────────────────────────────────────────────────────────────
2026-03-10 21:39:34,424 [INFO]   ESearch : +200 PMIDs (offset=0, total=307)
2026-03-10 21:39:34,545 [INFO]   200 PMIDs trouvés — 200 nouveaux
2026-03-10 21:39:34,545 [INFO]   EFetch lot 1 : 100 articles...
2026-03-10 21:39:40,111 [INFO]   EFetch lot 2 : 100 articles...
2026-03-10 21:39:44,818 [INFO]   200 articles parsés
2026-03-10 21:39:44,830 [INFO]   171 articles pertinents (score ≥ 0.3)
2026-03-10 21:39:44,830 [INFO]   DRY RUN — top 5 articles (score décroissant) :
2026-03-10 21:39:44,830 [INFO]     [0.860] 2017 | Weidemann Felix, Remschmidt Cornelius, B...
2026-03-10 21:39:44,830 [INFO]            Is the impact of childhood influenza vaccination less than expected: a transmiss...
2026-03-10 21:39:44,830 [INFO]     [0.800] 2017 | Gerlier L, Lamotte M, Grenèche S, Lenne ...
2026-03-10 21:39:44,830 [INFO]            Assessment of Public Health and Economic Impact of Intranasal Live-Attenuated In...
2026-03-10 21:39:44,831 [INFO]     [0.793] 2020 | de Boer Pieter T, Backer Jantien A, van ...
2026-03-10 21:39:44,831 [INFO]            Vaccinating children against influenza: overall cost-effective with potential fo...
2026-03-10 21:39:44,831 [INFO]     [0.767] 2024 | Adenane Rim, Andreu-Vilarroig Carlos, Av...
2026-03-10 21:39:44,831 [INFO]            Calibration and comparison of SIR, SEIR/SLIR and SLAIR models for influenza dyna...
2026-03-10 21:39:44,831 [INFO]     [0.760] 2018 | Endo Akira, Nishiura Hiroshi...
2026-03-10 21:39:44,831 [INFO]            The Role of Migration in Maintaining the Transmission of Avian Influenza in Wate...
2026-03-10 21:39:44,831 [INFO]   ✅ SeasonalInfluenza terminé — insérés=0, doublons=0, score_bas=29, erreurs=0
2026-03-10 21:39:44,831 [INFO] 
────────────────────────────────────────────────────────────
2026-03-10 21:39:44,831 [INFO]   Traitement : Pandemic Influenza [PandemicInfluenza]
2026-03-10 21:39:44,831 [INFO] ────────────────────────────────────────────────────────────
2026-03-10 21:39:45,558 [INFO]   ESearch : +124 PMIDs (offset=0, total=124)
2026-03-10 21:39:45,558 [INFO]   124 PMIDs trouvés — 124 nouveaux
2026-03-10 21:39:45,559 [INFO]   EFetch lot 1 : 100 articles...
2026-03-10 21:39:49,527 [INFO]   EFetch lot 2 : 24 articles...
2026-03-10 21:39:51,229 [INFO]   124 articles parsés
2026-03-10 21:39:51,238 [INFO]   88 articles pertinents (score ≥ 0.3)
2026-03-10 21:39:51,238 [INFO]   DRY RUN — top 5 articles (score décroissant) :
2026-03-10 21:39:51,238 [INFO]     [0.742] 2010 | Chen Szu-Chieh, Liao Chung-Min...
2026-03-10 21:39:51,238 [INFO]            Probabilistic indoor transmission modeling for influenza (sub)type viruses....
2026-03-10 21:39:51,238 [INFO]     [0.733] 2019 | Smirnova Alexandra, deCamp Linda, Chowel...
2026-03-10 21:39:51,238 [INFO]            Forecasting Epidemics Through Nonparametric Estimation of Time-Dependent Transmi...
2026-03-10 21:39:51,238 [INFO]     [0.733] 2008 | Inaba Hisashi, Nishiura Hiroshi...
2026-03-10 21:39:51,238 [INFO]            The state-reproduction number for a multistate class age structured epidemic sys...
2026-03-10 21:39:51,238 [INFO]     [0.708] 2017 | Furushima Daisuke, Kawano Shoko, Ohno Yu...
2026-03-10 21:39:51,238 [INFO]            Estimation of the Basic Reproduction Number of Novel Influenza A (H1N1) pdm09 in...
2026-03-10 21:39:51,238 [INFO]     [0.700] 2013 | Chowell Gerardo, Simonsen Lone, Towers S...
2026-03-10 21:39:51,238 [INFO]            Transmission potential of influenza A/H7N9, February to May 2013, China....
2026-03-10 21:39:51,238 [INFO]   ✅ PandemicInfluenza terminé — insérés=0, doublons=0, score_bas=36, erreurs=0
2026-03-10 21:39:51,239 [INFO] 
════════════════════════════════════════════════════════════
2026-03-10 21:39:51,239 [INFO]   RAPPORT FINAL — Pipeline PubMed PIPOnto
2026-03-10 21:39:51,239 [INFO] ════════════════════════════════════════════════════════════
2026-03-10 21:39:51,239 [INFO]   Articles récupérés    : 623
2026-03-10 21:39:51,239 [INFO]   Articles pertinents   : 450
2026-03-10 21:39:51,239 [INFO]   Articles insérés en BD: 0
2026-03-10 21:39:51,239 [INFO] ────────────────────────────────────────────────────────────
2026-03-10 21:39:51,239 [INFO]   ✅ COVID19                        insérés=  0  doublons=  0  bas=108  err=0
2026-03-10 21:39:51,239 [INFO]   ✅ SeasonalInfluenza              insérés=  0  doublons=  0  bas= 29  err=0
2026-03-10 21:39:51,239 [INFO]   ✅ PandemicInfluenza              insérés=  0  doublons=  0  bas= 36  err=0
2026-03-10 21:39:51,239 [INFO] ════════════════════════════════════════════════════════════

2026-03-10 21:39:51,239 [INFO]   Statistiques exportées : /home/pacadi/piponto/data/pipeline_stats_20260310_213951.csv
